

Microchip MPLAB XC8 Assembler V2.10 build 88905656 
                                                                                               Sat Mar 14 11:26:02 2020

Microchip MPLAB XC8 C Compiler v2.10 (Free license) build 20190730164152 Og1 
     1                           	processor	16F887
     2                           	opt	pw 120
     3                           	opt	flic
     4                           	psect	nvBANK0,global,class=BANK0,space=1,delta=1
     5                           	psect	cinit,global,class=CODE,merge=1,delta=2
     6                           	psect	bssCOMMON,global,class=COMMON,space=1,delta=1
     7                           	psect	bssBANK0,global,class=BANK0,space=1,delta=1
     8                           	psect	cstackCOMMON,global,class=COMMON,space=1,delta=1
     9                           	psect	cstackBANK0,global,class=BANK0,space=1,delta=1
    10                           	psect	maintext,global,class=CODE,split=1,delta=2
    11                           	psect	text1,local,class=CODE,merge=1,delta=2
    12                           	psect	text2,local,class=CODE,merge=1,delta=2
    13                           	psect	text3,local,class=CODE,merge=1,delta=2
    14                           	psect	intentry,global,class=CODE,delta=2
    15                           	dabs	1,0x7E,2
    16  0000                     
    17                           ; Version 2.10
    18                           ; Generated 31/07/2019 GMT
    19                           ; 
    20                           ; Copyright © 2019, Microchip Technology Inc. and its subsidiaries ("Microchip")
    21                           ; All rights reserved.
    22                           ; 
    23                           ; This software is developed by Microchip Technology Inc. and its subsidiaries ("Microch
      +                          ip").
    24                           ; 
    25                           ; Redistribution and use in source and binary forms, with or without modification, are
    26                           ; permitted provided that the following conditions are met:
    27                           ; 
    28                           ;     1. Redistributions of source code must retain the above copyright notice, this lis
      +                          t of
    29                           ;        conditions and the following disclaimer.
    30                           ; 
    31                           ;     2. Redistributions in binary form must reproduce the above copyright notice, this 
      +                          list
    32                           ;        of conditions and the following disclaimer in the documentation and/or other
    33                           ;        materials provided with the distribution.
    34                           ; 
    35                           ;     3. Microchip's name may not be used to endorse or promote products derived from th
      +                          is
    36                           ;        software without specific prior written permission.
    37                           ; 
    38                           ; THIS SOFTWARE IS PROVIDED BY MICROCHIP "AS IS" AND ANY EXPRESS OR IMPLIED WARRANTIES,
    39                           ; INCLUDING, BUT NOT LIMITED TO, THE IMPLIED WARRANTIES OF MERCHANTABILITY AND FITNESS F
      +                          OR
    40                           ; PURPOSE ARE DISCLAIMED.  IN NO EVENT SHALL MICROCHIP BE LIABLE FOR ANY DIRECT, INDIREC
      +                          T,
    41                           ; INCIDENTAL, SPECIAL, EXEMPLARY, OR CONSEQUENTIAL DAMAGES (INCLUDING BUT NOT LIMITED TO
    42                           ; PROCUREMENT OF SUBSTITUTE GOODS OR SERVICES; LOSS OF USE, DATA OR PROFITS; OR BUSINESS
    43                           ; INTERRUPTION) HOWSOEVER CAUSED AND ON ANY THEORY OF LIABILITY, WHETHER IN CONTRACT, ST
      +                          RICT
    44                           ; LIABILITY, OR TORT (INCLUDING NEGLIGENCE OR OTHERWISE) ARISING IN ANY WAY OUT OF THE U
      +                          SE OF
    45                           ; THIS SOFTWARE, EVEN IF ADVISED OF THE POSSIBILITY OF SUCH DAMAGE.
    46                           ; 
    47                           ; 
    48                           ; Code-generator required, PIC16F887 Definitions
    49                           ; 
    50                           ; SFR Addresses
    51  0000                     	;# 
    52  0001                     	;# 
    53  0002                     	;# 
    54  0003                     	;# 
    55  0004                     	;# 
    56  0005                     	;# 
    57  0006                     	;# 
    58  0007                     	;# 
    59  0008                     	;# 
    60  0009                     	;# 
    61  000A                     	;# 
    62  000B                     	;# 
    63  000C                     	;# 
    64  000D                     	;# 
    65  000E                     	;# 
    66  000E                     	;# 
    67  000F                     	;# 
    68  0010                     	;# 
    69  0011                     	;# 
    70  0012                     	;# 
    71  0013                     	;# 
    72  0014                     	;# 
    73  0015                     	;# 
    74  0015                     	;# 
    75  0016                     	;# 
    76  0017                     	;# 
    77  0018                     	;# 
    78  0019                     	;# 
    79  001A                     	;# 
    80  001B                     	;# 
    81  001B                     	;# 
    82  001C                     	;# 
    83  001D                     	;# 
    84  001E                     	;# 
    85  001F                     	;# 
    86  0081                     	;# 
    87  0085                     	;# 
    88  0086                     	;# 
    89  0087                     	;# 
    90  0088                     	;# 
    91  0089                     	;# 
    92  008C                     	;# 
    93  008D                     	;# 
    94  008E                     	;# 
    95  008F                     	;# 
    96  0090                     	;# 
    97  0091                     	;# 
    98  0092                     	;# 
    99  0093                     	;# 
   100  0093                     	;# 
   101  0093                     	;# 
   102  0094                     	;# 
   103  0095                     	;# 
   104  0096                     	;# 
   105  0097                     	;# 
   106  0098                     	;# 
   107  0099                     	;# 
   108  009A                     	;# 
   109  009B                     	;# 
   110  009C                     	;# 
   111  009D                     	;# 
   112  009E                     	;# 
   113  009F                     	;# 
   114  0105                     	;# 
   115  0107                     	;# 
   116  0108                     	;# 
   117  0109                     	;# 
   118  010C                     	;# 
   119  010C                     	;# 
   120  010D                     	;# 
   121  010E                     	;# 
   122  010F                     	;# 
   123  0185                     	;# 
   124  0187                     	;# 
   125  0188                     	;# 
   126  0189                     	;# 
   127  018C                     	;# 
   128  018D                     	;# 
   129  0000                     	;# 
   130  0001                     	;# 
   131  0002                     	;# 
   132  0003                     	;# 
   133  0004                     	;# 
   134  0005                     	;# 
   135  0006                     	;# 
   136  0007                     	;# 
   137  0008                     	;# 
   138  0009                     	;# 
   139  000A                     	;# 
   140  000B                     	;# 
   141  000C                     	;# 
   142  000D                     	;# 
   143  000E                     	;# 
   144  000E                     	;# 
   145  000F                     	;# 
   146  0010                     	;# 
   147  0011                     	;# 
   148  0012                     	;# 
   149  0013                     	;# 
   150  0014                     	;# 
   151  0015                     	;# 
   152  0015                     	;# 
   153  0016                     	;# 
   154  0017                     	;# 
   155  0018                     	;# 
   156  0019                     	;# 
   157  001A                     	;# 
   158  001B                     	;# 
   159  001B                     	;# 
   160  001C                     	;# 
   161  001D                     	;# 
   162  001E                     	;# 
   163  001F                     	;# 
   164  0081                     	;# 
   165  0085                     	;# 
   166  0086                     	;# 
   167  0087                     	;# 
   168  0088                     	;# 
   169  0089                     	;# 
   170  008C                     	;# 
   171  008D                     	;# 
   172  008E                     	;# 
   173  008F                     	;# 
   174  0090                     	;# 
   175  0091                     	;# 
   176  0092                     	;# 
   177  0093                     	;# 
   178  0093                     	;# 
   179  0093                     	;# 
   180  0094                     	;# 
   181  0095                     	;# 
   182  0096                     	;# 
   183  0097                     	;# 
   184  0098                     	;# 
   185  0099                     	;# 
   186  009A                     	;# 
   187  009B                     	;# 
   188  009C                     	;# 
   189  009D                     	;# 
   190  009E                     	;# 
   191  009F                     	;# 
   192  0105                     	;# 
   193  0107                     	;# 
   194  0108                     	;# 
   195  0109                     	;# 
   196  010C                     	;# 
   197  010C                     	;# 
   198  010D                     	;# 
   199  010E                     	;# 
   200  010F                     	;# 
   201  0185                     	;# 
   202  0187                     	;# 
   203  0188                     	;# 
   204  0189                     	;# 
   205  018C                     	;# 
   206  018D                     	;# 
   207  0000                     	;# 
   208  0001                     	;# 
   209  0002                     	;# 
   210  0003                     	;# 
   211  0004                     	;# 
   212  0005                     	;# 
   213  0006                     	;# 
   214  0007                     	;# 
   215  0008                     	;# 
   216  0009                     	;# 
   217  000A                     	;# 
   218  000B                     	;# 
   219  000C                     	;# 
   220  000D                     	;# 
   221  000E                     	;# 
   222  000E                     	;# 
   223  000F                     	;# 
   224  0010                     	;# 
   225  0011                     	;# 
   226  0012                     	;# 
   227  0013                     	;# 
   228  0014                     	;# 
   229  0015                     	;# 
   230  0015                     	;# 
   231  0016                     	;# 
   232  0017                     	;# 
   233  0018                     	;# 
   234  0019                     	;# 
   235  001A                     	;# 
   236  001B                     	;# 
   237  001B                     	;# 
   238  001C                     	;# 
   239  001D                     	;# 
   240  001E                     	;# 
   241  001F                     	;# 
   242  0081                     	;# 
   243  0085                     	;# 
   244  0086                     	;# 
   245  0087                     	;# 
   246  0088                     	;# 
   247  0089                     	;# 
   248  008C                     	;# 
   249  008D                     	;# 
   250  008E                     	;# 
   251  008F                     	;# 
   252  0090                     	;# 
   253  0091                     	;# 
   254  0092                     	;# 
   255  0093                     	;# 
   256  0093                     	;# 
   257  0093                     	;# 
   258  0094                     	;# 
   259  0095                     	;# 
   260  0096                     	;# 
   261  0097                     	;# 
   262  0098                     	;# 
   263  0099                     	;# 
   264  009A                     	;# 
   265  009B                     	;# 
   266  009C                     	;# 
   267  009D                     	;# 
   268  009E                     	;# 
   269  009F                     	;# 
   270  0105                     	;# 
   271  0107                     	;# 
   272  0108                     	;# 
   273  0109                     	;# 
   274  010C                     	;# 
   275  010C                     	;# 
   276  010D                     	;# 
   277  010E                     	;# 
   278  010F                     	;# 
   279  0185                     	;# 
   280  0187                     	;# 
   281  0188                     	;# 
   282  0189                     	;# 
   283  018C                     	;# 
   284  018D                     	;# 
   285  0000                     	;# 
   286  0001                     	;# 
   287  0002                     	;# 
   288  0003                     	;# 
   289  0004                     	;# 
   290  0005                     	;# 
   291  0006                     	;# 
   292  0007                     	;# 
   293  0008                     	;# 
   294  0009                     	;# 
   295  000A                     	;# 
   296  000B                     	;# 
   297  000C                     	;# 
   298  000D                     	;# 
   299  000E                     	;# 
   300  000E                     	;# 
   301  000F                     	;# 
   302  0010                     	;# 
   303  0011                     	;# 
   304  0012                     	;# 
   305  0013                     	;# 
   306  0014                     	;# 
   307  0015                     	;# 
   308  0015                     	;# 
   309  0016                     	;# 
   310  0017                     	;# 
   311  0018                     	;# 
   312  0019                     	;# 
   313  001A                     	;# 
   314  001B                     	;# 
   315  001B                     	;# 
   316  001C                     	;# 
   317  001D                     	;# 
   318  001E                     	;# 
   319  001F                     	;# 
   320  0081                     	;# 
   321  0085                     	;# 
   322  0086                     	;# 
   323  0087                     	;# 
   324  0088                     	;# 
   325  0089                     	;# 
   326  008C                     	;# 
   327  008D                     	;# 
   328  008E                     	;# 
   329  008F                     	;# 
   330  0090                     	;# 
   331  0091                     	;# 
   332  0092                     	;# 
   333  0093                     	;# 
   334  0093                     	;# 
   335  0093                     	;# 
   336  0094                     	;# 
   337  0095                     	;# 
   338  0096                     	;# 
   339  0097                     	;# 
   340  0098                     	;# 
   341  0099                     	;# 
   342  009A                     	;# 
   343  009B                     	;# 
   344  009C                     	;# 
   345  009D                     	;# 
   346  009E                     	;# 
   347  009F                     	;# 
   348  0105                     	;# 
   349  0107                     	;# 
   350  0108                     	;# 
   351  0109                     	;# 
   352  010C                     	;# 
   353  010C                     	;# 
   354  010D                     	;# 
   355  010E                     	;# 
   356  010F                     	;# 
   357  0185                     	;# 
   358  0187                     	;# 
   359  0188                     	;# 
   360  0189                     	;# 
   361  018C                     	;# 
   362  018D                     	;# 
   363  0000                     	;# 
   364  0001                     	;# 
   365  0002                     	;# 
   366  0003                     	;# 
   367  0004                     	;# 
   368  0005                     	;# 
   369  0006                     	;# 
   370  0007                     	;# 
   371  0008                     	;# 
   372  0009                     	;# 
   373  000A                     	;# 
   374  000B                     	;# 
   375  000C                     	;# 
   376  000D                     	;# 
   377  000E                     	;# 
   378  000E                     	;# 
   379  000F                     	;# 
   380  0010                     	;# 
   381  0011                     	;# 
   382  0012                     	;# 
   383  0013                     	;# 
   384  0014                     	;# 
   385  0015                     	;# 
   386  0015                     	;# 
   387  0016                     	;# 
   388  0017                     	;# 
   389  0018                     	;# 
   390  0019                     	;# 
   391  001A                     	;# 
   392  001B                     	;# 
   393  001B                     	;# 
   394  001C                     	;# 
   395  001D                     	;# 
   396  001E                     	;# 
   397  001F                     	;# 
   398  0081                     	;# 
   399  0085                     	;# 
   400  0086                     	;# 
   401  0087                     	;# 
   402  0088                     	;# 
   403  0089                     	;# 
   404  008C                     	;# 
   405  008D                     	;# 
   406  008E                     	;# 
   407  008F                     	;# 
   408  0090                     	;# 
   409  0091                     	;# 
   410  0092                     	;# 
   411  0093                     	;# 
   412  0093                     	;# 
   413  0093                     	;# 
   414  0094                     	;# 
   415  0095                     	;# 
   416  0096                     	;# 
   417  0097                     	;# 
   418  0098                     	;# 
   419  0099                     	;# 
   420  009A                     	;# 
   421  009B                     	;# 
   422  009C                     	;# 
   423  009D                     	;# 
   424  009E                     	;# 
   425  009F                     	;# 
   426  0105                     	;# 
   427  0107                     	;# 
   428  0108                     	;# 
   429  0109                     	;# 
   430  010C                     	;# 
   431  010C                     	;# 
   432  010D                     	;# 
   433  010E                     	;# 
   434  010F                     	;# 
   435  0185                     	;# 
   436  0187                     	;# 
   437  0188                     	;# 
   438  0189                     	;# 
   439  018C                     	;# 
   440  018D                     	;# 
   441                           
   442                           	psect	nvBANK0
   443  0023                     __pnvBANK0:	
   444  0023                     _NETO_X:	
   445  0023                     	ds	2
   446  0014                     _SSPCON	set	20
   447  0009                     _PORTE	set	9
   448  0008                     _PORTD	set	8
   449  0007                     _PORTC	set	7
   450  0006                     _PORTB	set	6
   451  001E                     _ADRESH	set	30
   452  001F                     _ADCON0bits	set	31
   453  0008                     _PORTDbits	set	8
   454  0013                     _SSPBUF	set	19
   455  0014                     _SSPCONbits	set	20
   456  000C                     _PIR1bits	set	12
   457  0001                     _TMR0	set	1
   458  000B                     _INTCONbits	set	11
   459  0063                     _SSPIF	set	99
   460  005E                     _PEIE	set	94
   461  005F                     _GIE	set	95
   462  0091                     _SSPCON2bits	set	145
   463  0087                     _TRISCbits	set	135
   464  0094                     _SSPSTAT	set	148
   465  0093                     _SSPADD	set	147
   466  0091                     _SSPCON2	set	145
   467  009F                     _ADCON1bits	set	159
   468  0081                     _OPTION_REGbits	set	129
   469  0089                     _TRISE	set	137
   470  0088                     _TRISD	set	136
   471  0087                     _TRISC	set	135
   472  0086                     _TRISB	set	134
   473  0085                     _TRISA	set	133
   474  0094                     _SSPSTATbits	set	148
   475  0463                     _SSPIE	set	1123
   476  043C                     _TRISC4	set	1084
   477  043B                     _TRISC3	set	1083
   478  04A0                     _BF	set	1184
   479  0189                     _ANSELH	set	393
   480  0188                     _ANSEL	set	392
   481                           
   482                           ; #config settings
   483  0000                     
   484                           	psect	cinit
   485  000F                     start_initialization:	
   486  000F                     __initialization:	
   487                           
   488                           ; Clear objects allocated to COMMON
   489  000F  01F0               	clrf	__pbssCOMMON& (0+127)
   490  0010  01F1               	clrf	(__pbssCOMMON+1)& (0+127)
   491  0011  01F2               	clrf	(__pbssCOMMON+2)& (0+127)
   492  0012  01F3               	clrf	(__pbssCOMMON+3)& (0+127)
   493  0013  01F4               	clrf	(__pbssCOMMON+4)& (0+127)
   494  0014  01F5               	clrf	(__pbssCOMMON+5)& (0+127)
   495  0015  01F6               	clrf	(__pbssCOMMON+6)& (0+127)
   496  0016  01F7               	clrf	(__pbssCOMMON+7)& (0+127)
   497  0017  01F8               	clrf	(__pbssCOMMON+8)& (0+127)
   498                           
   499                           ; Clear objects allocated to BANK0
   500  0018  1283               	bcf	3,5	;RP0=0, select bank0
   501  0019  1303               	bcf	3,6	;RP1=0, select bank0
   502  001A  01A0               	clrf	__pbssBANK0& (0+127)
   503  001B  01A1               	clrf	(__pbssBANK0+1)& (0+127)
   504  001C  01A2               	clrf	(__pbssBANK0+2)& (0+127)
   505  001D                     end_of_initialization:	
   506                           ;End of C runtime variable initialization code
   507                           
   508  001D                     __end_of__initialization:	
   509  001D  0183               	clrf	3
   510  001E  120A  118A  2821   	ljmp	_main	;jump to C main() function
   511                           
   512                           	psect	bssCOMMON
   513  0070                     __pbssCOMMON:	
   514  0070                     _POSICION:	
   515  0070                     	ds	1
   516  0071                     _z:	
   517  0071                     	ds	1
   518  0072                     _TIME_UP:	
   519  0072                     	ds	1
   520  0073                     _TC:	
   521  0073                     	ds	1
   522  0074                     _UP_TIME:	
   523  0074                     	ds	1
   524  0075                     _ADCAN1:	
   525  0075                     	ds	1
   526  0076                     _ADCAN0:	
   527  0076                     	ds	1
   528  0077                     _eADC:	
   529  0077                     	ds	1
   530  0078                     _cambiante:	
   531  0078                     	ds	1
   532                           
   533                           	psect	bssBANK0
   534  0020                     __pbssBANK0:	
   535  0020                     _AGREGADO:	
   536  0020                     	ds	2
   537  0022                     _REC:	
   538  0022                     	ds	1
   539                           
   540                           	psect	cstackCOMMON
   541  0079                     __pcstackCOMMON:	
   542  0079                     ?_setup:	
   543  0079                     ?_CONFIG_ADC:	
   544                           ; 1 bytes @ 0x0
   545                           
   546  0079                     ?_isr:	
   547                           ; 1 bytes @ 0x0
   548                           
   549  0079                     ??_isr:	
   550                           ; 1 bytes @ 0x0
   551                           
   552  0079                     ?_main:	
   553                           ; 1 bytes @ 0x0
   554                           
   555                           
   556                           ; 1 bytes @ 0x0
   557  0079                     	ds	3
   558                           
   559                           	psect	cstackBANK0
   560  0025                     __pcstackBANK0:	
   561  0025                     ??_setup:	
   562  0025                     ??_CONFIG_ADC:	
   563                           ; 1 bytes @ 0x0
   564                           
   565  0025                     ??_main:	
   566                           ; 1 bytes @ 0x0
   567                           
   568                           
   569                           ; 1 bytes @ 0x0
   570  0025                     	ds	2
   571                           
   572                           	psect	maintext
   573  0021                     __pmaintext:	
   574 ;;
   575 ;;Main: autosize = 0, tempsize = 2, incstack = 0, save=0
   576 ;;
   577 ;; *************** function _main *****************
   578 ;; Defined at:
   579 ;;		line 70 in file "main.c"
   580 ;; Parameters:    Size  Location     Type
   581 ;;		None
   582 ;; Auto vars:     Size  Location     Type
   583 ;;		None
   584 ;; Return value:  Size  Location     Type
   585 ;;                  1    wreg      void 
   586 ;; Registers used:
   587 ;;		wreg, status,2, status,0, pclath, cstack
   588 ;; Tracked objects:
   589 ;;		On entry : B00/0
   590 ;;		On exit  : 0/0
   591 ;;		Unchanged: 0/0
   592 ;; Data sizes:     COMMON   BANK0   BANK1   BANK3   BANK2
   593 ;;      Params:         0       0       0       0       0
   594 ;;      Locals:         0       0       0       0       0
   595 ;;      Temps:          0       2       0       0       0
   596 ;;      Totals:         0       2       0       0       0
   597 ;;Total ram usage:        2 bytes
   598 ;; Hardware stack levels required when called:    2
   599 ;; This function calls:
   600 ;;		_CONFIG_ADC
   601 ;;		_setup
   602 ;; This function is called by:
   603 ;;		Startup code after reset
   604 ;; This function uses a non-reentrant model
   605 ;;
   606                           
   607                           
   608                           ;psect for function _main
   609  0021                     _main:	
   610  0021                     l1240:	
   611                           ;incstack = 0
   612                           ; Regs used in _main: [wreg+status,2+status,0+pclath+cstack]
   613                           
   614                           
   615                           ;main.c: 71: setup();
   616  0021  120A  118A  215A  120A  118A  	fcall	_setup
   617  0026                     l1242:	
   618                           
   619                           ;main.c: 72: NETO_X = 3;
   620  0026  3003               	movlw	3
   621  0027  1283               	bcf	3,5	;RP0=0, select bank0
   622  0028  1303               	bcf	3,6	;RP1=0, select bank0
   623  0029  00A3               	movwf	_NETO_X
   624  002A  3000               	movlw	0
   625  002B  00A4               	movwf	_NETO_X+1
   626                           
   627                           ;main.c: 73: CONFIG_ADC();
   628  002C  120A  118A  217E  120A  118A  	fcall	_CONFIG_ADC
   629  0031                     l1244:	
   630                           
   631                           ;main.c: 74: PORTDbits.RD0 = 1;
   632  0031  1283               	bcf	3,5	;RP0=0, select bank0
   633  0032  1303               	bcf	3,6	;RP1=0, select bank0
   634  0033  1408               	bsf	8,0	;volatile
   635  0034                     l1246:	
   636                           
   637                           ;main.c: 76: if (TC == 10){
   638  0034  300A               	movlw	10
   639  0035  0673               	xorwf	_TC,w
   640  0036  1D03               	btfss	3,2
   641  0037  2839               	goto	u661
   642  0038  283A               	goto	u660
   643  0039                     u661:	
   644  0039  2858               	goto	l1268
   645  003A                     u660:	
   646  003A                     l1248:	
   647                           
   648                           ;main.c: 77: TC = 0;
   649  003A  01F3               	clrf	_TC
   650  003B                     l1250:	
   651                           
   652                           ;main.c: 78: if (cambiante == 0){ADCON0bits.CHS0 = 1;}
   653  003B  0878               	movf	_cambiante,w
   654  003C  1D03               	btfss	3,2
   655  003D  283F               	goto	u671
   656  003E  2840               	goto	u670
   657  003F                     u671:	
   658  003F  2841               	goto	l1254
   659  0040                     u670:	
   660  0040                     l1252:	
   661  0040  151F               	bsf	31,2	;volatile
   662  0041                     l1254:	
   663                           
   664                           ;main.c: 79: if (cambiante == 1){ADCON0bits.CHS0 = 0;}
   665  0041  0378               	decf	_cambiante,w
   666  0042  1D03               	btfss	3,2
   667  0043  2845               	goto	u681
   668  0044  2846               	goto	u680
   669  0045                     u681:	
   670  0045  2847               	goto	l1258
   671  0046                     u680:	
   672  0046                     l1256:	
   673  0046  111F               	bcf	31,2	;volatile
   674  0047                     l1258:	
   675                           
   676                           ;main.c: 80: cambiante++;
   677  0047  3001               	movlw	1
   678  0048  00A5               	movwf	??_main
   679  0049  0825               	movf	??_main,w
   680  004A  07F8               	addwf	_cambiante,f
   681  004B                     l1260:	
   682                           
   683                           ;main.c: 81: if (cambiante > 1){cambiante = 0;}
   684  004B  3002               	movlw	2
   685  004C  0278               	subwf	_cambiante,w
   686  004D  1C03               	skipc
   687  004E  2850               	goto	u691
   688  004F  2851               	goto	u690
   689  0050                     u691:	
   690  0050  2852               	goto	l1264
   691  0051                     u690:	
   692  0051                     l1262:	
   693  0051  01F8               	clrf	_cambiante
   694  0052                     l1264:	
   695                           
   696                           ;main.c: 82: if (ADCON0bits.GO_DONE == 0){eADC = 1;}}
   697  0052  189F               	btfsc	31,1	;volatile
   698  0053  2855               	goto	u701
   699  0054  2856               	goto	u700
   700  0055                     u701:	
   701  0055  2858               	goto	l1268
   702  0056                     u700:	
   703  0056                     l1266:	
   704  0056  01F7               	clrf	_eADC
   705  0057  0AF7               	incf	_eADC,f
   706  0058                     l1268:	
   707                           
   708                           ;main.c: 83: if (TIME_UP == 80){
   709  0058  3050               	movlw	80
   710  0059  0672               	xorwf	_TIME_UP,w
   711  005A  1D03               	btfss	3,2
   712  005B  285D               	goto	u711
   713  005C  285E               	goto	u710
   714  005D                     u711:	
   715  005D  28B9               	goto	l1306
   716  005E                     u710:	
   717  005E                     l1270:	
   718                           
   719                           ;main.c: 84: TIME_UP = 0;
   720  005E  01F2               	clrf	_TIME_UP
   721  005F                     l1272:	
   722                           
   723                           ;main.c: 85: PORTDbits.RD0 = 1;
   724  005F  1408               	bsf	8,0	;volatile
   725  0060                     l1274:	
   726                           
   727                           ;main.c: 86: if (ADCAN0 < 42){AGREGADO = 0;}
   728  0060  302A               	movlw	42
   729  0061  0276               	subwf	_ADCAN0,w
   730  0062  1803               	skipnc
   731  0063  2865               	goto	u721
   732  0064  2866               	goto	u720
   733  0065                     u721:	
   734  0065  2869               	goto	l1278
   735  0066                     u720:	
   736  0066                     l1276:	
   737  0066  01A0               	clrf	_AGREGADO
   738  0067  01A1               	clrf	_AGREGADO+1
   739  0068  28B1               	goto	l1304
   740  0069                     l1278:	
   741                           
   742                           ;main.c: 87: else if (ADCAN0 > 42 && ADCAN0 < 84){AGREGADO = 1;}
   743  0069  302B               	movlw	43
   744  006A  0276               	subwf	_ADCAN0,w
   745  006B  1C03               	skipc
   746  006C  286E               	goto	u731
   747  006D  286F               	goto	u730
   748  006E                     u731:	
   749  006E  287A               	goto	l1284
   750  006F                     u730:	
   751  006F                     l1280:	
   752  006F  3054               	movlw	84
   753  0070  0276               	subwf	_ADCAN0,w
   754  0071  1803               	skipnc
   755  0072  2874               	goto	u741
   756  0073  2875               	goto	u740
   757  0074                     u741:	
   758  0074  287A               	goto	l1284
   759  0075                     u740:	
   760  0075                     l1282:	
   761  0075  3001               	movlw	1
   762  0076  00A0               	movwf	_AGREGADO
   763  0077  3000               	movlw	0
   764  0078  00A1               	movwf	_AGREGADO+1
   765  0079  28B1               	goto	l1304
   766  007A                     l1284:	
   767                           
   768                           ;main.c: 88: else if (ADCAN0 > 84 && ADCAN0 < 126){AGREGADO = 2;}
   769  007A  3055               	movlw	85
   770  007B  0276               	subwf	_ADCAN0,w
   771  007C  1C03               	skipc
   772  007D  287F               	goto	u751
   773  007E  2880               	goto	u750
   774  007F                     u751:	
   775  007F  288B               	goto	l1290
   776  0080                     u750:	
   777  0080                     l1286:	
   778  0080  307E               	movlw	126
   779  0081  0276               	subwf	_ADCAN0,w
   780  0082  1803               	skipnc
   781  0083  2885               	goto	u761
   782  0084  2886               	goto	u760
   783  0085                     u761:	
   784  0085  288B               	goto	l1290
   785  0086                     u760:	
   786  0086                     l1288:	
   787  0086  3002               	movlw	2
   788  0087  00A0               	movwf	_AGREGADO
   789  0088  3000               	movlw	0
   790  0089  00A1               	movwf	_AGREGADO+1
   791  008A  28B1               	goto	l1304
   792  008B                     l1290:	
   793                           
   794                           ;main.c: 89: else if (ADCAN0 > 126 && ADCAN0 <168){AGREGADO = 3;}
   795  008B  307F               	movlw	127
   796  008C  0276               	subwf	_ADCAN0,w
   797  008D  1C03               	skipc
   798  008E  2890               	goto	u771
   799  008F  2891               	goto	u770
   800  0090                     u771:	
   801  0090  289C               	goto	l1296
   802  0091                     u770:	
   803  0091                     l1292:	
   804  0091  30A8               	movlw	168
   805  0092  0276               	subwf	_ADCAN0,w
   806  0093  1803               	skipnc
   807  0094  2896               	goto	u781
   808  0095  2897               	goto	u780
   809  0096                     u781:	
   810  0096  289C               	goto	l1296
   811  0097                     u780:	
   812  0097                     l1294:	
   813  0097  3003               	movlw	3
   814  0098  00A0               	movwf	_AGREGADO
   815  0099  3000               	movlw	0
   816  009A  00A1               	movwf	_AGREGADO+1
   817  009B  28B1               	goto	l1304
   818  009C                     l1296:	
   819                           
   820                           ;main.c: 90: else if (ADCAN0 > 168 && ADCAN0 <215){AGREGADO = 4;}
   821  009C  30A9               	movlw	169
   822  009D  0276               	subwf	_ADCAN0,w
   823  009E  1C03               	skipc
   824  009F  28A1               	goto	u791
   825  00A0  28A2               	goto	u790
   826  00A1                     u791:	
   827  00A1  28AD               	goto	l1302
   828  00A2                     u790:	
   829  00A2                     l1298:	
   830  00A2  30D7               	movlw	215
   831  00A3  0276               	subwf	_ADCAN0,w
   832  00A4  1803               	skipnc
   833  00A5  28A7               	goto	u801
   834  00A6  28A8               	goto	u800
   835  00A7                     u801:	
   836  00A7  28AD               	goto	l1302
   837  00A8                     u800:	
   838  00A8                     l1300:	
   839  00A8  3004               	movlw	4
   840  00A9  00A0               	movwf	_AGREGADO
   841  00AA  3000               	movlw	0
   842  00AB  00A1               	movwf	_AGREGADO+1
   843  00AC  28B1               	goto	l1304
   844  00AD                     l1302:	
   845                           
   846                           ;main.c: 91: else {AGREGADO = 5;}
   847  00AD  3005               	movlw	5
   848  00AE  00A0               	movwf	_AGREGADO
   849  00AF  3000               	movlw	0
   850  00B0  00A1               	movwf	_AGREGADO+1
   851  00B1                     l1304:	
   852                           
   853                           ;main.c: 92: NETO_X = AGREGADO + 2;
   854  00B1  0820               	movf	_AGREGADO,w
   855  00B2  3E02               	addlw	2
   856  00B3  00A3               	movwf	_NETO_X
   857  00B4  0821               	movf	_AGREGADO+1,w
   858  00B5  1803               	skipnc
   859  00B6  3E01               	addlw	1
   860  00B7  3E00               	addlw	0
   861  00B8  00A4               	movwf	_NETO_X+1
   862  00B9                     l1306:	
   863                           
   864                           ;main.c: 93: };main.c: 94: if (TIME_UP > NETO_X){
   865  00B9  0872               	movf	_TIME_UP,w
   866  00BA  00A5               	movwf	??_main
   867  00BB  01A6               	clrf	??_main+1
   868  00BC  0826               	movf	??_main+1,w
   869  00BD  0224               	subwf	_NETO_X+1,w
   870  00BE  1D03               	skipz
   871  00BF  28C2               	goto	u815
   872  00C0  0825               	movf	??_main,w
   873  00C1  0223               	subwf	_NETO_X,w
   874  00C2                     u815:	
   875  00C2  1803               	skipnc
   876  00C3  28C5               	goto	u811
   877  00C4  28C6               	goto	u810
   878  00C5                     u811:	
   879  00C5  28C7               	goto	l1310
   880  00C6                     u810:	
   881  00C6                     l1308:	
   882                           
   883                           ;main.c: 95: PORTDbits.RD0 = 0;}
   884  00C6  1008               	bcf	8,0	;volatile
   885  00C7                     l1310:	
   886                           
   887                           ;main.c: 96: if (eADC == 1){
   888  00C7  0377               	decf	_eADC,w
   889  00C8  1D03               	btfss	3,2
   890  00C9  28CB               	goto	u821
   891  00CA  28CC               	goto	u820
   892  00CB                     u821:	
   893  00CB  2834               	goto	l1246
   894  00CC                     u820:	
   895  00CC                     l1312:	
   896                           
   897                           ;main.c: 97: eADC = 0;
   898  00CC  01F7               	clrf	_eADC
   899  00CD                     l1314:	
   900                           
   901                           ;main.c: 98: if (cambiante == 0){ADCAN0 = ADRESH;}
   902  00CD  0878               	movf	_cambiante,w
   903  00CE  1D03               	btfss	3,2
   904  00CF  28D1               	goto	u831
   905  00D0  28D2               	goto	u830
   906  00D1                     u831:	
   907  00D1  28D6               	goto	l1318
   908  00D2                     u830:	
   909  00D2                     l1316:	
   910  00D2  081E               	movf	30,w	;volatile
   911  00D3  00A5               	movwf	??_main
   912  00D4  0825               	movf	??_main,w
   913  00D5  00F6               	movwf	_ADCAN0
   914  00D6                     l1318:	
   915                           
   916                           ;main.c: 99: if (cambiante == 1){ADCAN1 = ADRESH;}
   917  00D6  0378               	decf	_cambiante,w
   918  00D7  1D03               	btfss	3,2
   919  00D8  28DA               	goto	u841
   920  00D9  28DB               	goto	u840
   921  00DA                     u841:	
   922  00DA  28DF               	goto	l1322
   923  00DB                     u840:	
   924  00DB                     l1320:	
   925  00DB  081E               	movf	30,w	;volatile
   926  00DC  00A5               	movwf	??_main
   927  00DD  0825               	movf	??_main,w
   928  00DE  00F5               	movwf	_ADCAN1
   929  00DF                     l1322:	
   930                           
   931                           ;main.c: 100: ADCON0bits.GO_DONE = 1;}
   932  00DF  149F               	bsf	31,1	;volatile
   933  00E0  2834               	goto	l1246
   934  00E1  120A  118A  280C   	ljmp	start
   935  00E4                     __end_of_main:	
   936                           
   937                           	psect	text1
   938  015A                     __ptext1:	
   939 ;; *************** function _setup *****************
   940 ;; Defined at:
   941 ;;		line 104 in file "main.c"
   942 ;; Parameters:    Size  Location     Type
   943 ;;		None
   944 ;; Auto vars:     Size  Location     Type
   945 ;;		None
   946 ;; Return value:  Size  Location     Type
   947 ;;                  1    wreg      void 
   948 ;; Registers used:
   949 ;;		wreg, status,2
   950 ;; Tracked objects:
   951 ;;		On entry : 0/0
   952 ;;		On exit  : 0/0
   953 ;;		Unchanged: 0/0
   954 ;; Data sizes:     COMMON   BANK0   BANK1   BANK3   BANK2
   955 ;;      Params:         0       0       0       0       0
   956 ;;      Locals:         0       0       0       0       0
   957 ;;      Temps:          0       0       0       0       0
   958 ;;      Totals:         0       0       0       0       0
   959 ;;Total ram usage:        0 bytes
   960 ;; Hardware stack levels used:    1
   961 ;; Hardware stack levels required when called:    1
   962 ;; This function calls:
   963 ;;		Nothing
   964 ;; This function is called by:
   965 ;;		_main
   966 ;; This function uses a non-reentrant model
   967 ;;
   968                           
   969                           
   970                           ;psect for function _setup
   971  015A                     _setup:	
   972  015A                     l1200:	
   973                           ;incstack = 0
   974                           ; Regs used in _setup: [wreg+status,2]
   975                           
   976                           
   977                           ;main.c: 106: TRISA = 0b00000011;
   978  015A  3003               	movlw	3
   979  015B  1683               	bsf	3,5	;RP0=1, select bank1
   980  015C  1303               	bcf	3,6	;RP1=0, select bank1
   981  015D  0085               	movwf	5	;volatile
   982                           
   983                           ;main.c: 107: ANSEL = 0b00000011;
   984  015E  3003               	movlw	3
   985  015F  1683               	bsf	3,5	;RP0=1, select bank3
   986  0160  1703               	bsf	3,6	;RP1=1, select bank3
   987  0161  0088               	movwf	8	;volatile
   988  0162                     l1202:	
   989                           
   990                           ;main.c: 108: ANSELH = 0b00000000;
   991  0162  0189               	clrf	9	;volatile
   992  0163                     l1204:	
   993                           
   994                           ;main.c: 109: TRISB = 0b00000000;
   995  0163  1683               	bsf	3,5	;RP0=1, select bank1
   996  0164  1303               	bcf	3,6	;RP1=0, select bank1
   997  0165  0186               	clrf	6	;volatile
   998  0166                     l1206:	
   999                           
  1000                           ;main.c: 110: TRISC = 0b00000000;
  1001  0166  0187               	clrf	7	;volatile
  1002  0167                     l1208:	
  1003                           
  1004                           ;main.c: 111: TRISD = 0b00000000;
  1005  0167  0188               	clrf	8	;volatile
  1006  0168                     l1210:	
  1007                           
  1008                           ;main.c: 112: TRISE = 0b0000;
  1009  0168  0189               	clrf	9	;volatile
  1010  0169                     l1212:	
  1011                           
  1012                           ;main.c: 113: PORTB = 0b00000000;
  1013  0169  1283               	bcf	3,5	;RP0=0, select bank0
  1014  016A  1303               	bcf	3,6	;RP1=0, select bank0
  1015  016B  0186               	clrf	6	;volatile
  1016  016C                     l1214:	
  1017                           
  1018                           ;main.c: 114: PORTC = 0b00000000;
  1019  016C  0187               	clrf	7	;volatile
  1020  016D                     l1216:	
  1021                           
  1022                           ;main.c: 115: PORTD = 0b00000000;
  1023  016D  0188               	clrf	8	;volatile
  1024  016E                     l1218:	
  1025                           
  1026                           ;main.c: 116: PORTE = 0b0000;
  1027  016E  0189               	clrf	9	;volatile
  1028  016F                     l1220:	
  1029                           
  1030                           ;main.c: 119: OPTION_REGbits.T0CS = 0;
  1031  016F  1683               	bsf	3,5	;RP0=1, select bank1
  1032  0170  1303               	bcf	3,6	;RP1=0, select bank1
  1033  0171  1281               	bcf	1,5	;volatile
  1034  0172                     l1222:	
  1035                           
  1036                           ;main.c: 120: OPTION_REGbits.PSA = 0;
  1037  0172  1181               	bcf	1,3	;volatile
  1038  0173                     l1224:	
  1039                           
  1040                           ;main.c: 121: OPTION_REGbits.PS0 = 0;
  1041  0173  1001               	bcf	1,0	;volatile
  1042  0174                     l1226:	
  1043                           
  1044                           ;main.c: 122: OPTION_REGbits.PS1 = 1;
  1045  0174  1481               	bsf	1,1	;volatile
  1046  0175                     l1228:	
  1047                           
  1048                           ;main.c: 123: OPTION_REGbits.PS2 = 0;
  1049  0175  1101               	bcf	1,2	;volatile
  1050  0176                     l1230:	
  1051                           
  1052                           ;main.c: 124: INTCONbits.T0IE = 1;
  1053  0176  168B               	bsf	11,5	;volatile
  1054  0177                     l1232:	
  1055                           
  1056                           ;main.c: 125: INTCONbits.T0IF = 0;
  1057  0177  110B               	bcf	11,2	;volatile
  1058  0178                     l1234:	
  1059                           
  1060                           ;main.c: 126: INTCONbits.GIE = 1;
  1061  0178  178B               	bsf	11,7	;volatile
  1062  0179                     l1236:	
  1063                           
  1064                           ;main.c: 127: TMR0 = 231;
  1065  0179  30E7               	movlw	231
  1066  017A  1283               	bcf	3,5	;RP0=0, select bank0
  1067  017B  1303               	bcf	3,6	;RP1=0, select bank0
  1068  017C  0081               	movwf	1	;volatile
  1069  017D                     l124:	
  1070  017D  0008               	return
  1071  017E                     __end_of_setup:	
  1072                           
  1073                           	psect	text2
  1074  017E                     __ptext2:	
  1075 ;; *************** function _CONFIG_ADC *****************
  1076 ;; Defined at:
  1077 ;;		line 16 in file "ADC.c"
  1078 ;; Parameters:    Size  Location     Type
  1079 ;;		None
  1080 ;; Auto vars:     Size  Location     Type
  1081 ;;		None
  1082 ;; Return value:  Size  Location     Type
  1083 ;;                  1    wreg      void 
  1084 ;; Registers used:
  1085 ;;		None
  1086 ;; Tracked objects:
  1087 ;;		On entry : 0/0
  1088 ;;		On exit  : 0/0
  1089 ;;		Unchanged: 0/0
  1090 ;; Data sizes:     COMMON   BANK0   BANK1   BANK3   BANK2
  1091 ;;      Params:         0       0       0       0       0
  1092 ;;      Locals:         0       0       0       0       0
  1093 ;;      Temps:          0       0       0       0       0
  1094 ;;      Totals:         0       0       0       0       0
  1095 ;;Total ram usage:        0 bytes
  1096 ;; Hardware stack levels used:    1
  1097 ;; Hardware stack levels required when called:    1
  1098 ;; This function calls:
  1099 ;;		Nothing
  1100 ;; This function is called by:
  1101 ;;		_main
  1102 ;; This function uses a non-reentrant model
  1103 ;;
  1104                           
  1105                           
  1106                           ;psect for function _CONFIG_ADC
  1107  017E                     _CONFIG_ADC:	
  1108  017E                     l1238:	
  1109                           ;incstack = 0
  1110                           ; Regs used in _CONFIG_ADC: []
  1111                           
  1112                           
  1113                           ;ADC.c: 17: ADCON1bits.ADFM = 0;
  1114  017E  1683               	bsf	3,5	;RP0=1, select bank1
  1115  017F  1303               	bcf	3,6	;RP1=0, select bank1
  1116  0180  139F               	bcf	31,7	;volatile
  1117                           
  1118                           ;ADC.c: 18: ADCON1bits.VCFG1 = 0;
  1119  0181  129F               	bcf	31,5	;volatile
  1120                           
  1121                           ;ADC.c: 19: ADCON1bits.VCFG0 = 0;
  1122  0182  121F               	bcf	31,4	;volatile
  1123                           
  1124                           ;ADC.c: 20: ADCON0bits.ADCS1 = 1;
  1125  0183  1283               	bcf	3,5	;RP0=0, select bank0
  1126  0184  1303               	bcf	3,6	;RP1=0, select bank0
  1127  0185  179F               	bsf	31,7	;volatile
  1128                           
  1129                           ;ADC.c: 21: ADCON0bits.ADCS0 = 0;
  1130  0186  131F               	bcf	31,6	;volatile
  1131                           
  1132                           ;ADC.c: 22: ADCON0bits.CHS3 = 0;
  1133  0187  129F               	bcf	31,5	;volatile
  1134                           
  1135                           ;ADC.c: 23: ADCON0bits.CHS2 = 0;
  1136  0188  121F               	bcf	31,4	;volatile
  1137                           
  1138                           ;ADC.c: 24: ADCON0bits.CHS1 = 0;
  1139  0189  119F               	bcf	31,3	;volatile
  1140                           
  1141                           ;ADC.c: 25: ADCON0bits.CHS0 = 0;
  1142  018A  111F               	bcf	31,2	;volatile
  1143                           
  1144                           ;ADC.c: 26: ADCON0bits.ADON = 1;
  1145  018B  141F               	bsf	31,0	;volatile
  1146  018C                     l131:	
  1147                           ;ADC.c: 28: return;
  1148                           
  1149  018C  0008               	return
  1150  018D                     __end_of_CONFIG_ADC:	
  1151                           
  1152                           	psect	text3
  1153  00E4                     __ptext3:	
  1154 ;; *************** function _isr *****************
  1155 ;; Defined at:
  1156 ;;		line 38 in file "main.c"
  1157 ;; Parameters:    Size  Location     Type
  1158 ;;		None
  1159 ;; Auto vars:     Size  Location     Type
  1160 ;;		None
  1161 ;; Return value:  Size  Location     Type
  1162 ;;                  1    wreg      void 
  1163 ;; Registers used:
  1164 ;;		wreg, status,2, status,0
  1165 ;; Tracked objects:
  1166 ;;		On entry : 0/0
  1167 ;;		On exit  : 0/0
  1168 ;;		Unchanged: 0/0
  1169 ;; Data sizes:     COMMON   BANK0   BANK1   BANK3   BANK2
  1170 ;;      Params:         0       0       0       0       0
  1171 ;;      Locals:         0       0       0       0       0
  1172 ;;      Temps:          3       0       0       0       0
  1173 ;;      Totals:         3       0       0       0       0
  1174 ;;Total ram usage:        3 bytes
  1175 ;; Hardware stack levels used:    1
  1176 ;; This function calls:
  1177 ;;		Nothing
  1178 ;; This function is called by:
  1179 ;;		Interrupt level 1
  1180 ;; This function uses a non-reentrant model
  1181 ;;
  1182                           
  1183                           
  1184                           ;psect for function _isr
  1185  00E4                     _isr:	
  1186  00E4                     i1l1074:	
  1187                           
  1188                           ;main.c: 39: if (INTCONbits.T0IF == 1){
  1189  00E4  1D0B               	btfss	11,2	;volatile
  1190  00E5  28E7               	goto	u37_21
  1191  00E6  28E8               	goto	u37_20
  1192  00E7                     u37_21:	
  1193  00E7  28F5               	goto	i1l1082
  1194  00E8                     u37_20:	
  1195  00E8                     i1l1076:	
  1196                           
  1197                           ;main.c: 40: TIME_UP++;
  1198  00E8  3001               	movlw	1
  1199  00E9  00F9               	movwf	??_isr
  1200  00EA  0879               	movf	??_isr,w
  1201  00EB  07F2               	addwf	_TIME_UP,f
  1202                           
  1203                           ;main.c: 41: TC++;
  1204  00EC  3001               	movlw	1
  1205  00ED  00F9               	movwf	??_isr
  1206  00EE  0879               	movf	??_isr,w
  1207  00EF  07F3               	addwf	_TC,f
  1208  00F0                     i1l1078:	
  1209                           
  1210                           ;main.c: 42: INTCONbits.T0IF = 0;
  1211  00F0  110B               	bcf	11,2	;volatile
  1212  00F1                     i1l1080:	
  1213                           
  1214                           ;main.c: 43: TMR0 = 231;}
  1215  00F1  30E7               	movlw	231
  1216  00F2  1283               	bcf	3,5	;RP0=0, select bank0
  1217  00F3  1303               	bcf	3,6	;RP1=0, select bank0
  1218  00F4  0081               	movwf	1	;volatile
  1219  00F5                     i1l1082:	
  1220                           
  1221                           ;main.c: 45: if(PIR1bits.SSPIF == 1){
  1222  00F5  1283               	bcf	3,5	;RP0=0, select bank0
  1223  00F6  1303               	bcf	3,6	;RP1=0, select bank0
  1224  00F7  1D8C               	btfss	12,3	;volatile
  1225  00F8  28FA               	goto	u38_21
  1226  00F9  28FB               	goto	u38_20
  1227  00FA                     u38_21:	
  1228  00FA  2953               	goto	i1l93
  1229  00FB                     u38_20:	
  1230  00FB                     i1l1084:	
  1231                           
  1232                           ;main.c: 46: SSPCONbits.CKP = 0;
  1233  00FB  1214               	bcf	20,4	;volatile
  1234                           
  1235                           ;main.c: 47: if ((SSPCONbits.SSPOV) || (SSPCONbits.WCOL)){
  1236  00FC  1B14               	btfsc	20,6	;volatile
  1237  00FD  28FF               	goto	u39_21
  1238  00FE  2900               	goto	u39_20
  1239  00FF                     u39_21:	
  1240  00FF  2904               	goto	i1l1088
  1241  0100                     u39_20:	
  1242  0100                     i1l1086:	
  1243  0100  1F94               	btfss	20,7	;volatile
  1244  0101  2903               	goto	u40_21
  1245  0102  2904               	goto	u40_20
  1246  0103                     u40_21:	
  1247  0103  290B               	goto	i1l1096
  1248  0104                     u40_20:	
  1249  0104                     i1l1088:	
  1250                           
  1251                           ;main.c: 48: z = SSPBUF;
  1252  0104  0813               	movf	19,w	;volatile
  1253  0105  00F9               	movwf	??_isr
  1254  0106  0879               	movf	??_isr,w
  1255  0107  00F1               	movwf	_z
  1256  0108                     i1l1090:	
  1257                           
  1258                           ;main.c: 49: SSPCONbits.SSPOV = 0;
  1259  0108  1314               	bcf	20,6	;volatile
  1260  0109                     i1l1092:	
  1261                           
  1262                           ;main.c: 50: SSPCONbits.WCOL = 0;
  1263  0109  1394               	bcf	20,7	;volatile
  1264  010A                     i1l1094:	
  1265                           
  1266                           ;main.c: 51: SSPCONbits.CKP = 1; }
  1267  010A  1614               	bsf	20,4	;volatile
  1268  010B                     i1l1096:	
  1269                           
  1270                           ;main.c: 52: if(!SSPSTATbits.D_nA && !SSPSTATbits.R_nW) {
  1271  010B  1683               	bsf	3,5	;RP0=1, select bank1
  1272  010C  1303               	bcf	3,6	;RP1=0, select bank1
  1273  010D  1A94               	btfsc	20,5	;volatile
  1274  010E  2910               	goto	u41_21
  1275  010F  2911               	goto	u41_20
  1276  0110                     u41_21:	
  1277  0110  292F               	goto	i1l84
  1278  0111                     u41_20:	
  1279  0111                     i1l1098:	
  1280  0111  1914               	btfsc	20,2	;volatile
  1281  0112  2914               	goto	u42_21
  1282  0113  2915               	goto	u42_20
  1283  0114                     u42_21:	
  1284  0114  292F               	goto	i1l84
  1285  0115                     u42_20:	
  1286  0115                     i1l1100:	
  1287                           
  1288                           ;main.c: 53: z = SSPBUF;
  1289  0115  1283               	bcf	3,5	;RP0=0, select bank0
  1290  0116  1303               	bcf	3,6	;RP1=0, select bank0
  1291  0117  0813               	movf	19,w	;volatile
  1292  0118  00F9               	movwf	??_isr
  1293  0119  0879               	movf	??_isr,w
  1294  011A  00F1               	movwf	_z
  1295  011B                     i1l1102:	
  1296                           
  1297                           ;main.c: 54: PIR1bits.SSPIF = 0;
  1298  011B  118C               	bcf	12,3	;volatile
  1299  011C                     i1l1104:	
  1300                           
  1301                           ;main.c: 55: SSPCONbits.CKP = 1;
  1302  011C  1614               	bsf	20,4	;volatile
  1303  011D                     i1l85:	
  1304                           ;main.c: 56: while(!SSPSTATbits.BF);
  1305                           
  1306  011D  1683               	bsf	3,5	;RP0=1, select bank1
  1307  011E  1303               	bcf	3,6	;RP1=0, select bank1
  1308  011F  1C14               	btfss	20,0	;volatile
  1309  0120  2922               	goto	u43_21
  1310  0121  2923               	goto	u43_20
  1311  0122                     u43_21:	
  1312  0122  291D               	goto	i1l85
  1313  0123                     u43_20:	
  1314  0123                     i1l1106:	
  1315                           
  1316                           ;main.c: 57: REC = SSPBUF;
  1317  0123  1283               	bcf	3,5	;RP0=0, select bank0
  1318  0124  1303               	bcf	3,6	;RP1=0, select bank0
  1319  0125  0813               	movf	19,w	;volatile
  1320  0126  00F9               	movwf	??_isr
  1321  0127  0879               	movf	??_isr,w
  1322  0128  00A2               	movwf	_REC
  1323                           
  1324                           ;main.c: 58: _delay((unsigned long)((250)*(8000000/4000000.0)));
  1325  0129  30A6               	movlw	166
  1326  012A  00F9               	movwf	??_isr
  1327  012B                     u85_27:	
  1328  012B  0BF9               	decfsz	??_isr,f
  1329  012C  292B               	goto	u85_27
  1330  012D  0000               	nop
  1331                           
  1332                           ;main.c: 59: }else if(!SSPSTATbits.D_nA && SSPSTATbits.R_nW){
  1333  012E  2950               	goto	i1l88
  1334  012F                     i1l84:	
  1335  012F  1A94               	btfsc	20,5	;volatile
  1336  0130  2932               	goto	u44_21
  1337  0131  2933               	goto	u44_20
  1338  0132                     u44_21:	
  1339  0132  2950               	goto	i1l88
  1340  0133                     u44_20:	
  1341  0133                     i1l1108:	
  1342  0133  1D14               	btfss	20,2	;volatile
  1343  0134  2936               	goto	u45_21
  1344  0135  2937               	goto	u45_20
  1345  0136                     u45_21:	
  1346  0136  2950               	goto	i1l88
  1347  0137                     u45_20:	
  1348  0137                     i1l1110:	
  1349                           
  1350                           ;main.c: 60: z = SSPBUF;
  1351  0137  1283               	bcf	3,5	;RP0=0, select bank0
  1352  0138  1303               	bcf	3,6	;RP1=0, select bank0
  1353  0139  0813               	movf	19,w	;volatile
  1354  013A  00F9               	movwf	??_isr
  1355  013B  0879               	movf	??_isr,w
  1356  013C  00F1               	movwf	_z
  1357  013D                     i1l1112:	
  1358                           
  1359                           ;main.c: 61: BF = 0;
  1360  013D  1683               	bsf	3,5	;RP0=1, select bank1
  1361  013E  1303               	bcf	3,6	;RP1=0, select bank1
  1362  013F  1014               	bcf	20,0	;volatile
  1363                           
  1364                           ;main.c: 62: SSPBUF = POSICION;
  1365  0140  0870               	movf	_POSICION,w
  1366  0141  1283               	bcf	3,5	;RP0=0, select bank0
  1367  0142  1303               	bcf	3,6	;RP1=0, select bank0
  1368  0143  0093               	movwf	19	;volatile
  1369  0144                     i1l1114:	
  1370                           
  1371                           ;main.c: 63: SSPCONbits.CKP = 1;
  1372  0144  1614               	bsf	20,4	;volatile
  1373                           
  1374                           ;main.c: 64: _delay((unsigned long)((250)*(8000000/4000000.0)));
  1375  0145  30A6               	movlw	166
  1376  0146  00F9               	movwf	??_isr
  1377  0147                     u86_27:	
  1378  0147  0BF9               	decfsz	??_isr,f
  1379  0148  2947               	goto	u86_27
  1380  0149  0000               	nop
  1381  014A                     i1l90:	
  1382                           ;main.c: 65: while(SSPSTATbits.BF);
  1383                           
  1384  014A  1683               	bsf	3,5	;RP0=1, select bank1
  1385  014B  1303               	bcf	3,6	;RP1=0, select bank1
  1386  014C  1814               	btfsc	20,0	;volatile
  1387  014D  294F               	goto	u46_21
  1388  014E  2950               	goto	u46_20
  1389  014F                     u46_21:	
  1390  014F  294A               	goto	i1l90
  1391  0150                     u46_20:	
  1392  0150                     i1l88:	
  1393                           
  1394                           ;main.c: 66: };main.c: 67: PIR1bits.SSPIF = 0;}}
  1395  0150  1283               	bcf	3,5	;RP0=0, select bank0
  1396  0151  1303               	bcf	3,6	;RP1=0, select bank0
  1397  0152  118C               	bcf	12,3	;volatile
  1398  0153                     i1l93:	
  1399  0153  087B               	movf	??_isr+2,w
  1400  0154  008A               	movwf	10
  1401  0155  0E7A               	swapf	(??_isr+1)^(0+4294967168),w
  1402  0156  0083               	movwf	3
  1403  0157  0EFE               	swapf	btemp,f
  1404  0158  0E7E               	swapf	btemp,w
  1405  0159  0009               	retfie
  1406  015A                     __end_of_isr:	
  1407  007E                     btemp	set	126	;btemp
  1408  007E                     wtemp0	set	126
  1409                           
  1410                           	psect	intentry
  1411  0004                     __pintentry:	
  1412                           ;incstack = 0
  1413                           ; Regs used in _isr: [wreg+status,2+status,0]
  1414                           
  1415  0004                     interrupt_function:	
  1416  007E                     saved_w	set	btemp
  1417  0004  00FE               	movwf	btemp
  1418  0005  0E03               	swapf	3,w
  1419  0006  00FA               	movwf	??_isr+1
  1420  0007  080A               	movf	10,w
  1421  0008  00FB               	movwf	??_isr+2
  1422  0009  120A  118A  28E4   	ljmp	_isr


Data Sizes:
    Strings     0
    Constant    0
    Data        0
    BSS         12
    Persistent  2
    Stack       0

Auto Spaces:
    Space          Size  Autos    Used
    COMMON           14      3      12
    BANK0            80      2       7
    BANK1            80      0       0
    BANK3            96      0       0
    BANK2            96      0       0

Pointer List with Targets:

    None.

Critical Paths under _main in COMMON

    None.

Critical Paths under _isr in COMMON

    None.

Critical Paths under _main in BANK0

    None.

Critical Paths under _isr in BANK0

    None.

Critical Paths under _main in BANK1

    None.

Critical Paths under _isr in BANK1

    None.

Critical Paths under _main in BANK3

    None.

Critical Paths under _isr in BANK3

    None.

Critical Paths under _main in BANK2

    None.

Critical Paths under _isr in BANK2

    None.

Call Graph Tables:

 ---------------------------------------------------------------------------------
 (Depth) Function   	        Calls       Base Space   Used Autos Params    Refs
 ---------------------------------------------------------------------------------
 (0) _main                                                 2     2      0       0
                                              0 BANK0      2     2      0
                         _CONFIG_ADC
                              _setup
 ---------------------------------------------------------------------------------
 (1) _setup                                                0     0      0       0
 ---------------------------------------------------------------------------------
 (1) _CONFIG_ADC                                           0     0      0       0
 ---------------------------------------------------------------------------------
 Estimated maximum stack depth 1
 ---------------------------------------------------------------------------------
 (Depth) Function   	        Calls       Base Space   Used Autos Params    Refs
 ---------------------------------------------------------------------------------
 (2) _isr                                                  3     3      0       0
                                              0 COMMON     3     3      0
 ---------------------------------------------------------------------------------
 Estimated maximum stack depth 2
 ---------------------------------------------------------------------------------

 Call Graph Graphs:

 _main (ROOT)
   _CONFIG_ADC
   _setup

 _isr (ROOT)

 Address spaces:
Name               Size   Autos  Total    Cost      Usage
BITCOMMON            E      0       0       0        0.0%
EEDATA             100      0       0       0        0.0%
NULL                 0      0       0       0        0.0%
CODE                 0      0       0       0        0.0%
COMMON               E      3       C       1       85.7%
BITSFR0              0      0       0       1        0.0%
SFR0                 0      0       0       1        0.0%
BITSFR1              0      0       0       2        0.0%
SFR1                 0      0       0       2        0.0%
STACK                0      0       0       2        0.0%
ABS                  0      0      13       3        0.0%
BITBANK0            50      0       0       4        0.0%
BITSFR3              0      0       0       4        0.0%
SFR3                 0      0       0       4        0.0%
BANK0               50      2       7       5        8.8%
BITSFR2              0      0       0       5        0.0%
SFR2                 0      0       0       5        0.0%
BITBANK1            50      0       0       6        0.0%
BANK1               50      0       0       7        0.0%
BITBANK3            60      0       0       8        0.0%
BANK3               60      0       0       9        0.0%
BITBANK2            60      0       0      10        0.0%
BANK2               60      0       0      11        0.0%
DATA                 0      0      13      12        0.0%


Microchip Technology PIC Macro Assembler V2.10 build 88905656 
Symbol Table                                                                                   Sat Mar 14 11:26:02 2020

                       _z 0071               __CFG_CP$OFF 0000               _SSPSTATbits 0094  
                      _BF 04A0                        _TC 0073                       l131 018C  
                     l124 017D                       _GIE 005F                       _REC 0022  
            __CFG_CPD$OFF 0000                       u700 0056                       u701 0055  
                     u710 005E                       u711 005D                       u800 00A8  
                     u720 0066                       u801 00A7                       u721 0065  
                     u810 00C6                       u730 006F                       u811 00C5  
                     u731 006E                       u820 00CC                       u740 0075  
                     u660 003A                       u821 00CB                       u741 0074  
                     u661 0039                       u830 00D2                       u750 0080  
                     u670 0040                       u831 00D1                       u815 00C2  
                     u751 007F                       u671 003F                       u840 00DB  
                     u760 0086                       u680 0046                       u841 00DA  
                     u761 0085                       u681 0045                       u770 0091  
                     u690 0051                       u771 0090                       u691 0050  
                     u780 0097                       u781 0096                       u790 00A2  
                     u791 00A1                       _isr 00E4              __CFG_LVP$OFF 0000  
                    l1200 015A                      l1210 0168                      l1202 0162  
                    l1220 016F                      l1212 0169                      l1204 0163  
                    l1300 00A8                      l1230 0176                      l1222 0172  
                    l1214 016C                      l1206 0166                      l1310 00C7  
                    l1302 00AD                      l1232 0177                      l1224 0173  
                    l1216 016D                      l1208 0167                      l1320 00DB  
                    l1312 00CC                      l1304 00B1                      l1240 0021  
                    l1234 0178                      l1226 0174                      l1218 016E  
                    l1322 00DF                      l1314 00CD                      l1306 00B9  
                    l1250 003B                      l1242 0026                      l1236 0179  
                    l1228 0175                      l1316 00D2                      l1308 00C6  
                    l1260 004B                      l1252 0040                      l1244 0031  
                    l1238 017E                      l1318 00D6                      l1270 005E  
                    l1262 0051                      l1254 0041                      l1246 0034  
                    l1280 006F                      l1272 005F                      l1264 0052  
                    l1256 0046                      l1248 003A                      l1290 008B  
                    l1282 0075                      l1274 0060                      l1266 0056  
                    l1258 0047                      l1292 0091                      l1284 007A  
                    l1276 0066                      l1268 0058                      l1294 0097  
                    l1286 0080                      l1278 0069                      l1296 009C  
                    l1288 0086                      l1298 00A2                      ?_isr 0079  
                    _PEIE 005E                      i1l90 014A                      i1l84 012F  
                    i1l85 011D                      i1l93 0153                      i1l88 0150  
                    _TMR0 0001                      _eADC 0077              __CFG_WRT$OFF 0000  
                    _main 0021                      btemp 007E                      start 000C  
           __CFG_IESO$OFF 0000       __size_of_CONFIG_ADC 000F                     ??_isr 0079  
                   ?_main 0079             __CFG_WDTE$OFF 0000                     _ANSEL 0188  
                   u40_20 0104                     u40_21 0103                     u41_20 0111  
                   u41_21 0110                     u42_20 0115                     u42_21 0114  
                   u43_20 0123                     u43_21 0122                     _PORTB 0006  
                   _PORTC 0007                     _PORTD 0008                     _PORTE 0009  
                   u44_20 0133                     u44_21 0132                     u45_20 0137  
                   u37_20 00E8                     u45_21 0136                     u37_21 00E7  
                   u46_20 0150                     u38_20 00FB                     u46_21 014F  
                   u38_21 00FA                     u39_20 0100                     u39_21 00FF  
                   _TRISA 0085                     _TRISB 0086                     _TRISC 0087  
                   _TRISD 0088                     _SSPIE 0463                     _TRISE 0089  
                   _SSPIF 0063                     u85_27 012B                     u86_27 0147  
          __CFG_FCMEN$OFF 0000                     _setup 015A            __CFG_BOREN$OFF 0000  
                   pclath 000A                     status 0003                     wtemp0 007E  
          __CFG_MCLRE$OFF 0000           __initialization 000F              __end_of_main 00E4  
                  ??_main 0025                    _ADCAN0 0076                    _ADCAN1 0075  
                  _ADRESH 001E                    ?_setup 0079                    _ANSELH 0189  
                  i1l1100 0115                    i1l1110 0137                    i1l1102 011B  
                  i1l1112 013D                    i1l1104 011C                    i1l1114 0144  
                  i1l1106 0123                    i1l1108 0133                    i1l1080 00F1  
                  i1l1090 0108                    i1l1082 00F5                    i1l1074 00E4  
                  i1l1092 0109                    i1l1084 00FB                    i1l1076 00E8  
                  i1l1094 010A                    i1l1086 0100                    i1l1078 00F0  
                  i1l1096 010B                    i1l1088 0104                    i1l1098 0111  
                  _NETO_X 0023                    _SSPADD 0093                    _TRISC3 043B  
                  _TRISC4 043C                    _SSPBUF 0013                    _SSPCON 0014  
          __CFG_PWRTE$OFF 0000              ??_CONFIG_ADC 0025                    saved_w 007E  
 __end_of__initialization 001D            __pcstackCOMMON 0079        __end_of_CONFIG_ADC 018D  
           __end_of_setup 017E            _OPTION_REGbits 0081                   ??_setup 0025  
              __pbssBANK0 0020                __pmaintext 0021                __pintentry 0004  
                 _TIME_UP 0072                   _SSPCON2 0091                   _SSPSTAT 0094  
                 _UP_TIME 0074                   __ptext1 015A                   __ptext2 017E  
                 __ptext3 00E4              __size_of_isr 0076      end_of_initialization 001D  
               _PORTDbits 0008                 _TRISCbits 0087       start_initialization 000F  
             __end_of_isr 015A  __CFG_FOSC$INTRC_NOCLKOUT 0000               __pbssCOMMON 0070  
               ___latbits 0002             __pcstackBANK0 0025                 _cambiante 0078  
               __pnvBANK0 0023                  _AGREGADO 0020            __size_of_setup 0024  
       interrupt_function 0004                  _PIR1bits 000C                  _POSICION 0070  
              _ADCON0bits 001F                _ADCON1bits 009F                _CONFIG_ADC 017E  
       __CFG_BOR4V$BOR40V 0000             __size_of_main 00C3                _INTCONbits 000B  
                intlevel1 0000               ?_CONFIG_ADC 0079               _SSPCON2bits 0091  
              _SSPCONbits 0014  
