

Microchip MPLAB XC8 Assembler V2.10 build 88905656 
                                                                                               Fri Apr 24 13:21:37 2020

Microchip MPLAB XC8 C Compiler v2.10 (Free license) build 20190730164152 Og1 
     1                           	processor	16F887
     2                           	opt	pw 120
     3                           	opt	flic
     4                           	psect	idataBANK0,global,class=CODE,delta=2
     5                           	psect	cinit,global,class=CODE,merge=1,delta=2
     6                           	psect	bssCOMMON,global,class=COMMON,space=1,delta=1
     7                           	psect	bssBANK0,global,class=BANK0,space=1,delta=1
     8                           	psect	dataBANK0,global,class=BANK0,space=1,delta=1
     9                           	psect	cstackCOMMON,global,class=COMMON,space=1,delta=1
    10                           	psect	cstackBANK0,global,class=BANK0,space=1,delta=1
    11                           	psect	maintext,global,class=CODE,split=1,delta=2
    12                           	psect	text1,local,class=CODE,merge=1,delta=2
    13                           	psect	text2,local,class=CODE,merge=1,delta=2
    14                           	psect	intentry,global,class=CODE,delta=2
    15                           	dabs	1,0x7E,2
    16  0000                     
    17                           ; Version 2.10
    18                           ; Generated 31/07/2019 GMT
    19                           ; 
    20                           ; Copyright © 2019, Microchip Technology Inc. and its subsidiaries ("Microchip")
    21                           ; All rights reserved.
    22                           ; 
    23                           ; This software is developed by Microchip Technology Inc. and its subsidiaries ("Microch
      +                          ip").
    24                           ; 
    25                           ; Redistribution and use in source and binary forms, with or without modification, are
    26                           ; permitted provided that the following conditions are met:
    27                           ; 
    28                           ;     1. Redistributions of source code must retain the above copyright notice, this lis
      +                          t of
    29                           ;        conditions and the following disclaimer.
    30                           ; 
    31                           ;     2. Redistributions in binary form must reproduce the above copyright notice, this 
      +                          list
    32                           ;        of conditions and the following disclaimer in the documentation and/or other
    33                           ;        materials provided with the distribution.
    34                           ; 
    35                           ;     3. Microchip's name may not be used to endorse or promote products derived from th
      +                          is
    36                           ;        software without specific prior written permission.
    37                           ; 
    38                           ; THIS SOFTWARE IS PROVIDED BY MICROCHIP "AS IS" AND ANY EXPRESS OR IMPLIED WARRANTIES,
    39                           ; INCLUDING, BUT NOT LIMITED TO, THE IMPLIED WARRANTIES OF MERCHANTABILITY AND FITNESS F
      +                          OR
    40                           ; PURPOSE ARE DISCLAIMED.  IN NO EVENT SHALL MICROCHIP BE LIABLE FOR ANY DIRECT, INDIREC
      +                          T,
    41                           ; INCIDENTAL, SPECIAL, EXEMPLARY, OR CONSEQUENTIAL DAMAGES (INCLUDING BUT NOT LIMITED TO
    42                           ; PROCUREMENT OF SUBSTITUTE GOODS OR SERVICES; LOSS OF USE, DATA OR PROFITS; OR BUSINESS
    43                           ; INTERRUPTION) HOWSOEVER CAUSED AND ON ANY THEORY OF LIABILITY, WHETHER IN CONTRACT, ST
      +                          RICT
    44                           ; LIABILITY, OR TORT (INCLUDING NEGLIGENCE OR OTHERWISE) ARISING IN ANY WAY OUT OF THE U
      +                          SE OF
    45                           ; THIS SOFTWARE, EVEN IF ADVISED OF THE POSSIBILITY OF SUCH DAMAGE.
    46                           ; 
    47                           ; 
    48                           ; Code-generator required, PIC16F887 Definitions
    49                           ; 
    50                           ; SFR Addresses
    51  0000                     	;# 
    52  0001                     	;# 
    53  0002                     	;# 
    54  0003                     	;# 
    55  0004                     	;# 
    56  0005                     	;# 
    57  0006                     	;# 
    58  0007                     	;# 
    59  0008                     	;# 
    60  0009                     	;# 
    61  000A                     	;# 
    62  000B                     	;# 
    63  000C                     	;# 
    64  000D                     	;# 
    65  000E                     	;# 
    66  000E                     	;# 
    67  000F                     	;# 
    68  0010                     	;# 
    69  0011                     	;# 
    70  0012                     	;# 
    71  0013                     	;# 
    72  0014                     	;# 
    73  0015                     	;# 
    74  0015                     	;# 
    75  0016                     	;# 
    76  0017                     	;# 
    77  0018                     	;# 
    78  0019                     	;# 
    79  001A                     	;# 
    80  001B                     	;# 
    81  001B                     	;# 
    82  001C                     	;# 
    83  001D                     	;# 
    84  001E                     	;# 
    85  001F                     	;# 
    86  0081                     	;# 
    87  0085                     	;# 
    88  0086                     	;# 
    89  0087                     	;# 
    90  0088                     	;# 
    91  0089                     	;# 
    92  008C                     	;# 
    93  008D                     	;# 
    94  008E                     	;# 
    95  008F                     	;# 
    96  0090                     	;# 
    97  0091                     	;# 
    98  0092                     	;# 
    99  0093                     	;# 
   100  0093                     	;# 
   101  0093                     	;# 
   102  0094                     	;# 
   103  0095                     	;# 
   104  0096                     	;# 
   105  0097                     	;# 
   106  0098                     	;# 
   107  0099                     	;# 
   108  009A                     	;# 
   109  009B                     	;# 
   110  009C                     	;# 
   111  009D                     	;# 
   112  009E                     	;# 
   113  009F                     	;# 
   114  0105                     	;# 
   115  0107                     	;# 
   116  0108                     	;# 
   117  0109                     	;# 
   118  010C                     	;# 
   119  010C                     	;# 
   120  010D                     	;# 
   121  010E                     	;# 
   122  010F                     	;# 
   123  0185                     	;# 
   124  0187                     	;# 
   125  0188                     	;# 
   126  0189                     	;# 
   127  018C                     	;# 
   128  018D                     	;# 
   129  0000                     	;# 
   130  0001                     	;# 
   131  0002                     	;# 
   132  0003                     	;# 
   133  0004                     	;# 
   134  0005                     	;# 
   135  0006                     	;# 
   136  0007                     	;# 
   137  0008                     	;# 
   138  0009                     	;# 
   139  000A                     	;# 
   140  000B                     	;# 
   141  000C                     	;# 
   142  000D                     	;# 
   143  000E                     	;# 
   144  000E                     	;# 
   145  000F                     	;# 
   146  0010                     	;# 
   147  0011                     	;# 
   148  0012                     	;# 
   149  0013                     	;# 
   150  0014                     	;# 
   151  0015                     	;# 
   152  0015                     	;# 
   153  0016                     	;# 
   154  0017                     	;# 
   155  0018                     	;# 
   156  0019                     	;# 
   157  001A                     	;# 
   158  001B                     	;# 
   159  001B                     	;# 
   160  001C                     	;# 
   161  001D                     	;# 
   162  001E                     	;# 
   163  001F                     	;# 
   164  0081                     	;# 
   165  0085                     	;# 
   166  0086                     	;# 
   167  0087                     	;# 
   168  0088                     	;# 
   169  0089                     	;# 
   170  008C                     	;# 
   171  008D                     	;# 
   172  008E                     	;# 
   173  008F                     	;# 
   174  0090                     	;# 
   175  0091                     	;# 
   176  0092                     	;# 
   177  0093                     	;# 
   178  0093                     	;# 
   179  0093                     	;# 
   180  0094                     	;# 
   181  0095                     	;# 
   182  0096                     	;# 
   183  0097                     	;# 
   184  0098                     	;# 
   185  0099                     	;# 
   186  009A                     	;# 
   187  009B                     	;# 
   188  009C                     	;# 
   189  009D                     	;# 
   190  009E                     	;# 
   191  009F                     	;# 
   192  0105                     	;# 
   193  0107                     	;# 
   194  0108                     	;# 
   195  0109                     	;# 
   196  010C                     	;# 
   197  010C                     	;# 
   198  010D                     	;# 
   199  010E                     	;# 
   200  010F                     	;# 
   201  0185                     	;# 
   202  0187                     	;# 
   203  0188                     	;# 
   204  0189                     	;# 
   205  018C                     	;# 
   206  018D                     	;# 
   207                           
   208                           	psect	idataBANK0
   209  0109                     __pidataBANK0:	
   210                           
   211                           ;initializer for _LEDS
   212  0109  3432               	retlw	50
   213  010A  3400               	retlw	0
   214                           
   215                           ;initializer for _delay
   216  010B  340F               	retlw	15
   217  010C  3400               	retlw	0
   218  0009                     _PORTE	set	9
   219  0008                     _PORTD	set	8
   220  0007                     _PORTC	set	7
   221  0005                     _PORTA	set	5
   222  0009                     _PORTEbits	set	9
   223  0008                     _PORTDbits	set	8
   224  0013                     _SSPBUF	set	19
   225  0014                     _SSPCONbits	set	20
   226  000C                     _PIR1bits	set	12
   227  0006                     _PORTBbits	set	6
   228  000B                     _INTCONbits	set	11
   229  0096                     _IOCB	set	150
   230  0089                     _TRISE	set	137
   231  0088                     _TRISD	set	136
   232  0087                     _TRISC	set	135
   233  0086                     _TRISB	set	134
   234  0085                     _TRISA	set	133
   235  0094                     _SSPSTATbits	set	148
   236  04A0                     _BF	set	1184
   237  0189                     _ANSELH	set	393
   238  0188                     _ANSEL	set	392
   239                           
   240                           ; #config settings
   241  0000                     
   242                           	psect	cinit
   243  000F                     start_initialization:	
   244  000F                     __initialization:	
   245                           
   246                           ; Initialize objects allocated to BANK0
   247  000F  120A  118A  2109  120A  118A  	fcall	__pidataBANK0	;fetch initializer
   248  0014  00A0               	movwf	__pdataBANK0& (0+127)
   249  0015  120A  118A  210A  120A  118A  	fcall	__pidataBANK0+1	;fetch initializer
   250  001A  00A1               	movwf	(__pdataBANK0+1)& (0+127)
   251  001B  120A  118A  210B  120A  118A  	fcall	__pidataBANK0+2	;fetch initializer
   252  0020  00A2               	movwf	(__pdataBANK0+2)& (0+127)
   253  0021  120A  118A  210C  120A  118A  	fcall	__pidataBANK0+3	;fetch initializer
   254  0026  00A3               	movwf	(__pdataBANK0+3)& (0+127)
   255                           
   256                           ; Clear objects allocated to BANK0
   257  0027  01A4               	clrf	__pbssBANK0& (0+127)
   258  0028  01A5               	clrf	(__pbssBANK0+1)& (0+127)
   259                           
   260                           ; Clear objects allocated to COMMON
   261  0029  01F0               	clrf	__pbssCOMMON& (0+127)
   262  002A  01F1               	clrf	(__pbssCOMMON+1)& (0+127)
   263  002B  01F2               	clrf	(__pbssCOMMON+2)& (0+127)
   264  002C  01F3               	clrf	(__pbssCOMMON+3)& (0+127)
   265  002D  01F4               	clrf	(__pbssCOMMON+4)& (0+127)
   266  002E  01F5               	clrf	(__pbssCOMMON+5)& (0+127)
   267  002F  01F6               	clrf	(__pbssCOMMON+6)& (0+127)
   268  0030  01F7               	clrf	(__pbssCOMMON+7)& (0+127)
   269  0031  01F8               	clrf	(__pbssCOMMON+8)& (0+127)
   270  0032                     end_of_initialization:	
   271                           ;End of C runtime variable initialization code
   272                           
   273  0032                     __end_of__initialization:	
   274  0032  0183               	clrf	3
   275  0033  120A  118A  28AE   	ljmp	_main	;jump to C main() function
   276                           
   277                           	psect	bssCOMMON
   278  0070                     __pbssCOMMON:	
   279  0070                     _LEDROJO:	
   280  0070                     	ds	1
   281  0071                     _VALOR:	
   282  0071                     	ds	1
   283  0072                     _L_I:	
   284  0072                     	ds	1
   285  0073                     _L_D:	
   286  0073                     	ds	1
   287  0074                     _REC:	
   288  0074                     	ds	1
   289  0075                     _z:	
   290  0075                     	ds	1
   291  0076                     _S_CERRAR:	
   292  0076                     	ds	1
   293  0077                     _S_ABRIR:	
   294  0077                     	ds	1
   295  0078                     _ESTADO:	
   296  0078                     	ds	1
   297                           
   298                           	psect	bssBANK0
   299  0024                     __pbssBANK0:	
   300  0024                     _D:	
   301  0024                     	ds	2
   302                           
   303                           	psect	dataBANK0
   304  0020                     __pdataBANK0:	
   305  0020                     _LEDS:	
   306  0020                     	ds	2
   307  0022                     _delay:	
   308  0022                     	ds	2
   309                           
   310                           	psect	cstackCOMMON
   311  0079                     __pcstackCOMMON:	
   312  0079                     ?_setup:	
   313  0079                     ?_isr:	
   314                           ; 1 bytes @ 0x0
   315                           
   316  0079                     ??_isr:	
   317                           ; 1 bytes @ 0x0
   318                           
   319  0079                     ?_main:	
   320                           ; 1 bytes @ 0x0
   321                           
   322                           
   323                           ; 1 bytes @ 0x0
   324  0079                     	ds	3
   325                           
   326                           	psect	cstackBANK0
   327  0026                     __pcstackBANK0:	
   328  0026                     ??_setup:	
   329  0026                     ??_main:	
   330                           ; 1 bytes @ 0x0
   331                           
   332  0026                     _main$337:	
   333                           ; 1 bytes @ 0x0
   334                           
   335                           
   336                           ; 1 bytes @ 0x0
   337  0026                     	ds	1
   338  0027                     _main$338:	
   339                           
   340                           ; 1 bytes @ 0x1
   341  0027                     	ds	1
   342                           
   343                           	psect	maintext
   344  00AE                     __pmaintext:	
   345 ;;
   346 ;;Main: autosize = 0, tempsize = 0, incstack = 0, save=0
   347 ;;
   348 ;; *************** function _main *****************
   349 ;; Defined at:
   350 ;;		line 67 in file "newmain.c"
   351 ;; Parameters:    Size  Location     Type
   352 ;;		None
   353 ;; Auto vars:     Size  Location     Type
   354 ;;		None
   355 ;; Return value:  Size  Location     Type
   356 ;;                  1    wreg      void 
   357 ;; Registers used:
   358 ;;		wreg, status,2, status,0, pclath, cstack
   359 ;; Tracked objects:
   360 ;;		On entry : B00/0
   361 ;;		On exit  : 0/0
   362 ;;		Unchanged: 0/0
   363 ;; Data sizes:     COMMON   BANK0   BANK1   BANK3   BANK2
   364 ;;      Params:         0       0       0       0       0
   365 ;;      Locals:         0       2       0       0       0
   366 ;;      Temps:          0       0       0       0       0
   367 ;;      Totals:         0       2       0       0       0
   368 ;;Total ram usage:        2 bytes
   369 ;; Hardware stack levels required when called:    2
   370 ;; This function calls:
   371 ;;		_setup
   372 ;; This function is called by:
   373 ;;		Startup code after reset
   374 ;; This function uses a non-reentrant model
   375 ;;
   376                           
   377                           
   378                           ;psect for function _main
   379  00AE                     _main:	
   380  00AE                     l868:	
   381                           ;incstack = 0
   382                           ; Regs used in _main: [wreg+status,2+status,0+pclath+cstack]
   383                           
   384                           
   385                           ;newmain.c: 68:     setup();
   386  00AE  120A  118A  20ED  120A  118A  	fcall	_setup
   387  00B3                     l870:	
   388                           
   389                           ;newmain.c: 71:         if (PORTBbits.RB2 == 0 && PORTBbits.RB3 == 1){PORTDbits.RD4 = 0;
      +                           PORTDbits.RD5 = 1;}
   390  00B3  1283               	bcf	3,5	;RP0=0, select bank0
   391  00B4  1303               	bcf	3,6	;RP1=0, select bank0
   392  00B5  1906               	btfsc	6,2	;volatile
   393  00B6  28B8               	goto	u291
   394  00B7  28B9               	goto	u290
   395  00B8                     u291:	
   396  00B8  28BF               	goto	l97
   397  00B9                     u290:	
   398  00B9                     l872:	
   399  00B9  1D86               	btfss	6,3	;volatile
   400  00BA  28BC               	goto	u301
   401  00BB  28BD               	goto	u300
   402  00BC                     u301:	
   403  00BC  28BF               	goto	l97
   404  00BD                     u300:	
   405  00BD                     l874:	
   406  00BD  1208               	bcf	8,4	;volatile
   407  00BE  1688               	bsf	8,5	;volatile
   408  00BF                     l97:	
   409                           
   410                           ;newmain.c: 72:         if (PORTBbits.RB2 == 1 && PORTBbits.RB3 == 0){PORTDbits.RD4 = 1;
      +                           PORTDbits.RD5 = 0;}
   411  00BF  1D06               	btfss	6,2	;volatile
   412  00C0  28C2               	goto	u311
   413  00C1  28C3               	goto	u310
   414  00C2                     u311:	
   415  00C2  28C9               	goto	l98
   416  00C3                     u310:	
   417  00C3                     l876:	
   418  00C3  1986               	btfsc	6,3	;volatile
   419  00C4  28C6               	goto	u321
   420  00C5  28C7               	goto	u320
   421  00C6                     u321:	
   422  00C6  28C9               	goto	l98
   423  00C7                     u320:	
   424  00C7                     l878:	
   425  00C7  1608               	bsf	8,4	;volatile
   426  00C8  1288               	bcf	8,5	;volatile
   427  00C9                     l98:	
   428                           
   429                           ;newmain.c: 73:         PORTEbits.RE1 = (PORTBbits.RB5 || PORTBbits.RB4) ;
   430  00C9  01A6               	clrf	_main$337
   431  00CA  0AA6               	incf	_main$337,f
   432  00CB  1A86               	btfsc	6,5	;volatile
   433  00CC  28CE               	goto	u331
   434  00CD  28CF               	goto	u330
   435  00CE                     u331:	
   436  00CE  28D4               	goto	l884
   437  00CF                     u330:	
   438  00CF                     l880:	
   439  00CF  1A06               	btfsc	6,4	;volatile
   440  00D0  28D2               	goto	u341
   441  00D1  28D3               	goto	u340
   442  00D2                     u341:	
   443  00D2  28D4               	goto	l884
   444  00D3                     u340:	
   445  00D3                     l882:	
   446  00D3  01A6               	clrf	_main$337
   447  00D4                     l884:	
   448  00D4  0C26               	rrf	_main$337,w
   449  00D5  1C03               	skipc
   450  00D6  1089               	bcf	9,1	;volatile
   451  00D7  1803               	skipnc
   452  00D8  1489               	bsf	9,1	;volatile
   453  00D9                     l886:	
   454                           
   455                           ;newmain.c: 74:         PORTEbits.RE0 = (PORTBbits.RB6 || PORTBbits.RB4);
   456  00D9  01A7               	clrf	_main$338
   457  00DA  0AA7               	incf	_main$338,f
   458  00DB                     l888:	
   459  00DB  1B06               	btfsc	6,6	;volatile
   460  00DC  28DE               	goto	u351
   461  00DD  28DF               	goto	u350
   462  00DE                     u351:	
   463  00DE  28E4               	goto	l894
   464  00DF                     u350:	
   465  00DF                     l890:	
   466  00DF  1A06               	btfsc	6,4	;volatile
   467  00E0  28E2               	goto	u361
   468  00E1  28E3               	goto	u360
   469  00E2                     u361:	
   470  00E2  28E4               	goto	l894
   471  00E3                     u360:	
   472  00E3                     l892:	
   473  00E3  01A7               	clrf	_main$338
   474  00E4                     l894:	
   475  00E4  0C27               	rrf	_main$338,w
   476  00E5  1C03               	skipc
   477  00E6  1009               	bcf	9,0	;volatile
   478  00E7  1803               	skipnc
   479  00E8  1409               	bsf	9,0	;volatile
   480  00E9  28B3               	goto	l870
   481  00EA  120A  118A  280C   	ljmp	start
   482  00ED                     __end_of_main:	
   483                           
   484                           	psect	text1
   485  00ED                     __ptext1:	
   486 ;; *************** function _setup *****************
   487 ;; Defined at:
   488 ;;		line 80 in file "newmain.c"
   489 ;; Parameters:    Size  Location     Type
   490 ;;		None
   491 ;; Auto vars:     Size  Location     Type
   492 ;;		None
   493 ;; Return value:  Size  Location     Type
   494 ;;                  1    wreg      void 
   495 ;; Registers used:
   496 ;;		wreg, status,2
   497 ;; Tracked objects:
   498 ;;		On entry : 0/0
   499 ;;		On exit  : 0/0
   500 ;;		Unchanged: 0/0
   501 ;; Data sizes:     COMMON   BANK0   BANK1   BANK3   BANK2
   502 ;;      Params:         0       0       0       0       0
   503 ;;      Locals:         0       0       0       0       0
   504 ;;      Temps:          0       0       0       0       0
   505 ;;      Totals:         0       0       0       0       0
   506 ;;Total ram usage:        0 bytes
   507 ;; Hardware stack levels used:    1
   508 ;; Hardware stack levels required when called:    1
   509 ;; This function calls:
   510 ;;		Nothing
   511 ;; This function is called by:
   512 ;;		_main
   513 ;; This function uses a non-reentrant model
   514 ;;
   515                           
   516                           
   517                           ;psect for function _setup
   518  00ED                     _setup:	
   519  00ED                     l844:	
   520                           ;incstack = 0
   521                           ; Regs used in _setup: [wreg+status,2]
   522                           
   523                           
   524                           ;newmain.c: 82:     TRISA = 0b00000000;
   525  00ED  1683               	bsf	3,5	;RP0=1, select bank1
   526  00EE  1303               	bcf	3,6	;RP1=0, select bank1
   527  00EF  0185               	clrf	5	;volatile
   528                           
   529                           ;newmain.c: 83:     ANSEL = 0b00000000;
   530  00F0  1683               	bsf	3,5	;RP0=1, select bank3
   531  00F1  1703               	bsf	3,6	;RP1=1, select bank3
   532  00F2  0188               	clrf	8	;volatile
   533                           
   534                           ;newmain.c: 84:     ANSELH = 0b00000000;
   535  00F3  0189               	clrf	9	;volatile
   536  00F4                     l846:	
   537                           
   538                           ;newmain.c: 85:     TRISB = 0b11111111;
   539  00F4  30FF               	movlw	255
   540  00F5  1683               	bsf	3,5	;RP0=1, select bank1
   541  00F6  1303               	bcf	3,6	;RP1=0, select bank1
   542  00F7  0086               	movwf	6	;volatile
   543  00F8                     l848:	
   544                           
   545                           ;newmain.c: 86:     TRISC = 0b00000000;
   546  00F8  0187               	clrf	7	;volatile
   547  00F9                     l850:	
   548                           
   549                           ;newmain.c: 87:     TRISD = 0b00000000;
   550  00F9  0188               	clrf	8	;volatile
   551  00FA                     l852:	
   552                           
   553                           ;newmain.c: 88:     TRISE = 0b0000;
   554  00FA  0189               	clrf	9	;volatile
   555  00FB                     l854:	
   556                           
   557                           ;newmain.c: 89:     PORTA = 0b00000000;
   558  00FB  1283               	bcf	3,5	;RP0=0, select bank0
   559  00FC  1303               	bcf	3,6	;RP1=0, select bank0
   560  00FD  0185               	clrf	5	;volatile
   561  00FE                     l856:	
   562                           
   563                           ;newmain.c: 90:     PORTC = 0b00000000;
   564  00FE  0187               	clrf	7	;volatile
   565  00FF                     l858:	
   566                           
   567                           ;newmain.c: 91:     PORTD = 0b00000000;
   568  00FF  0188               	clrf	8	;volatile
   569  0100                     l860:	
   570                           
   571                           ;newmain.c: 92:     PORTE = 0b0000;
   572  0100  0189               	clrf	9	;volatile
   573                           
   574                           ;newmain.c: 95:     IOCB = 0b00000011;
   575  0101  3003               	movlw	3
   576  0102  1683               	bsf	3,5	;RP0=1, select bank1
   577  0103  1303               	bcf	3,6	;RP1=0, select bank1
   578  0104  0096               	movwf	22	;volatile
   579  0105                     l862:	
   580                           
   581                           ;newmain.c: 96:     INTCONbits.RBIF = 0;
   582  0105  100B               	bcf	11,0	;volatile
   583  0106                     l864:	
   584                           
   585                           ;newmain.c: 97:     INTCONbits.RBIE = 1;
   586  0106  158B               	bsf	11,3	;volatile
   587  0107                     l866:	
   588                           
   589                           ;newmain.c: 98:     INTCONbits.GIE = 1; }
   590  0107  178B               	bsf	11,7	;volatile
   591  0108                     l108:	
   592  0108  0008               	return
   593  0109                     __end_of_setup:	
   594                           
   595                           	psect	text2
   596  0036                     __ptext2:	
   597 ;; *************** function _isr *****************
   598 ;; Defined at:
   599 ;;		line 35 in file "newmain.c"
   600 ;; Parameters:    Size  Location     Type
   601 ;;		None
   602 ;; Auto vars:     Size  Location     Type
   603 ;;		None
   604 ;; Return value:  Size  Location     Type
   605 ;;                  1    wreg      void 
   606 ;; Registers used:
   607 ;;		wreg
   608 ;; Tracked objects:
   609 ;;		On entry : 0/0
   610 ;;		On exit  : 0/0
   611 ;;		Unchanged: 0/0
   612 ;; Data sizes:     COMMON   BANK0   BANK1   BANK3   BANK2
   613 ;;      Params:         0       0       0       0       0
   614 ;;      Locals:         0       0       0       0       0
   615 ;;      Temps:          3       0       0       0       0
   616 ;;      Totals:         3       0       0       0       0
   617 ;;Total ram usage:        3 bytes
   618 ;; Hardware stack levels used:    1
   619 ;; This function calls:
   620 ;;		Nothing
   621 ;; This function is called by:
   622 ;;		Interrupt level 1
   623 ;; This function uses a non-reentrant model
   624 ;;
   625                           
   626                           
   627                           ;psect for function _isr
   628  0036                     _isr:	
   629  0036                     i1l724:	
   630                           
   631                           ;newmain.c: 36:     if (INTCONbits.RBIF == 1){
   632  0036  1C0B               	btfss	11,0	;volatile
   633  0037  2839               	goto	u1_21
   634  0038  283A               	goto	u1_20
   635  0039                     u1_21:	
   636  0039  2849               	goto	i1l75
   637  003A                     u1_20:	
   638  003A                     i1l726:	
   639                           
   640                           ;newmain.c: 37:         if (PORTBbits.RB0 == 0){S_ABRIR = 1;}
   641  003A  1283               	bcf	3,5	;RP0=0, select bank0
   642  003B  1303               	bcf	3,6	;RP1=0, select bank0
   643  003C  1806               	btfsc	6,0	;volatile
   644  003D  283F               	goto	u2_21
   645  003E  2840               	goto	u2_20
   646  003F                     u2_21:	
   647  003F  2842               	goto	i1l76
   648  0040                     u2_20:	
   649  0040                     i1l728:	
   650  0040  01F7               	clrf	_S_ABRIR
   651  0041  0AF7               	incf	_S_ABRIR,f
   652  0042                     i1l76:	
   653                           
   654                           ;newmain.c: 38:         if (PORTBbits.RB1 == 0){S_CERRAR= 1;}
   655  0042  1886               	btfsc	6,1	;volatile
   656  0043  2845               	goto	u3_21
   657  0044  2846               	goto	u3_20
   658  0045                     u3_21:	
   659  0045  2848               	goto	i1l77
   660  0046                     u3_20:	
   661  0046                     i1l730:	
   662  0046  01F6               	clrf	_S_CERRAR
   663  0047  0AF6               	incf	_S_CERRAR,f
   664  0048                     i1l77:	
   665                           
   666                           ;newmain.c: 39:         INTCONbits.RBIF = 0;}
   667  0048  100B               	bcf	11,0	;volatile
   668  0049                     i1l75:	
   669                           
   670                           ;newmain.c: 41:     if(PIR1bits.SSPIF == 1){
   671  0049  1283               	bcf	3,5	;RP0=0, select bank0
   672  004A  1303               	bcf	3,6	;RP1=0, select bank0
   673  004B  1D8C               	btfss	12,3	;volatile
   674  004C  284E               	goto	u4_21
   675  004D  284F               	goto	u4_20
   676  004E                     u4_21:	
   677  004E  28A7               	goto	i1l91
   678  004F                     u4_20:	
   679  004F                     i1l732:	
   680                           
   681                           ;newmain.c: 42:        SSPCONbits.CKP = 0;
   682  004F  1214               	bcf	20,4	;volatile
   683                           
   684                           ;newmain.c: 43:         if ((SSPCONbits.SSPOV) || (SSPCONbits.WCOL)){
   685  0050  1B14               	btfsc	20,6	;volatile
   686  0051  2853               	goto	u5_21
   687  0052  2854               	goto	u5_20
   688  0053                     u5_21:	
   689  0053  2858               	goto	i1l736
   690  0054                     u5_20:	
   691  0054                     i1l734:	
   692  0054  1F94               	btfss	20,7	;volatile
   693  0055  2857               	goto	u6_21
   694  0056  2858               	goto	u6_20
   695  0057                     u6_21:	
   696  0057  285F               	goto	i1l744
   697  0058                     u6_20:	
   698  0058                     i1l736:	
   699                           
   700                           ;newmain.c: 44:             z = SSPBUF;
   701  0058  0813               	movf	19,w	;volatile
   702  0059  00F9               	movwf	??_isr
   703  005A  0879               	movf	??_isr,w
   704  005B  00F5               	movwf	_z
   705  005C                     i1l738:	
   706                           
   707                           ;newmain.c: 45:             SSPCONbits.SSPOV = 0;
   708  005C  1314               	bcf	20,6	;volatile
   709  005D                     i1l740:	
   710                           
   711                           ;newmain.c: 46:             SSPCONbits.WCOL = 0;
   712  005D  1394               	bcf	20,7	;volatile
   713  005E                     i1l742:	
   714                           
   715                           ;newmain.c: 47:             SSPCONbits.CKP = 1; }
   716  005E  1614               	bsf	20,4	;volatile
   717  005F                     i1l744:	
   718                           
   719                           ;newmain.c: 48:         if(!SSPSTATbits.D_nA && !SSPSTATbits.R_nW) {
   720  005F  1683               	bsf	3,5	;RP0=1, select bank1
   721  0060  1303               	bcf	3,6	;RP1=0, select bank1
   722  0061  1A94               	btfsc	20,5	;volatile
   723  0062  2864               	goto	u7_21
   724  0063  2865               	goto	u7_20
   725  0064                     u7_21:	
   726  0064  2883               	goto	i1l82
   727  0065                     u7_20:	
   728  0065                     i1l746:	
   729  0065  1914               	btfsc	20,2	;volatile
   730  0066  2868               	goto	u8_21
   731  0067  2869               	goto	u8_20
   732  0068                     u8_21:	
   733  0068  2883               	goto	i1l82
   734  0069                     u8_20:	
   735  0069                     i1l748:	
   736                           
   737                           ;newmain.c: 49:             z = SSPBUF;
   738  0069  1283               	bcf	3,5	;RP0=0, select bank0
   739  006A  1303               	bcf	3,6	;RP1=0, select bank0
   740  006B  0813               	movf	19,w	;volatile
   741  006C  00F9               	movwf	??_isr
   742  006D  0879               	movf	??_isr,w
   743  006E  00F5               	movwf	_z
   744  006F                     i1l750:	
   745                           
   746                           ;newmain.c: 50:             PIR1bits.SSPIF = 0;
   747  006F  118C               	bcf	12,3	;volatile
   748  0070                     i1l752:	
   749                           
   750                           ;newmain.c: 51:             SSPCONbits.CKP = 1;
   751  0070  1614               	bsf	20,4	;volatile
   752  0071                     i1l83:	
   753                           ;newmain.c: 52:             while(!SSPSTATbits.BF);
   754                           
   755  0071  1683               	bsf	3,5	;RP0=1, select bank1
   756  0072  1303               	bcf	3,6	;RP1=0, select bank1
   757  0073  1C14               	btfss	20,0	;volatile
   758  0074  2876               	goto	u9_21
   759  0075  2877               	goto	u9_20
   760  0076                     u9_21:	
   761  0076  2871               	goto	i1l83
   762  0077                     u9_20:	
   763  0077                     i1l754:	
   764                           
   765                           ;newmain.c: 53:             REC = SSPBUF;
   766  0077  1283               	bcf	3,5	;RP0=0, select bank0
   767  0078  1303               	bcf	3,6	;RP1=0, select bank0
   768  0079  0813               	movf	19,w	;volatile
   769  007A  00F9               	movwf	??_isr
   770  007B  0879               	movf	??_isr,w
   771  007C  00F4               	movwf	_REC
   772                           
   773                           ;newmain.c: 54:             _delay((unsigned long)((250)*(8000000/4000000.0)));
   774  007D  30A6               	movlw	166
   775  007E  00F9               	movwf	??_isr
   776  007F                     u37_27:	
   777  007F  0BF9               	decfsz	??_isr,f
   778  0080  287F               	goto	u37_27
   779  0081  0000               	nop
   780                           
   781                           ;newmain.c: 55:         }else if(!SSPSTATbits.D_nA && SSPSTATbits.R_nW){
   782  0082  28A4               	goto	i1l86
   783  0083                     i1l82:	
   784  0083  1A94               	btfsc	20,5	;volatile
   785  0084  2886               	goto	u10_21
   786  0085  2887               	goto	u10_20
   787  0086                     u10_21:	
   788  0086  28A4               	goto	i1l86
   789  0087                     u10_20:	
   790  0087                     i1l756:	
   791  0087  1D14               	btfss	20,2	;volatile
   792  0088  288A               	goto	u11_21
   793  0089  288B               	goto	u11_20
   794  008A                     u11_21:	
   795  008A  28A4               	goto	i1l86
   796  008B                     u11_20:	
   797  008B                     i1l758:	
   798                           
   799                           ;newmain.c: 56:             z = SSPBUF;
   800  008B  1283               	bcf	3,5	;RP0=0, select bank0
   801  008C  1303               	bcf	3,6	;RP1=0, select bank0
   802  008D  0813               	movf	19,w	;volatile
   803  008E  00F9               	movwf	??_isr
   804  008F  0879               	movf	??_isr,w
   805  0090  00F5               	movwf	_z
   806  0091                     i1l760:	
   807                           
   808                           ;newmain.c: 57:             BF = 0;
   809  0091  1683               	bsf	3,5	;RP0=1, select bank1
   810  0092  1303               	bcf	3,6	;RP1=0, select bank1
   811  0093  1014               	bcf	20,0	;volatile
   812                           
   813                           ;newmain.c: 58:             SSPBUF = VALOR;
   814  0094  0871               	movf	_VALOR,w
   815  0095  1283               	bcf	3,5	;RP0=0, select bank0
   816  0096  1303               	bcf	3,6	;RP1=0, select bank0
   817  0097  0093               	movwf	19	;volatile
   818  0098                     i1l762:	
   819                           
   820                           ;newmain.c: 59:             SSPCONbits.CKP = 1;
   821  0098  1614               	bsf	20,4	;volatile
   822                           
   823                           ;newmain.c: 60:             _delay((unsigned long)((250)*(8000000/4000000.0)));
   824  0099  30A6               	movlw	166
   825  009A  00F9               	movwf	??_isr
   826  009B                     u38_27:	
   827  009B  0BF9               	decfsz	??_isr,f
   828  009C  289B               	goto	u38_27
   829  009D  0000               	nop
   830  009E                     i1l88:	
   831                           ;newmain.c: 61:             while(SSPSTATbits.BF);
   832                           
   833  009E  1683               	bsf	3,5	;RP0=1, select bank1
   834  009F  1303               	bcf	3,6	;RP1=0, select bank1
   835  00A0  1814               	btfsc	20,0	;volatile
   836  00A1  28A3               	goto	u12_21
   837  00A2  28A4               	goto	u12_20
   838  00A3                     u12_21:	
   839  00A3  289E               	goto	i1l88
   840  00A4                     u12_20:	
   841  00A4                     i1l86:	
   842  00A4  1283               	bcf	3,5	;RP0=0, select bank0
   843  00A5  1303               	bcf	3,6	;RP1=0, select bank0
   844  00A6  118C               	bcf	12,3	;volatile
   845  00A7                     i1l91:	
   846  00A7  087B               	movf	??_isr+2,w
   847  00A8  008A               	movwf	10
   848  00A9  0E7A               	swapf	(??_isr+1)^(0+4294967168),w
   849  00AA  0083               	movwf	3
   850  00AB  0EFE               	swapf	btemp,f
   851  00AC  0E7E               	swapf	btemp,w
   852  00AD  0009               	retfie
   853  00AE                     __end_of_isr:	
   854  007E                     btemp	set	126	;btemp
   855  007E                     wtemp0	set	126
   856                           
   857                           	psect	intentry
   858  0004                     __pintentry:	
   859                           ;incstack = 0
   860                           ; Regs used in _isr: [wreg]
   861                           
   862  0004                     interrupt_function:	
   863  007E                     saved_w	set	btemp
   864  0004  00FE               	movwf	btemp
   865  0005  0E03               	swapf	3,w
   866  0006  00FA               	movwf	??_isr+1
   867  0007  080A               	movf	10,w
   868  0008  00FB               	movwf	??_isr+2
   869  0009  120A  118A  2836   	ljmp	_isr


Data Sizes:
    Strings     0
    Constant    0
    Data        4
    BSS         11
    Persistent  0
    Stack       0

Auto Spaces:
    Space          Size  Autos    Used
    COMMON           14      3      12
    BANK0            80      2       8
    BANK1            80      0       0
    BANK3            96      0       0
    BANK2            96      0       0

Pointer List with Targets:

    None.

Critical Paths under _main in COMMON

    None.

Critical Paths under _isr in COMMON

    None.

Critical Paths under _main in BANK0

    None.

Critical Paths under _isr in BANK0

    None.

Critical Paths under _main in BANK1

    None.

Critical Paths under _isr in BANK1

    None.

Critical Paths under _main in BANK3

    None.

Critical Paths under _isr in BANK3

    None.

Critical Paths under _main in BANK2

    None.

Critical Paths under _isr in BANK2

    None.

Call Graph Tables:

 ---------------------------------------------------------------------------------
 (Depth) Function   	        Calls       Base Space   Used Autos Params    Refs
 ---------------------------------------------------------------------------------
 (0) _main                                                 2     2      0      74
                                              0 BANK0      2     2      0
                              _setup
 ---------------------------------------------------------------------------------
 (1) _setup                                                0     0      0       0
 ---------------------------------------------------------------------------------
 Estimated maximum stack depth 1
 ---------------------------------------------------------------------------------
 (Depth) Function   	        Calls       Base Space   Used Autos Params    Refs
 ---------------------------------------------------------------------------------
 (2) _isr                                                  3     3      0       0
                                              0 COMMON     3     3      0
 ---------------------------------------------------------------------------------
 Estimated maximum stack depth 2
 ---------------------------------------------------------------------------------

 Call Graph Graphs:

 _main (ROOT)
   _setup

 _isr (ROOT)

 Address spaces:
Name               Size   Autos  Total    Cost      Usage
BANK3               60      0       0       9        0.0%
BITBANK3            60      0       0       8        0.0%
SFR3                 0      0       0       4        0.0%
BITSFR3              0      0       0       4        0.0%
BANK2               60      0       0      11        0.0%
BITBANK2            60      0       0      10        0.0%
SFR2                 0      0       0       5        0.0%
BITSFR2              0      0       0       5        0.0%
BANK1               50      0       0       7        0.0%
BITBANK1            50      0       0       6        0.0%
SFR1                 0      0       0       2        0.0%
BITSFR1              0      0       0       2        0.0%
BANK0               50      2       8       5       10.0%
BITBANK0            50      0       0       4        0.0%
SFR0                 0      0       0       1        0.0%
BITSFR0              0      0       0       1        0.0%
COMMON               E      3       C       1       85.7%
BITCOMMON            E      0       0       0        0.0%
CODE                 0      0       0       0        0.0%
DATA                 0      0      14      12        0.0%
ABS                  0      0      14       3        0.0%
NULL                 0      0       0       0        0.0%
STACK                0      0       0       2        0.0%
EEDATA             100      0       0       0        0.0%


Microchip Technology PIC Macro Assembler V2.10 build 88905656 
Symbol Table                                                                                   Fri Apr 24 13:21:37 2020

                       _D 0024                         _z 0075               __CFG_CP$OFF 0000  
             _SSPSTATbits 0094                        _BF 04A0                        l97 00BF  
                      l98 00C9                       l108 0108                       l850 00F9  
                     l860 0100                       l852 00FA                       l844 00ED  
                     l862 0105                       l854 00FB                       l846 00F4  
                     l870 00B3                       l864 0106                       l856 00FE  
                     l848 00F8                       l880 00CF                       l872 00B9  
                     l866 0107                       l858 00FF                       l890 00DF  
                     l882 00D3                       l874 00BD                       l892 00E3  
                     l884 00D4                       l876 00C3                       l868 00AE  
                     l894 00E4                       l886 00D9                       l878 00C7  
                     l888 00DB                       u300 00BD                       u301 00BC  
                     u310 00C3                       u311 00C2                       u320 00C7  
                     u321 00C6                       u330 00CF                       u331 00CE  
                     u340 00D3                       u341 00D2                       _REC 0074  
                     u350 00DF                       u351 00DE                       u360 00E3  
                     u361 00E2                       u290 00B9              __CFG_CPD$OFF 0000  
                     u291 00B8                       _L_D 0073                       _L_I 0072  
                     _isr 0036              __CFG_LVP$OFF 0000                      ?_isr 0079  
                    _IOCB 0096                      _LEDS 0020                      i1l82 0083  
                    i1l83 0071                      i1l91 00A7                      i1l75 0049  
                    i1l76 0042                      i1l77 0048                      i1l86 00A4  
                    i1l88 009E                      u1_20 003A                      u1_21 0039  
                    u2_20 0040                      u2_21 003F                      u3_20 0046  
                    u3_21 0045                      u4_20 004F                      u4_21 004E  
                    u5_20 0054                      u5_21 0053                      u6_20 0058  
                    u6_21 0057                      u7_20 0065                      u7_21 0064  
                    u8_20 0069                      u8_21 0068                      u9_20 0077  
                    u9_21 0076              __CFG_WRT$OFF 0000                      _main 00AE  
                    btemp 007E                      start 000C             __CFG_IESO$OFF 0000  
                   ??_isr 0079                     ?_main 0079             __CFG_WDTE$OFF 0000  
                   _ANSEL 0188                     i1l730 0046                     i1l740 005D  
                   i1l732 004F                     i1l724 0036                     i1l750 006F  
                   i1l742 005E                     i1l734 0054                     i1l726 003A  
                   i1l760 0091                     i1l752 0070                     i1l744 005F  
                   i1l736 0058                     i1l728 0040                     i1l762 0098  
                   i1l754 0077                     i1l746 0065                     i1l738 005C  
                   i1l756 0087                     i1l748 0069                     i1l758 008B  
                   u10_20 0087                     u10_21 0086                     u11_20 008B  
                   u11_21 008A                     u12_20 00A4                     u12_21 00A3  
                   _VALOR 0071                     _PORTA 0005                     _PORTC 0007  
                   _PORTD 0008                     _PORTE 0009                     u37_27 007F  
                   u38_27 009B                     _TRISA 0085                     _TRISB 0086  
                   _TRISC 0087                     _TRISD 0088                     _TRISE 0089  
          __CFG_FCMEN$OFF 0000                     _delay 0022                     _setup 00ED  
          __CFG_BOREN$OFF 0000                     pclath 000A                     status 0003  
                   wtemp0 007E            __CFG_MCLRE$OFF 0000           __initialization 000F  
            __end_of_main 00ED                    ??_main 0026                    ?_setup 0079  
                  _ANSELH 0189                    _ESTADO 0078                    _SSPBUF 0013  
          __CFG_PWRTE$OFF 0000                    saved_w 007E   __end_of__initialization 0032  
          __pcstackCOMMON 0079              __pidataBANK0 0109             __end_of_setup 0109  
                 ??_setup 0026                __pbssBANK0 0024                __pmaintext 00AE  
              __pintentry 0004                   _LEDROJO 0070                   _S_ABRIR 0077  
                 __ptext1 00ED                   __ptext2 0036              __size_of_isr 0078  
    end_of_initialization 0032                 _PORTBbits 0006                 _PORTDbits 0008  
               _PORTEbits 0009       start_initialization 000F               __end_of_isr 00AE  
__CFG_FOSC$INTRC_NOCLKOUT 0000               __pdataBANK0 0020               __pbssCOMMON 0070  
               ___latbits 0002             __pcstackBANK0 0026            __size_of_setup 001C  
       interrupt_function 0004                  _PIR1bits 000C                  _S_CERRAR 0076  
                _main$337 0026                  _main$338 0027         __CFG_BOR4V$BOR21V 0000  
           __size_of_main 003F                _INTCONbits 000B                  intlevel1 0000  
              _SSPCONbits 0014  
