

Microchip MPLAB XC8 Assembler V2.10 build 88905656 
                                                                                               Fri Apr 24 19:16:33 2020

Microchip MPLAB XC8 C Compiler v2.10 (Free license) build 20190730164152 Og1 
     1                           	processor	16F887
     2                           	opt	pw 120
     3                           	opt	flic
     4                           	psect	idataBANK0,global,class=CODE,delta=2
     5                           	psect	cinit,global,class=CODE,merge=1,delta=2
     6                           	psect	bssCOMMON,global,class=COMMON,space=1,delta=1
     7                           	psect	bssBANK0,global,class=BANK0,space=1,delta=1
     8                           	psect	dataBANK0,global,class=BANK0,space=1,delta=1
     9                           	psect	cstackCOMMON,global,class=COMMON,space=1,delta=1
    10                           	psect	cstackBANK0,global,class=BANK0,space=1,delta=1
    11                           	psect	maintext,global,class=CODE,split=1,delta=2
    12                           	psect	text1,local,class=CODE,merge=1,delta=2
    13                           	psect	text2,local,class=CODE,merge=1,delta=2
    14                           	psect	intentry,global,class=CODE,delta=2
    15                           	dabs	1,0x7E,2
    16  0000                     
    17                           ; Version 2.10
    18                           ; Generated 31/07/2019 GMT
    19                           ; 
    20                           ; Copyright © 2019, Microchip Technology Inc. and its subsidiaries ("Microchip")
    21                           ; All rights reserved.
    22                           ; 
    23                           ; This software is developed by Microchip Technology Inc. and its subsidiaries ("Microch
      +                          ip").
    24                           ; 
    25                           ; Redistribution and use in source and binary forms, with or without modification, are
    26                           ; permitted provided that the following conditions are met:
    27                           ; 
    28                           ;     1. Redistributions of source code must retain the above copyright notice, this lis
      +                          t of
    29                           ;        conditions and the following disclaimer.
    30                           ; 
    31                           ;     2. Redistributions in binary form must reproduce the above copyright notice, this 
      +                          list
    32                           ;        of conditions and the following disclaimer in the documentation and/or other
    33                           ;        materials provided with the distribution.
    34                           ; 
    35                           ;     3. Microchip's name may not be used to endorse or promote products derived from th
      +                          is
    36                           ;        software without specific prior written permission.
    37                           ; 
    38                           ; THIS SOFTWARE IS PROVIDED BY MICROCHIP "AS IS" AND ANY EXPRESS OR IMPLIED WARRANTIES,
    39                           ; INCLUDING, BUT NOT LIMITED TO, THE IMPLIED WARRANTIES OF MERCHANTABILITY AND FITNESS F
      +                          OR
    40                           ; PURPOSE ARE DISCLAIMED.  IN NO EVENT SHALL MICROCHIP BE LIABLE FOR ANY DIRECT, INDIREC
      +                          T,
    41                           ; INCIDENTAL, SPECIAL, EXEMPLARY, OR CONSEQUENTIAL DAMAGES (INCLUDING BUT NOT LIMITED TO
    42                           ; PROCUREMENT OF SUBSTITUTE GOODS OR SERVICES; LOSS OF USE, DATA OR PROFITS; OR BUSINESS
    43                           ; INTERRUPTION) HOWSOEVER CAUSED AND ON ANY THEORY OF LIABILITY, WHETHER IN CONTRACT, ST
      +                          RICT
    44                           ; LIABILITY, OR TORT (INCLUDING NEGLIGENCE OR OTHERWISE) ARISING IN ANY WAY OUT OF THE U
      +                          SE OF
    45                           ; THIS SOFTWARE, EVEN IF ADVISED OF THE POSSIBILITY OF SUCH DAMAGE.
    46                           ; 
    47                           ; 
    48                           ; Code-generator required, PIC16F887 Definitions
    49                           ; 
    50                           ; SFR Addresses
    51  0000                     	;# 
    52  0001                     	;# 
    53  0002                     	;# 
    54  0003                     	;# 
    55  0004                     	;# 
    56  0005                     	;# 
    57  0006                     	;# 
    58  0007                     	;# 
    59  0008                     	;# 
    60  0009                     	;# 
    61  000A                     	;# 
    62  000B                     	;# 
    63  000C                     	;# 
    64  000D                     	;# 
    65  000E                     	;# 
    66  000E                     	;# 
    67  000F                     	;# 
    68  0010                     	;# 
    69  0011                     	;# 
    70  0012                     	;# 
    71  0013                     	;# 
    72  0014                     	;# 
    73  0015                     	;# 
    74  0015                     	;# 
    75  0016                     	;# 
    76  0017                     	;# 
    77  0018                     	;# 
    78  0019                     	;# 
    79  001A                     	;# 
    80  001B                     	;# 
    81  001B                     	;# 
    82  001C                     	;# 
    83  001D                     	;# 
    84  001E                     	;# 
    85  001F                     	;# 
    86  0081                     	;# 
    87  0085                     	;# 
    88  0086                     	;# 
    89  0087                     	;# 
    90  0088                     	;# 
    91  0089                     	;# 
    92  008C                     	;# 
    93  008D                     	;# 
    94  008E                     	;# 
    95  008F                     	;# 
    96  0090                     	;# 
    97  0091                     	;# 
    98  0092                     	;# 
    99  0093                     	;# 
   100  0093                     	;# 
   101  0093                     	;# 
   102  0094                     	;# 
   103  0095                     	;# 
   104  0096                     	;# 
   105  0097                     	;# 
   106  0098                     	;# 
   107  0099                     	;# 
   108  009A                     	;# 
   109  009B                     	;# 
   110  009C                     	;# 
   111  009D                     	;# 
   112  009E                     	;# 
   113  009F                     	;# 
   114  0105                     	;# 
   115  0107                     	;# 
   116  0108                     	;# 
   117  0109                     	;# 
   118  010C                     	;# 
   119  010C                     	;# 
   120  010D                     	;# 
   121  010E                     	;# 
   122  010F                     	;# 
   123  0185                     	;# 
   124  0187                     	;# 
   125  0188                     	;# 
   126  0189                     	;# 
   127  018C                     	;# 
   128  018D                     	;# 
   129  0000                     	;# 
   130  0001                     	;# 
   131  0002                     	;# 
   132  0003                     	;# 
   133  0004                     	;# 
   134  0005                     	;# 
   135  0006                     	;# 
   136  0007                     	;# 
   137  0008                     	;# 
   138  0009                     	;# 
   139  000A                     	;# 
   140  000B                     	;# 
   141  000C                     	;# 
   142  000D                     	;# 
   143  000E                     	;# 
   144  000E                     	;# 
   145  000F                     	;# 
   146  0010                     	;# 
   147  0011                     	;# 
   148  0012                     	;# 
   149  0013                     	;# 
   150  0014                     	;# 
   151  0015                     	;# 
   152  0015                     	;# 
   153  0016                     	;# 
   154  0017                     	;# 
   155  0018                     	;# 
   156  0019                     	;# 
   157  001A                     	;# 
   158  001B                     	;# 
   159  001B                     	;# 
   160  001C                     	;# 
   161  001D                     	;# 
   162  001E                     	;# 
   163  001F                     	;# 
   164  0081                     	;# 
   165  0085                     	;# 
   166  0086                     	;# 
   167  0087                     	;# 
   168  0088                     	;# 
   169  0089                     	;# 
   170  008C                     	;# 
   171  008D                     	;# 
   172  008E                     	;# 
   173  008F                     	;# 
   174  0090                     	;# 
   175  0091                     	;# 
   176  0092                     	;# 
   177  0093                     	;# 
   178  0093                     	;# 
   179  0093                     	;# 
   180  0094                     	;# 
   181  0095                     	;# 
   182  0096                     	;# 
   183  0097                     	;# 
   184  0098                     	;# 
   185  0099                     	;# 
   186  009A                     	;# 
   187  009B                     	;# 
   188  009C                     	;# 
   189  009D                     	;# 
   190  009E                     	;# 
   191  009F                     	;# 
   192  0105                     	;# 
   193  0107                     	;# 
   194  0108                     	;# 
   195  0109                     	;# 
   196  010C                     	;# 
   197  010C                     	;# 
   198  010D                     	;# 
   199  010E                     	;# 
   200  010F                     	;# 
   201  0185                     	;# 
   202  0187                     	;# 
   203  0188                     	;# 
   204  0189                     	;# 
   205  018C                     	;# 
   206  018D                     	;# 
   207                           
   208                           	psect	idataBANK0
   209  0279                     __pidataBANK0:	
   210                           
   211                           ;initializer for _LEDS
   212  0279  3432               	retlw	50
   213  027A  3400               	retlw	0
   214                           
   215                           ;initializer for _delay
   216  027B  340F               	retlw	15
   217  027C  3400               	retlw	0
   218  0009                     _PORTE	set	9
   219  0008                     _PORTD	set	8
   220  0007                     _PORTC	set	7
   221  0005                     _PORTA	set	5
   222  0009                     _PORTEbits	set	9
   223  0008                     _PORTDbits	set	8
   224  0013                     _SSPBUF	set	19
   225  0014                     _SSPCONbits	set	20
   226  000C                     _PIR1bits	set	12
   227  0006                     _PORTBbits	set	6
   228  000B                     _INTCONbits	set	11
   229  0096                     _IOCB	set	150
   230  0089                     _TRISE	set	137
   231  0088                     _TRISD	set	136
   232  0087                     _TRISC	set	135
   233  0086                     _TRISB	set	134
   234  0085                     _TRISA	set	133
   235  0094                     _SSPSTATbits	set	148
   236  04A0                     _BF	set	1184
   237  0189                     _ANSELH	set	393
   238  0188                     _ANSEL	set	392
   239                           
   240                           ; #config settings
   241  0000                     
   242                           	psect	cinit
   243  000F                     start_initialization:	
   244  000F                     __initialization:	
   245                           
   246                           ; Initialize objects allocated to BANK0
   247  000F  120A  118A  2279  120A  118A  	fcall	__pidataBANK0	;fetch initializer
   248  0014  00AC               	movwf	__pdataBANK0& (0+127)
   249  0015  120A  118A  227A  120A  118A  	fcall	__pidataBANK0+1	;fetch initializer
   250  001A  00AD               	movwf	(__pdataBANK0+1)& (0+127)
   251  001B  120A  118A  227B  120A  118A  	fcall	__pidataBANK0+2	;fetch initializer
   252  0020  00AE               	movwf	(__pdataBANK0+2)& (0+127)
   253  0021  120A  118A  227C  120A  118A  	fcall	__pidataBANK0+3	;fetch initializer
   254  0026  00AF               	movwf	(__pdataBANK0+3)& (0+127)
   255                           
   256                           ; Clear objects allocated to BANK0
   257  0027  01B0               	clrf	__pbssBANK0& (0+127)
   258  0028  01B1               	clrf	(__pbssBANK0+1)& (0+127)
   259  0029  01B2               	clrf	(__pbssBANK0+2)& (0+127)
   260                           
   261                           ; Clear objects allocated to COMMON
   262  002A  01F0               	clrf	__pbssCOMMON& (0+127)
   263  002B  01F1               	clrf	(__pbssCOMMON+1)& (0+127)
   264  002C  01F2               	clrf	(__pbssCOMMON+2)& (0+127)
   265  002D  01F3               	clrf	(__pbssCOMMON+3)& (0+127)
   266  002E  01F4               	clrf	(__pbssCOMMON+4)& (0+127)
   267  002F  01F5               	clrf	(__pbssCOMMON+5)& (0+127)
   268  0030  01F6               	clrf	(__pbssCOMMON+6)& (0+127)
   269  0031  01F7               	clrf	(__pbssCOMMON+7)& (0+127)
   270  0032                     end_of_initialization:	
   271                           ;End of C runtime variable initialization code
   272                           
   273  0032                     __end_of__initialization:	
   274  0032  0183               	clrf	3
   275  0033  120A  118A  2836   	ljmp	_main	;jump to C main() function
   276                           
   277                           	psect	bssCOMMON
   278  0070                     __pbssCOMMON:	
   279  0070                     _D:	
   280  0070                     	ds	2
   281  0072                     _VALOR:	
   282  0072                     	ds	1
   283  0073                     _L_I:	
   284  0073                     	ds	1
   285  0074                     _L_D:	
   286  0074                     	ds	1
   287  0075                     _REC:	
   288  0075                     	ds	1
   289  0076                     _z:	
   290  0076                     	ds	1
   291  0077                     _ESTADO:	
   292  0077                     	ds	1
   293                           
   294                           	psect	bssBANK0
   295  0030                     __pbssBANK0:	
   296  0030                     _LEDROJO:	
   297  0030                     	ds	1
   298  0031                     _S_CERRAR:	
   299  0031                     	ds	1
   300  0032                     _S_ABRIR:	
   301  0032                     	ds	1
   302                           
   303                           	psect	dataBANK0
   304  002C                     __pdataBANK0:	
   305  002C                     _LEDS:	
   306  002C                     	ds	2
   307  002E                     _delay:	
   308  002E                     	ds	2
   309                           
   310                           	psect	cstackCOMMON
   311  0078                     __pcstackCOMMON:	
   312  0078                     ?_setup:	
   313  0078                     ?_isr:	
   314                           ; 1 bytes @ 0x0
   315                           
   316  0078                     ??_isr:	
   317                           ; 1 bytes @ 0x0
   318                           
   319  0078                     ?_main:	
   320                           ; 1 bytes @ 0x0
   321                           
   322                           
   323                           ; 1 bytes @ 0x0
   324  0078                     	ds	3
   325  007B                     ??_setup:	
   326                           
   327                           	psect	cstackBANK0
   328  0020                     __pcstackBANK0:	
   329                           ; 1 bytes @ 0x3
   330                           
   331  0020                     ??_main:	
   332                           
   333                           ; 1 bytes @ 0x0
   334  0020                     	ds	2
   335  0022                     _main$337:	
   336                           
   337                           ; 1 bytes @ 0x2
   338  0022                     	ds	1
   339  0023                     _main$338:	
   340                           
   341                           ; 1 bytes @ 0x3
   342  0023                     	ds	1
   343  0024                     main@a:	
   344                           
   345                           ; 2 bytes @ 0x4
   346  0024                     	ds	2
   347  0026                     main@b:	
   348                           
   349                           ; 2 bytes @ 0x6
   350  0026                     	ds	2
   351  0028                     main@i:	
   352                           
   353                           ; 2 bytes @ 0x8
   354  0028                     	ds	2
   355  002A                     main@i_342:	
   356                           
   357                           ; 2 bytes @ 0xA
   358  002A                     	ds	2
   359                           
   360                           	psect	maintext
   361  0036                     __pmaintext:	
   362 ;;
   363 ;;Main: autosize = 0, tempsize = 2, incstack = 0, save=0
   364 ;;
   365 ;; *************** function _main *****************
   366 ;; Defined at:
   367 ;;		line 67 in file "newmain.c"
   368 ;; Parameters:    Size  Location     Type
   369 ;;		None
   370 ;; Auto vars:     Size  Location     Type
   371 ;;  i               2   10[BANK0 ] int 
   372 ;;  i               2    8[BANK0 ] int 
   373 ;;  b               2    6[BANK0 ] int 
   374 ;;  a               2    4[BANK0 ] int 
   375 ;; Return value:  Size  Location     Type
   376 ;;                  1    wreg      void 
   377 ;; Registers used:
   378 ;;		wreg, status,2, status,0, btemp+1, pclath, cstack
   379 ;; Tracked objects:
   380 ;;		On entry : B00/0
   381 ;;		On exit  : 0/0
   382 ;;		Unchanged: 0/0
   383 ;; Data sizes:     COMMON   BANK0   BANK1   BANK3   BANK2
   384 ;;      Params:         0       0       0       0       0
   385 ;;      Locals:         0      10       0       0       0
   386 ;;      Temps:          0       2       0       0       0
   387 ;;      Totals:         0      12       0       0       0
   388 ;;Total ram usage:       12 bytes
   389 ;; Hardware stack levels required when called:    2
   390 ;; This function calls:
   391 ;;		_setup
   392 ;; This function is called by:
   393 ;;		Startup code after reset
   394 ;; This function uses a non-reentrant model
   395 ;;
   396                           
   397                           
   398                           ;psect for function _main
   399  0036                     _main:	
   400  0036                     l1654:	
   401                           ;incstack = 0
   402                           ; Regs used in _main: [wreg+status,2+status,0+btemp+1+pclath+cstack]
   403                           
   404                           
   405                           ;newmain.c: 68:     setup();
   406  0036  120A  118A  225D  120A  118A  	fcall	_setup
   407  003B                     l1656:	
   408                           
   409                           ;newmain.c: 72:         if (PORTBbits.RB2 == 0 && PORTBbits.RB3 == 1){PORTDbits.RD4 = 0;
      +                           PORTDbits.RD5 = 1;}
   410  003B  1283               	bcf	3,5	;RP0=0, select bank0
   411  003C  1303               	bcf	3,6	;RP1=0, select bank0
   412  003D  1906               	btfsc	6,2	;volatile
   413  003E  2840               	goto	u2291
   414  003F  2841               	goto	u2290
   415  0040                     u2291:	
   416  0040  2847               	goto	l97
   417  0041                     u2290:	
   418  0041                     l1658:	
   419  0041  1D86               	btfss	6,3	;volatile
   420  0042  2844               	goto	u2301
   421  0043  2845               	goto	u2300
   422  0044                     u2301:	
   423  0044  2847               	goto	l97
   424  0045                     u2300:	
   425  0045                     l1660:	
   426  0045  1208               	bcf	8,4	;volatile
   427  0046  1688               	bsf	8,5	;volatile
   428  0047                     l97:	
   429                           
   430                           ;newmain.c: 73:         if (PORTBbits.RB2 == 1 && PORTBbits.RB3 == 0){PORTDbits.RD4 = 1;
      +                           PORTDbits.RD5 = 0;}
   431  0047  1D06               	btfss	6,2	;volatile
   432  0048  284A               	goto	u2311
   433  0049  284B               	goto	u2310
   434  004A                     u2311:	
   435  004A  2851               	goto	l98
   436  004B                     u2310:	
   437  004B                     l1662:	
   438  004B  1986               	btfsc	6,3	;volatile
   439  004C  284E               	goto	u2321
   440  004D  284F               	goto	u2320
   441  004E                     u2321:	
   442  004E  2851               	goto	l98
   443  004F                     u2320:	
   444  004F                     l1664:	
   445  004F  1608               	bsf	8,4	;volatile
   446  0050  1288               	bcf	8,5	;volatile
   447  0051                     l98:	
   448                           
   449                           ;newmain.c: 74:         PORTEbits.RE1 = (!PORTBbits.RB5 || !PORTBbits.RB4);
   450  0051  01A2               	clrf	_main$337
   451  0052  0AA2               	incf	_main$337,f
   452  0053  1E86               	btfss	6,5	;volatile
   453  0054  2856               	goto	u2331
   454  0055  2857               	goto	u2330
   455  0056                     u2331:	
   456  0056  285C               	goto	l1670
   457  0057                     u2330:	
   458  0057                     l1666:	
   459  0057  1E06               	btfss	6,4	;volatile
   460  0058  285A               	goto	u2341
   461  0059  285B               	goto	u2340
   462  005A                     u2341:	
   463  005A  285C               	goto	l1670
   464  005B                     u2340:	
   465  005B                     l1668:	
   466  005B  01A2               	clrf	_main$337
   467  005C                     l1670:	
   468  005C  0C22               	rrf	_main$337,w
   469  005D  1C03               	skipc
   470  005E  1089               	bcf	9,1	;volatile
   471  005F  1803               	skipnc
   472  0060  1489               	bsf	9,1	;volatile
   473  0061                     l1672:	
   474                           
   475                           ;newmain.c: 75:         PORTEbits.RE0 = (!PORTBbits.RB6 || !PORTBbits.RB4);
   476  0061  01A3               	clrf	_main$338
   477  0062  0AA3               	incf	_main$338,f
   478  0063                     l1674:	
   479  0063  1F06               	btfss	6,6	;volatile
   480  0064  2866               	goto	u2351
   481  0065  2867               	goto	u2350
   482  0066                     u2351:	
   483  0066  286C               	goto	l1680
   484  0067                     u2350:	
   485  0067                     l1676:	
   486  0067  1E06               	btfss	6,4	;volatile
   487  0068  286A               	goto	u2361
   488  0069  286B               	goto	u2360
   489  006A                     u2361:	
   490  006A  286C               	goto	l1680
   491  006B                     u2360:	
   492  006B                     l1678:	
   493  006B  01A3               	clrf	_main$338
   494  006C                     l1680:	
   495  006C  0C23               	rrf	_main$338,w
   496  006D  1C03               	skipc
   497  006E  1009               	bcf	9,0	;volatile
   498  006F  1803               	skipnc
   499  0070  1409               	bsf	9,0	;volatile
   500  0071                     l1682:	
   501                           
   502                           ;newmain.c: 76:         PORTEbits.RE2 = !PORTBbits.RB7;
   503  0071  1003               	clrc
   504  0072  1F86               	btfss	6,7	;volatile
   505  0073  1403               	setc
   506  0074  1803               	btfsc	3,0
   507  0075  2877               	goto	u2371
   508  0076  287B               	goto	u2370
   509  0077                     u2371:	
   510  0077  1283               	bcf	3,5	;RP0=0, select bank0
   511  0078  1303               	bcf	3,6	;RP1=0, select bank0
   512  0079  1509               	bsf	9,2	;volatile
   513  007A  287E               	goto	u2384
   514  007B                     u2370:	
   515  007B  1283               	bcf	3,5	;RP0=0, select bank0
   516  007C  1303               	bcf	3,6	;RP1=0, select bank0
   517  007D  1109               	bcf	9,2	;volatile
   518  007E                     u2384:	
   519  007E                     l1684:	
   520                           
   521                           ;newmain.c: 77:         if (S_ABRIR == 1){
   522  007E  0332               	decf	_S_ABRIR,w
   523  007F  1D03               	btfss	3,2
   524  0080  2882               	goto	u2391
   525  0081  2883               	goto	u2390
   526  0082                     u2391:	
   527  0082  292E               	goto	l1748
   528  0083                     u2390:	
   529  0083                     l1686:	
   530                           
   531                           ;newmain.c: 78:             if (PORTBbits.RB3 == 0 && PORTBbits.RB2 == 1){
   532  0083  1986               	btfsc	6,3	;volatile
   533  0084  2886               	goto	u2401
   534  0085  2887               	goto	u2400
   535  0086                     u2401:	
   536  0086  28BB               	goto	l104
   537  0087                     u2400:	
   538  0087                     l1688:	
   539  0087  1D06               	btfss	6,2	;volatile
   540  0088  288A               	goto	u2411
   541  0089  288B               	goto	u2410
   542  008A                     u2411:	
   543  008A  28BB               	goto	l104
   544  008B                     u2410:	
   545  008B                     l1690:	
   546                           
   547                           ;newmain.c: 79:                 for (int a = 0; a <= 5; a++){
   548  008B  01A4               	clrf	main@a
   549  008C  01A5               	clrf	main@a+1
   550  008D                     l105:	
   551                           
   552                           ;newmain.c: 80:                     if (PORTDbits.RD7){
   553  008D  1283               	bcf	3,5	;RP0=0, select bank0
   554  008E  1303               	bcf	3,6	;RP1=0, select bank0
   555  008F  1F88               	btfss	8,7	;volatile
   556  0090  2892               	goto	u2421
   557  0091  2893               	goto	u2420
   558  0092                     u2421:	
   559  0092  2896               	goto	l107
   560  0093                     u2420:	
   561  0093                     l1696:	
   562                           
   563                           ;newmain.c: 81:                         PORTDbits.RD7 = 0;
   564  0093  1388               	bcf	8,7	;volatile
   565                           
   566                           ;newmain.c: 82:                         PORTDbits.RD6 = 1;}
   567  0094  1708               	bsf	8,6	;volatile
   568  0095  2898               	goto	l1698
   569  0096                     l107:	
   570                           ;newmain.c: 83:                     else{
   571                           
   572                           
   573                           ;newmain.c: 84:                         PORTDbits.RD7 = 1;
   574  0096  1788               	bsf	8,7	;volatile
   575                           
   576                           ;newmain.c: 85:                         PORTDbits.RD6 = 0;}
   577  0097  1308               	bcf	8,6	;volatile
   578  0098                     l1698:	
   579                           
   580                           ;newmain.c: 86:                     _delay((unsigned long)((LEDS)*(8000000/4000.0)));}
   581  0098  3082               	movlw	130
   582  0099  1283               	bcf	3,5	;RP0=0, select bank0
   583  009A  1303               	bcf	3,6	;RP1=0, select bank0
   584  009B  00A1               	movwf	??_main+1
   585  009C  30DD               	movlw	221
   586  009D  00A0               	movwf	??_main
   587  009E                     u2677:	
   588  009E  0BA0               	decfsz	??_main,f
   589  009F  289E               	goto	u2677
   590  00A0  0BA1               	decfsz	??_main+1,f
   591  00A1  289E               	goto	u2677
   592  00A2  3001               	movlw	1
   593  00A3  1283               	bcf	3,5	;RP0=0, select bank0
   594  00A4  1303               	bcf	3,6	;RP1=0, select bank0
   595  00A5  07A4               	addwf	main@a,f
   596  00A6  1803               	skipnc
   597  00A7  0AA5               	incf	main@a+1,f
   598  00A8  3000               	movlw	0
   599  00A9  07A5               	addwf	main@a+1,f
   600  00AA                     l1700:	
   601  00AA  0825               	movf	main@a+1,w
   602  00AB  3A80               	xorlw	128
   603  00AC  00FF               	movwf	btemp+1
   604  00AD  3080               	movlw	128
   605  00AE  027F               	subwf	btemp+1,w
   606  00AF  1D03               	skipz
   607  00B0  28B3               	goto	u2435
   608  00B1  3006               	movlw	6
   609  00B2  0224               	subwf	main@a,w
   610  00B3                     u2435:	
   611  00B3  1C03               	skipc
   612  00B4  28B6               	goto	u2431
   613  00B5  28B7               	goto	u2430
   614  00B6                     u2431:	
   615  00B6  288D               	goto	l105
   616  00B7                     u2430:	
   617  00B7                     l106:	
   618                           
   619                           ;newmain.c: 87:                 PORTDbits.RD7 = 0;
   620  00B7  1283               	bcf	3,5	;RP0=0, select bank0
   621  00B8  1303               	bcf	3,6	;RP1=0, select bank0
   622  00B9  1388               	bcf	8,7	;volatile
   623                           
   624                           ;newmain.c: 88:                 PORTDbits.RD6 = 0;}
   625  00BA  1308               	bcf	8,6	;volatile
   626  00BB                     l104:	
   627                           
   628                           ;newmain.c: 89:             if (PORTBbits.RB2 == 0 && PORTBbits.RB3 == 1){
   629  00BB  1906               	btfsc	6,2	;volatile
   630  00BC  28BE               	goto	u2441
   631  00BD  28BF               	goto	u2440
   632  00BE                     u2441:	
   633  00BE  292D               	goto	l1746
   634  00BF                     u2440:	
   635  00BF                     l1702:	
   636  00BF  1D86               	btfss	6,3	;volatile
   637  00C0  28C2               	goto	u2451
   638  00C1  28C3               	goto	u2450
   639  00C2                     u2451:	
   640  00C2  292D               	goto	l1746
   641  00C3                     u2450:	
   642  00C3                     l1704:	
   643                           
   644                           ;newmain.c: 90:                 PORTDbits.RD5 = 0;
   645  00C3  1288               	bcf	8,5	;volatile
   646                           
   647                           ;newmain.c: 91:                 PORTDbits.RD4 = 0;
   648  00C4  1208               	bcf	8,4	;volatile
   649                           
   650                           ;newmain.c: 92:                 while(PORTBbits.RB3 == 1){
   651  00C5  2925               	goto	l110
   652  00C6                     l1706:	
   653                           
   654                           ;newmain.c: 93:                     if (LEDROJO == 1){
   655  00C6  0330               	decf	_LEDROJO,w
   656  00C7  1D03               	btfss	3,2
   657  00C8  28CA               	goto	u2461
   658  00C9  28CB               	goto	u2460
   659  00CA                     u2461:	
   660  00CA  28CF               	goto	l112
   661  00CB                     u2460:	
   662  00CB                     l1708:	
   663                           
   664                           ;newmain.c: 94:                     LEDROJO = 0;
   665  00CB  01B0               	clrf	_LEDROJO
   666  00CC                     l1710:	
   667                           
   668                           ;newmain.c: 95:                     PORTDbits.RD6 = 1;
   669  00CC  1708               	bsf	8,6	;volatile
   670  00CD                     l1712:	
   671                           
   672                           ;newmain.c: 96:                     PORTDbits.RD7 = 0;}
   673  00CD  1388               	bcf	8,7	;volatile
   674  00CE  28D3               	goto	l1714
   675  00CF                     l112:	
   676                           ;newmain.c: 97:                     else {LEDROJO = 1;
   677                           
   678  00CF  01B0               	clrf	_LEDROJO
   679  00D0  0AB0               	incf	_LEDROJO,f
   680                           
   681                           ;newmain.c: 98:                     PORTDbits.RD6 = 0;
   682  00D1  1308               	bcf	8,6	;volatile
   683                           
   684                           ;newmain.c: 99:                     PORTDbits.RD7 = 1;}
   685  00D2  1788               	bsf	8,7	;volatile
   686  00D3                     l1714:	
   687                           
   688                           ;newmain.c: 100:                     for (int i = 0; i < 4 ;i++){
   689  00D3  01A8               	clrf	main@i
   690  00D4  01A9               	clrf	main@i+1
   691  00D5                     l1720:	
   692                           
   693                           ;newmain.c: 101:                         if (i == 0){
   694  00D5  1283               	bcf	3,5	;RP0=0, select bank0
   695  00D6  1303               	bcf	3,6	;RP1=0, select bank0
   696  00D7  0828               	movf	main@i,w
   697  00D8  0429               	iorwf	main@i+1,w
   698  00D9  1D03               	btfss	3,2
   699  00DA  28DC               	goto	u2471
   700  00DB  28DD               	goto	u2470
   701  00DC                     u2471:	
   702  00DC  28ED               	goto	l1726
   703  00DD                     u2470:	
   704  00DD                     l1722:	
   705                           
   706                           ;newmain.c: 102:                             PORTDbits.RD0 = 1;
   707  00DD  1408               	bsf	8,0	;volatile
   708                           
   709                           ;newmain.c: 103:                             PORTDbits.RD1 = 0;
   710  00DE  1088               	bcf	8,1	;volatile
   711                           
   712                           ;newmain.c: 104:                             PORTDbits.RD2 = 0;
   713  00DF  1108               	bcf	8,2	;volatile
   714                           
   715                           ;newmain.c: 105:                             PORTDbits.RD3 = 0;
   716  00E0  1188               	bcf	8,3	;volatile
   717  00E1                     l1724:	
   718                           
   719                           ;newmain.c: 106:                             _delay((unsigned long)((delay)*(8000000/400
      +                          0.0)));}
   720  00E1  3027               	movlw	39
   721  00E2  1283               	bcf	3,5	;RP0=0, select bank0
   722  00E3  1303               	bcf	3,6	;RP1=0, select bank0
   723  00E4  00A1               	movwf	??_main+1
   724  00E5  30F4               	movlw	244
   725  00E6  00A0               	movwf	??_main
   726  00E7                     u2687:	
   727  00E7  0BA0               	decfsz	??_main,f
   728  00E8  28E7               	goto	u2687
   729  00E9  0BA1               	decfsz	??_main+1,f
   730  00EA  28E7               	goto	u2687
   731  00EB  0000               	nop
   732  00EC  2910               	goto	l117
   733  00ED                     l1726:	
   734  00ED  0328               	decf	main@i,w
   735  00EE  0429               	iorwf	main@i+1,w
   736  00EF  1D03               	btfss	3,2
   737  00F0  28F2               	goto	u2481
   738  00F1  28F3               	goto	u2480
   739  00F2                     u2481:	
   740  00F2  28F8               	goto	l1732
   741  00F3                     u2480:	
   742  00F3                     l1728:	
   743                           
   744                           ;newmain.c: 108:                             PORTDbits.RD0 = 0;
   745  00F3  1008               	bcf	8,0	;volatile
   746                           
   747                           ;newmain.c: 109:                             PORTDbits.RD1 = 1;
   748  00F4  1488               	bsf	8,1	;volatile
   749                           
   750                           ;newmain.c: 110:                             PORTDbits.RD2 = 0;
   751  00F5  1108               	bcf	8,2	;volatile
   752                           
   753                           ;newmain.c: 111:                             PORTDbits.RD3 = 0;
   754  00F6  1188               	bcf	8,3	;volatile
   755  00F7  28E1               	goto	l1724
   756  00F8                     l1732:	
   757  00F8  3002               	movlw	2
   758  00F9  0628               	xorwf	main@i,w
   759  00FA  0429               	iorwf	main@i+1,w
   760  00FB  1D03               	btfss	3,2
   761  00FC  28FE               	goto	u2491
   762  00FD  28FF               	goto	u2490
   763  00FE                     u2491:	
   764  00FE  2904               	goto	l1738
   765  00FF                     u2490:	
   766  00FF                     l1734:	
   767                           
   768                           ;newmain.c: 114:                             PORTDbits.RD0 = 0;
   769  00FF  1008               	bcf	8,0	;volatile
   770                           
   771                           ;newmain.c: 115:                             PORTDbits.RD1 = 0;
   772  0100  1088               	bcf	8,1	;volatile
   773                           
   774                           ;newmain.c: 116:                             PORTDbits.RD2 = 1;
   775  0101  1508               	bsf	8,2	;volatile
   776                           
   777                           ;newmain.c: 117:                             PORTDbits.RD3 = 0;
   778  0102  1188               	bcf	8,3	;volatile
   779  0103  28E1               	goto	l1724
   780  0104                     l1738:	
   781  0104  3003               	movlw	3
   782  0105  0628               	xorwf	main@i,w
   783  0106  0429               	iorwf	main@i+1,w
   784  0107  1D03               	btfss	3,2
   785  0108  290A               	goto	u2501
   786  0109  290B               	goto	u2500
   787  010A                     u2501:	
   788  010A  2910               	goto	l117
   789  010B                     u2500:	
   790  010B                     l1740:	
   791                           
   792                           ;newmain.c: 120:                             PORTDbits.RD0 = 0;
   793  010B  1008               	bcf	8,0	;volatile
   794                           
   795                           ;newmain.c: 121:                             PORTDbits.RD1 = 0;
   796  010C  1088               	bcf	8,1	;volatile
   797                           
   798                           ;newmain.c: 122:                             PORTDbits.RD2 = 0;
   799  010D  1108               	bcf	8,2	;volatile
   800                           
   801                           ;newmain.c: 123:                             PORTDbits.RD3 = 1;
   802  010E  1588               	bsf	8,3	;volatile
   803  010F  28E1               	goto	l1724
   804  0110                     l117:	
   805  0110  3001               	movlw	1
   806  0111  1283               	bcf	3,5	;RP0=0, select bank0
   807  0112  1303               	bcf	3,6	;RP1=0, select bank0
   808  0113  07A8               	addwf	main@i,f
   809  0114  1803               	skipnc
   810  0115  0AA9               	incf	main@i+1,f
   811  0116  3000               	movlw	0
   812  0117  07A9               	addwf	main@i+1,f
   813  0118                     l1744:	
   814  0118  0829               	movf	main@i+1,w
   815  0119  3A80               	xorlw	128
   816  011A  00FF               	movwf	btemp+1
   817  011B  3080               	movlw	128
   818  011C  027F               	subwf	btemp+1,w
   819  011D  1D03               	skipz
   820  011E  2921               	goto	u2515
   821  011F  3004               	movlw	4
   822  0120  0228               	subwf	main@i,w
   823  0121                     u2515:	
   824  0121  1C03               	skipc
   825  0122  2924               	goto	u2511
   826  0123  2925               	goto	u2510
   827  0124                     u2511:	
   828  0124  28D5               	goto	l1720
   829  0125                     u2510:	
   830  0125                     l110:	
   831                           
   832                           ;newmain.c: 92:                 while(PORTBbits.RB3 == 1){
   833  0125  1283               	bcf	3,5	;RP0=0, select bank0
   834  0126  1303               	bcf	3,6	;RP1=0, select bank0
   835  0127  1986               	btfsc	6,3	;volatile
   836  0128  292A               	goto	u2521
   837  0129  292B               	goto	u2520
   838  012A                     u2521:	
   839  012A  28C6               	goto	l1706
   840  012B                     u2520:	
   841  012B                     l123:	
   842                           
   843                           ;newmain.c: 125:                 PORTDbits.RD6 = 0;
   844  012B  1308               	bcf	8,6	;volatile
   845                           
   846                           ;newmain.c: 126:                 PORTDbits.RD7 = 0;}
   847  012C  1388               	bcf	8,7	;volatile
   848  012D                     l1746:	
   849                           
   850                           ;newmain.c: 127:             S_ABRIR = 0;
   851  012D  01B2               	clrf	_S_ABRIR
   852  012E                     l1748:	
   853                           
   854                           ;newmain.c: 129:         if (S_CERRAR == 1){
   855  012E  0331               	decf	_S_CERRAR,w
   856  012F  1D03               	btfss	3,2
   857  0130  2932               	goto	u2531
   858  0131  2933               	goto	u2530
   859  0132                     u2531:	
   860  0132  283B               	goto	l1656
   861  0133                     u2530:	
   862  0133                     l1750:	
   863                           
   864                           ;newmain.c: 130:             if (PORTBbits.RB3 == 1 && PORTBbits.RB2 == 0){
   865  0133  1D86               	btfss	6,3	;volatile
   866  0134  2936               	goto	u2541
   867  0135  2937               	goto	u2540
   868  0136                     u2541:	
   869  0136  296B               	goto	l125
   870  0137                     u2540:	
   871  0137                     l1752:	
   872  0137  1906               	btfsc	6,2	;volatile
   873  0138  293A               	goto	u2551
   874  0139  293B               	goto	u2550
   875  013A                     u2551:	
   876  013A  296B               	goto	l125
   877  013B                     u2550:	
   878  013B                     l1754:	
   879                           
   880                           ;newmain.c: 131:                 for (int b = 0; b <= 5; b++){
   881  013B  01A6               	clrf	main@b
   882  013C  01A7               	clrf	main@b+1
   883  013D                     l126:	
   884                           
   885                           ;newmain.c: 132:                     if (PORTDbits.RD7){
   886  013D  1283               	bcf	3,5	;RP0=0, select bank0
   887  013E  1303               	bcf	3,6	;RP1=0, select bank0
   888  013F  1F88               	btfss	8,7	;volatile
   889  0140  2942               	goto	u2561
   890  0141  2943               	goto	u2560
   891  0142                     u2561:	
   892  0142  2946               	goto	l128
   893  0143                     u2560:	
   894  0143                     l1760:	
   895                           
   896                           ;newmain.c: 133:                         PORTDbits.RD7 = 0;
   897  0143  1388               	bcf	8,7	;volatile
   898                           
   899                           ;newmain.c: 134:                         PORTDbits.RD6 = 1;}
   900  0144  1708               	bsf	8,6	;volatile
   901  0145  2948               	goto	l1762
   902  0146                     l128:	
   903                           ;newmain.c: 135:                     else{
   904                           
   905                           
   906                           ;newmain.c: 136:                         PORTDbits.RD7 = 1;
   907  0146  1788               	bsf	8,7	;volatile
   908                           
   909                           ;newmain.c: 137:                         PORTDbits.RD6 = 0;}
   910  0147  1308               	bcf	8,6	;volatile
   911  0148                     l1762:	
   912                           
   913                           ;newmain.c: 138:                     _delay((unsigned long)((LEDS)*(8000000/4000.0)));}
   914  0148  3082               	movlw	130
   915  0149  1283               	bcf	3,5	;RP0=0, select bank0
   916  014A  1303               	bcf	3,6	;RP1=0, select bank0
   917  014B  00A1               	movwf	??_main+1
   918  014C  30DD               	movlw	221
   919  014D  00A0               	movwf	??_main
   920  014E                     u2697:	
   921  014E  0BA0               	decfsz	??_main,f
   922  014F  294E               	goto	u2697
   923  0150  0BA1               	decfsz	??_main+1,f
   924  0151  294E               	goto	u2697
   925  0152  3001               	movlw	1
   926  0153  1283               	bcf	3,5	;RP0=0, select bank0
   927  0154  1303               	bcf	3,6	;RP1=0, select bank0
   928  0155  07A6               	addwf	main@b,f
   929  0156  1803               	skipnc
   930  0157  0AA7               	incf	main@b+1,f
   931  0158  3000               	movlw	0
   932  0159  07A7               	addwf	main@b+1,f
   933  015A                     l1764:	
   934  015A  0827               	movf	main@b+1,w
   935  015B  3A80               	xorlw	128
   936  015C  00FF               	movwf	btemp+1
   937  015D  3080               	movlw	128
   938  015E  027F               	subwf	btemp+1,w
   939  015F  1D03               	skipz
   940  0160  2963               	goto	u2575
   941  0161  3006               	movlw	6
   942  0162  0226               	subwf	main@b,w
   943  0163                     u2575:	
   944  0163  1C03               	skipc
   945  0164  2966               	goto	u2571
   946  0165  2967               	goto	u2570
   947  0166                     u2571:	
   948  0166  293D               	goto	l126
   949  0167                     u2570:	
   950  0167                     l127:	
   951                           
   952                           ;newmain.c: 139:                 PORTDbits.RD7 = 0;
   953  0167  1283               	bcf	3,5	;RP0=0, select bank0
   954  0168  1303               	bcf	3,6	;RP1=0, select bank0
   955  0169  1388               	bcf	8,7	;volatile
   956                           
   957                           ;newmain.c: 140:                 PORTDbits.RD6 = 0;}
   958  016A  1308               	bcf	8,6	;volatile
   959  016B                     l125:	
   960                           
   961                           ;newmain.c: 141:             if (PORTBbits.RB2 == 1 && PORTBbits.RB3 == 0){
   962  016B  1D06               	btfss	6,2	;volatile
   963  016C  296E               	goto	u2581
   964  016D  296F               	goto	u2580
   965  016E                     u2581:	
   966  016E  29E0               	goto	l1810
   967  016F                     u2580:	
   968  016F                     l1766:	
   969  016F  1986               	btfsc	6,3	;volatile
   970  0170  2972               	goto	u2591
   971  0171  2973               	goto	u2590
   972  0172                     u2591:	
   973  0172  29E0               	goto	l1810
   974  0173                     u2590:	
   975  0173                     l1768:	
   976                           
   977                           ;newmain.c: 142:                 PORTDbits.RD5 = 0;
   978  0173  1288               	bcf	8,5	;volatile
   979                           
   980                           ;newmain.c: 143:                 PORTDbits.RD4 = 0;
   981  0174  1208               	bcf	8,4	;volatile
   982                           
   983                           ;newmain.c: 144:                 while(PORTBbits.RB2 == 1){
   984  0175  29D8               	goto	l131
   985  0176                     l1770:	
   986                           
   987                           ;newmain.c: 145:                     if (LEDROJO == 1){
   988  0176  0330               	decf	_LEDROJO,w
   989  0177  1D03               	btfss	3,2
   990  0178  297A               	goto	u2601
   991  0179  297B               	goto	u2600
   992  017A                     u2601:	
   993  017A  297F               	goto	l133
   994  017B                     u2600:	
   995  017B                     l1772:	
   996                           
   997                           ;newmain.c: 146:                     LEDROJO = 0;
   998  017B  01B0               	clrf	_LEDROJO
   999  017C                     l1774:	
  1000                           
  1001                           ;newmain.c: 147:                     PORTDbits.RD6 = 1;
  1002  017C  1708               	bsf	8,6	;volatile
  1003  017D                     l1776:	
  1004                           
  1005                           ;newmain.c: 148:                     PORTDbits.RD7 = 0;}
  1006  017D  1388               	bcf	8,7	;volatile
  1007  017E  2983               	goto	l1778
  1008  017F                     l133:	
  1009                           ;newmain.c: 149:                     else {LEDROJO = 1;
  1010                           
  1011  017F  01B0               	clrf	_LEDROJO
  1012  0180  0AB0               	incf	_LEDROJO,f
  1013                           
  1014                           ;newmain.c: 150:                     PORTDbits.RD6 = 0;
  1015  0181  1308               	bcf	8,6	;volatile
  1016                           
  1017                           ;newmain.c: 151:                     PORTDbits.RD7 = 1;}
  1018  0182  1788               	bsf	8,7	;volatile
  1019  0183                     l1778:	
  1020                           
  1021                           ;newmain.c: 152:                     for (int i = 4; i > 0 ;i--){
  1022  0183  3004               	movlw	4
  1023  0184  00AA               	movwf	main@i_342
  1024  0185  3000               	movlw	0
  1025  0186  00AB               	movwf	main@i_342+1
  1026  0187                     l1784:	
  1027                           
  1028                           ;newmain.c: 153:                         if (i == 1){
  1029  0187  1283               	bcf	3,5	;RP0=0, select bank0
  1030  0188  1303               	bcf	3,6	;RP1=0, select bank0
  1031  0189  032A               	decf	main@i_342,w
  1032  018A  042B               	iorwf	main@i_342+1,w
  1033  018B  1D03               	btfss	3,2
  1034  018C  298E               	goto	u2611
  1035  018D  298F               	goto	u2610
  1036  018E                     u2611:	
  1037  018E  299F               	goto	l1790
  1038  018F                     u2610:	
  1039  018F                     l1786:	
  1040                           
  1041                           ;newmain.c: 154:                             PORTDbits.RD0 = 1;
  1042  018F  1408               	bsf	8,0	;volatile
  1043                           
  1044                           ;newmain.c: 155:                             PORTDbits.RD1 = 0;
  1045  0190  1088               	bcf	8,1	;volatile
  1046                           
  1047                           ;newmain.c: 156:                             PORTDbits.RD2 = 0;
  1048  0191  1108               	bcf	8,2	;volatile
  1049                           
  1050                           ;newmain.c: 157:                             PORTDbits.RD3 = 0;
  1051  0192  1188               	bcf	8,3	;volatile
  1052  0193                     l1788:	
  1053                           
  1054                           ;newmain.c: 158:                             _delay((unsigned long)((delay)*(8000000/400
      +                          0.0)));}
  1055  0193  3027               	movlw	39
  1056  0194  1283               	bcf	3,5	;RP0=0, select bank0
  1057  0195  1303               	bcf	3,6	;RP1=0, select bank0
  1058  0196  00A1               	movwf	??_main+1
  1059  0197  30F4               	movlw	244
  1060  0198  00A0               	movwf	??_main
  1061  0199                     u2707:	
  1062  0199  0BA0               	decfsz	??_main,f
  1063  019A  2999               	goto	u2707
  1064  019B  0BA1               	decfsz	??_main+1,f
  1065  019C  2999               	goto	u2707
  1066  019D  0000               	nop
  1067  019E  29C3               	goto	l138
  1068  019F                     l1790:	
  1069  019F  3002               	movlw	2
  1070  01A0  062A               	xorwf	main@i_342,w
  1071  01A1  042B               	iorwf	main@i_342+1,w
  1072  01A2  1D03               	btfss	3,2
  1073  01A3  29A5               	goto	u2621
  1074  01A4  29A6               	goto	u2620
  1075  01A5                     u2621:	
  1076  01A5  29AB               	goto	l1796
  1077  01A6                     u2620:	
  1078  01A6                     l1792:	
  1079                           
  1080                           ;newmain.c: 160:                             PORTDbits.RD0 = 0;
  1081  01A6  1008               	bcf	8,0	;volatile
  1082                           
  1083                           ;newmain.c: 161:                             PORTDbits.RD1 = 1;
  1084  01A7  1488               	bsf	8,1	;volatile
  1085                           
  1086                           ;newmain.c: 162:                             PORTDbits.RD2 = 0;
  1087  01A8  1108               	bcf	8,2	;volatile
  1088                           
  1089                           ;newmain.c: 163:                             PORTDbits.RD3 = 0;
  1090  01A9  1188               	bcf	8,3	;volatile
  1091  01AA  2993               	goto	l1788
  1092  01AB                     l1796:	
  1093  01AB  3003               	movlw	3
  1094  01AC  062A               	xorwf	main@i_342,w
  1095  01AD  042B               	iorwf	main@i_342+1,w
  1096  01AE  1D03               	btfss	3,2
  1097  01AF  29B1               	goto	u2631
  1098  01B0  29B2               	goto	u2630
  1099  01B1                     u2631:	
  1100  01B1  29B7               	goto	l1802
  1101  01B2                     u2630:	
  1102  01B2                     l1798:	
  1103                           
  1104                           ;newmain.c: 166:                             PORTDbits.RD0 = 0;
  1105  01B2  1008               	bcf	8,0	;volatile
  1106                           
  1107                           ;newmain.c: 167:                             PORTDbits.RD1 = 0;
  1108  01B3  1088               	bcf	8,1	;volatile
  1109                           
  1110                           ;newmain.c: 168:                             PORTDbits.RD2 = 1;
  1111  01B4  1508               	bsf	8,2	;volatile
  1112                           
  1113                           ;newmain.c: 169:                             PORTDbits.RD3 = 0;
  1114  01B5  1188               	bcf	8,3	;volatile
  1115  01B6  2993               	goto	l1788
  1116  01B7                     l1802:	
  1117  01B7  3004               	movlw	4
  1118  01B8  062A               	xorwf	main@i_342,w
  1119  01B9  042B               	iorwf	main@i_342+1,w
  1120  01BA  1D03               	btfss	3,2
  1121  01BB  29BD               	goto	u2641
  1122  01BC  29BE               	goto	u2640
  1123  01BD                     u2641:	
  1124  01BD  29C3               	goto	l138
  1125  01BE                     u2640:	
  1126  01BE                     l1804:	
  1127                           
  1128                           ;newmain.c: 172:                             PORTDbits.RD0 = 0;
  1129  01BE  1008               	bcf	8,0	;volatile
  1130                           
  1131                           ;newmain.c: 173:                             PORTDbits.RD1 = 0;
  1132  01BF  1088               	bcf	8,1	;volatile
  1133                           
  1134                           ;newmain.c: 174:                             PORTDbits.RD2 = 0;
  1135  01C0  1108               	bcf	8,2	;volatile
  1136                           
  1137                           ;newmain.c: 175:                             PORTDbits.RD3 = 1;
  1138  01C1  1588               	bsf	8,3	;volatile
  1139  01C2  2993               	goto	l1788
  1140  01C3                     l138:	
  1141  01C3  30FF               	movlw	255
  1142  01C4  1283               	bcf	3,5	;RP0=0, select bank0
  1143  01C5  1303               	bcf	3,6	;RP1=0, select bank0
  1144  01C6  07AA               	addwf	main@i_342,f
  1145  01C7  1803               	skipnc
  1146  01C8  0AAB               	incf	main@i_342+1,f
  1147  01C9  30FF               	movlw	255
  1148  01CA  07AB               	addwf	main@i_342+1,f
  1149  01CB                     l1808:	
  1150  01CB  082B               	movf	main@i_342+1,w
  1151  01CC  3A80               	xorlw	128
  1152  01CD  00FF               	movwf	btemp+1
  1153  01CE  3080               	movlw	128
  1154  01CF  027F               	subwf	btemp+1,w
  1155  01D0  1D03               	skipz
  1156  01D1  29D4               	goto	u2655
  1157  01D2  3001               	movlw	1
  1158  01D3  022A               	subwf	main@i_342,w
  1159  01D4                     u2655:	
  1160  01D4  1803               	skipnc
  1161  01D5  29D7               	goto	u2651
  1162  01D6  29D8               	goto	u2650
  1163  01D7                     u2651:	
  1164  01D7  2987               	goto	l1784
  1165  01D8                     u2650:	
  1166  01D8                     l131:	
  1167                           
  1168                           ;newmain.c: 144:                 while(PORTBbits.RB2 == 1){
  1169  01D8  1283               	bcf	3,5	;RP0=0, select bank0
  1170  01D9  1303               	bcf	3,6	;RP1=0, select bank0
  1171  01DA  1906               	btfsc	6,2	;volatile
  1172  01DB  29DD               	goto	u2661
  1173  01DC  29DE               	goto	u2660
  1174  01DD                     u2661:	
  1175  01DD  2976               	goto	l1770
  1176  01DE                     u2660:	
  1177  01DE                     l144:	
  1178                           
  1179                           ;newmain.c: 177:                 PORTDbits.RD6 = 0;
  1180  01DE  1308               	bcf	8,6	;volatile
  1181                           
  1182                           ;newmain.c: 178:                 PORTDbits.RD7 = 0;}
  1183  01DF  1388               	bcf	8,7	;volatile
  1184  01E0                     l1810:	
  1185                           
  1186                           ;newmain.c: 179:             S_CERRAR = 0;
  1187  01E0  01B1               	clrf	_S_CERRAR
  1188  01E1  283B               	goto	l1656
  1189  01E2  120A  118A  280C   	ljmp	start
  1190  01E5                     __end_of_main:	
  1191                           
  1192                           	psect	text1
  1193  025D                     __ptext1:	
  1194 ;; *************** function _setup *****************
  1195 ;; Defined at:
  1196 ;;		line 186 in file "newmain.c"
  1197 ;; Parameters:    Size  Location     Type
  1198 ;;		None
  1199 ;; Auto vars:     Size  Location     Type
  1200 ;;		None
  1201 ;; Return value:  Size  Location     Type
  1202 ;;                  1    wreg      void 
  1203 ;; Registers used:
  1204 ;;		wreg, status,2
  1205 ;; Tracked objects:
  1206 ;;		On entry : 0/0
  1207 ;;		On exit  : 0/0
  1208 ;;		Unchanged: 0/0
  1209 ;; Data sizes:     COMMON   BANK0   BANK1   BANK3   BANK2
  1210 ;;      Params:         0       0       0       0       0
  1211 ;;      Locals:         0       0       0       0       0
  1212 ;;      Temps:          0       0       0       0       0
  1213 ;;      Totals:         0       0       0       0       0
  1214 ;;Total ram usage:        0 bytes
  1215 ;; Hardware stack levels used:    1
  1216 ;; Hardware stack levels required when called:    1
  1217 ;; This function calls:
  1218 ;;		Nothing
  1219 ;; This function is called by:
  1220 ;;		_main
  1221 ;; This function uses a non-reentrant model
  1222 ;;
  1223                           
  1224                           
  1225                           ;psect for function _setup
  1226  025D                     _setup:	
  1227  025D                     l1198:	
  1228                           ;incstack = 0
  1229                           ; Regs used in _setup: [wreg+status,2]
  1230                           
  1231                           
  1232                           ;newmain.c: 188:     TRISA = 0b00000000;
  1233  025D  1683               	bsf	3,5	;RP0=1, select bank1
  1234  025E  1303               	bcf	3,6	;RP1=0, select bank1
  1235  025F  0185               	clrf	5	;volatile
  1236                           
  1237                           ;newmain.c: 189:     ANSEL = 0b00000000;
  1238  0260  1683               	bsf	3,5	;RP0=1, select bank3
  1239  0261  1703               	bsf	3,6	;RP1=1, select bank3
  1240  0262  0188               	clrf	8	;volatile
  1241                           
  1242                           ;newmain.c: 190:     ANSELH = 0b00000000;
  1243  0263  0189               	clrf	9	;volatile
  1244  0264                     l1200:	
  1245                           
  1246                           ;newmain.c: 191:     TRISB = 0b11111111;
  1247  0264  30FF               	movlw	255
  1248  0265  1683               	bsf	3,5	;RP0=1, select bank1
  1249  0266  1303               	bcf	3,6	;RP1=0, select bank1
  1250  0267  0086               	movwf	6	;volatile
  1251  0268                     l1202:	
  1252                           
  1253                           ;newmain.c: 192:     TRISC = 0b00000000;
  1254  0268  0187               	clrf	7	;volatile
  1255  0269                     l1204:	
  1256                           
  1257                           ;newmain.c: 193:     TRISD = 0b00000000;
  1258  0269  0188               	clrf	8	;volatile
  1259  026A                     l1206:	
  1260                           
  1261                           ;newmain.c: 194:     TRISE = 0b0000;
  1262  026A  0189               	clrf	9	;volatile
  1263  026B                     l1208:	
  1264                           
  1265                           ;newmain.c: 195:     PORTA = 0b00000000;
  1266  026B  1283               	bcf	3,5	;RP0=0, select bank0
  1267  026C  1303               	bcf	3,6	;RP1=0, select bank0
  1268  026D  0185               	clrf	5	;volatile
  1269  026E                     l1210:	
  1270                           
  1271                           ;newmain.c: 196:     PORTC = 0b00000000;
  1272  026E  0187               	clrf	7	;volatile
  1273  026F                     l1212:	
  1274                           
  1275                           ;newmain.c: 197:     PORTD = 0b00000000;
  1276  026F  0188               	clrf	8	;volatile
  1277  0270                     l1214:	
  1278                           
  1279                           ;newmain.c: 198:     PORTE = 0b0000;
  1280  0270  0189               	clrf	9	;volatile
  1281                           
  1282                           ;newmain.c: 201:     IOCB = 0b00000011;
  1283  0271  3003               	movlw	3
  1284  0272  1683               	bsf	3,5	;RP0=1, select bank1
  1285  0273  1303               	bcf	3,6	;RP1=0, select bank1
  1286  0274  0096               	movwf	22	;volatile
  1287  0275                     l1216:	
  1288                           
  1289                           ;newmain.c: 202:     INTCONbits.RBIF = 0;
  1290  0275  100B               	bcf	11,0	;volatile
  1291  0276                     l1218:	
  1292                           
  1293                           ;newmain.c: 203:     INTCONbits.RBIE = 1;
  1294  0276  158B               	bsf	11,3	;volatile
  1295  0277                     l1220:	
  1296                           
  1297                           ;newmain.c: 204:     INTCONbits.GIE = 1; }
  1298  0277  178B               	bsf	11,7	;volatile
  1299  0278                     l150:	
  1300  0278  0008               	return
  1301  0279                     __end_of_setup:	
  1302                           
  1303                           	psect	text2
  1304  01E5                     __ptext2:	
  1305 ;; *************** function _isr *****************
  1306 ;; Defined at:
  1307 ;;		line 35 in file "newmain.c"
  1308 ;; Parameters:    Size  Location     Type
  1309 ;;		None
  1310 ;; Auto vars:     Size  Location     Type
  1311 ;;		None
  1312 ;; Return value:  Size  Location     Type
  1313 ;;                  1    wreg      void 
  1314 ;; Registers used:
  1315 ;;		wreg
  1316 ;; Tracked objects:
  1317 ;;		On entry : 0/0
  1318 ;;		On exit  : 0/0
  1319 ;;		Unchanged: 0/0
  1320 ;; Data sizes:     COMMON   BANK0   BANK1   BANK3   BANK2
  1321 ;;      Params:         0       0       0       0       0
  1322 ;;      Locals:         0       0       0       0       0
  1323 ;;      Temps:          3       0       0       0       0
  1324 ;;      Totals:         3       0       0       0       0
  1325 ;;Total ram usage:        3 bytes
  1326 ;; Hardware stack levels used:    1
  1327 ;; This function calls:
  1328 ;;		Nothing
  1329 ;; This function is called by:
  1330 ;;		Interrupt level 1
  1331 ;; This function uses a non-reentrant model
  1332 ;;
  1333                           
  1334                           
  1335                           ;psect for function _isr
  1336  01E5                     _isr:	
  1337  01E5                     i1l1222:	
  1338                           
  1339                           ;newmain.c: 36:     if (INTCONbits.RBIF == 1){
  1340  01E5  1C0B               	btfss	11,0	;volatile
  1341  01E6  29E8               	goto	u115_21
  1342  01E7  29E9               	goto	u115_20
  1343  01E8                     u115_21:	
  1344  01E8  29F8               	goto	i1l75
  1345  01E9                     u115_20:	
  1346  01E9                     i1l1224:	
  1347                           
  1348                           ;newmain.c: 37:         if (PORTBbits.RB0 == 0){S_ABRIR = 1;}
  1349  01E9  1283               	bcf	3,5	;RP0=0, select bank0
  1350  01EA  1303               	bcf	3,6	;RP1=0, select bank0
  1351  01EB  1806               	btfsc	6,0	;volatile
  1352  01EC  29EE               	goto	u116_21
  1353  01ED  29EF               	goto	u116_20
  1354  01EE                     u116_21:	
  1355  01EE  29F1               	goto	i1l76
  1356  01EF                     u116_20:	
  1357  01EF                     i1l1226:	
  1358  01EF  01B2               	clrf	_S_ABRIR
  1359  01F0  0AB2               	incf	_S_ABRIR,f
  1360  01F1                     i1l76:	
  1361                           
  1362                           ;newmain.c: 38:         if (PORTBbits.RB1 == 0){S_CERRAR= 1;}
  1363  01F1  1886               	btfsc	6,1	;volatile
  1364  01F2  29F4               	goto	u117_21
  1365  01F3  29F5               	goto	u117_20
  1366  01F4                     u117_21:	
  1367  01F4  29F7               	goto	i1l77
  1368  01F5                     u117_20:	
  1369  01F5                     i1l1228:	
  1370  01F5  01B1               	clrf	_S_CERRAR
  1371  01F6  0AB1               	incf	_S_CERRAR,f
  1372  01F7                     i1l77:	
  1373                           
  1374                           ;newmain.c: 39:         INTCONbits.RBIF = 0;}
  1375  01F7  100B               	bcf	11,0	;volatile
  1376  01F8                     i1l75:	
  1377                           
  1378                           ;newmain.c: 41:     if(PIR1bits.SSPIF == 1){
  1379  01F8  1283               	bcf	3,5	;RP0=0, select bank0
  1380  01F9  1303               	bcf	3,6	;RP1=0, select bank0
  1381  01FA  1D8C               	btfss	12,3	;volatile
  1382  01FB  29FD               	goto	u118_21
  1383  01FC  29FE               	goto	u118_20
  1384  01FD                     u118_21:	
  1385  01FD  2A56               	goto	i1l91
  1386  01FE                     u118_20:	
  1387  01FE                     i1l1230:	
  1388                           
  1389                           ;newmain.c: 42:        SSPCONbits.CKP = 0;
  1390  01FE  1214               	bcf	20,4	;volatile
  1391                           
  1392                           ;newmain.c: 43:         if ((SSPCONbits.SSPOV) || (SSPCONbits.WCOL)){
  1393  01FF  1B14               	btfsc	20,6	;volatile
  1394  0200  2A02               	goto	u119_21
  1395  0201  2A03               	goto	u119_20
  1396  0202                     u119_21:	
  1397  0202  2A07               	goto	i1l1234
  1398  0203                     u119_20:	
  1399  0203                     i1l1232:	
  1400  0203  1F94               	btfss	20,7	;volatile
  1401  0204  2A06               	goto	u120_21
  1402  0205  2A07               	goto	u120_20
  1403  0206                     u120_21:	
  1404  0206  2A0E               	goto	i1l1242
  1405  0207                     u120_20:	
  1406  0207                     i1l1234:	
  1407                           
  1408                           ;newmain.c: 44:             z = SSPBUF;
  1409  0207  0813               	movf	19,w	;volatile
  1410  0208  00F8               	movwf	??_isr
  1411  0209  0878               	movf	??_isr,w
  1412  020A  00F6               	movwf	_z
  1413  020B                     i1l1236:	
  1414                           
  1415                           ;newmain.c: 45:             SSPCONbits.SSPOV = 0;
  1416  020B  1314               	bcf	20,6	;volatile
  1417  020C                     i1l1238:	
  1418                           
  1419                           ;newmain.c: 46:             SSPCONbits.WCOL = 0;
  1420  020C  1394               	bcf	20,7	;volatile
  1421  020D                     i1l1240:	
  1422                           
  1423                           ;newmain.c: 47:             SSPCONbits.CKP = 1; }
  1424  020D  1614               	bsf	20,4	;volatile
  1425  020E                     i1l1242:	
  1426                           
  1427                           ;newmain.c: 48:         if(!SSPSTATbits.D_nA && !SSPSTATbits.R_nW) {
  1428  020E  1683               	bsf	3,5	;RP0=1, select bank1
  1429  020F  1303               	bcf	3,6	;RP1=0, select bank1
  1430  0210  1A94               	btfsc	20,5	;volatile
  1431  0211  2A13               	goto	u121_21
  1432  0212  2A14               	goto	u121_20
  1433  0213                     u121_21:	
  1434  0213  2A32               	goto	i1l82
  1435  0214                     u121_20:	
  1436  0214                     i1l1244:	
  1437  0214  1914               	btfsc	20,2	;volatile
  1438  0215  2A17               	goto	u122_21
  1439  0216  2A18               	goto	u122_20
  1440  0217                     u122_21:	
  1441  0217  2A32               	goto	i1l82
  1442  0218                     u122_20:	
  1443  0218                     i1l1246:	
  1444                           
  1445                           ;newmain.c: 49:             z = SSPBUF;
  1446  0218  1283               	bcf	3,5	;RP0=0, select bank0
  1447  0219  1303               	bcf	3,6	;RP1=0, select bank0
  1448  021A  0813               	movf	19,w	;volatile
  1449  021B  00F8               	movwf	??_isr
  1450  021C  0878               	movf	??_isr,w
  1451  021D  00F6               	movwf	_z
  1452  021E                     i1l1248:	
  1453                           
  1454                           ;newmain.c: 50:             PIR1bits.SSPIF = 0;
  1455  021E  118C               	bcf	12,3	;volatile
  1456  021F                     i1l1250:	
  1457                           
  1458                           ;newmain.c: 51:             SSPCONbits.CKP = 1;
  1459  021F  1614               	bsf	20,4	;volatile
  1460  0220                     i1l83:	
  1461                           ;newmain.c: 52:             while(!SSPSTATbits.BF);
  1462                           
  1463  0220  1683               	bsf	3,5	;RP0=1, select bank1
  1464  0221  1303               	bcf	3,6	;RP1=0, select bank1
  1465  0222  1C14               	btfss	20,0	;volatile
  1466  0223  2A25               	goto	u123_21
  1467  0224  2A26               	goto	u123_20
  1468  0225                     u123_21:	
  1469  0225  2A20               	goto	i1l83
  1470  0226                     u123_20:	
  1471  0226                     i1l1252:	
  1472                           
  1473                           ;newmain.c: 53:             REC = SSPBUF;
  1474  0226  1283               	bcf	3,5	;RP0=0, select bank0
  1475  0227  1303               	bcf	3,6	;RP1=0, select bank0
  1476  0228  0813               	movf	19,w	;volatile
  1477  0229  00F8               	movwf	??_isr
  1478  022A  0878               	movf	??_isr,w
  1479  022B  00F5               	movwf	_REC
  1480                           
  1481                           ;newmain.c: 54:             _delay((unsigned long)((250)*(8000000/4000000.0)));
  1482  022C  30A6               	movlw	166
  1483  022D  00F8               	movwf	??_isr
  1484  022E                     u271_27:	
  1485  022E  0BF8               	decfsz	??_isr,f
  1486  022F  2A2E               	goto	u271_27
  1487  0230  0000               	nop
  1488                           
  1489                           ;newmain.c: 55:         }else if(!SSPSTATbits.D_nA && SSPSTATbits.R_nW){
  1490  0231  2A53               	goto	i1l86
  1491  0232                     i1l82:	
  1492  0232  1A94               	btfsc	20,5	;volatile
  1493  0233  2A35               	goto	u124_21
  1494  0234  2A36               	goto	u124_20
  1495  0235                     u124_21:	
  1496  0235  2A53               	goto	i1l86
  1497  0236                     u124_20:	
  1498  0236                     i1l1254:	
  1499  0236  1D14               	btfss	20,2	;volatile
  1500  0237  2A39               	goto	u125_21
  1501  0238  2A3A               	goto	u125_20
  1502  0239                     u125_21:	
  1503  0239  2A53               	goto	i1l86
  1504  023A                     u125_20:	
  1505  023A                     i1l1256:	
  1506                           
  1507                           ;newmain.c: 56:             z = SSPBUF;
  1508  023A  1283               	bcf	3,5	;RP0=0, select bank0
  1509  023B  1303               	bcf	3,6	;RP1=0, select bank0
  1510  023C  0813               	movf	19,w	;volatile
  1511  023D  00F8               	movwf	??_isr
  1512  023E  0878               	movf	??_isr,w
  1513  023F  00F6               	movwf	_z
  1514  0240                     i1l1258:	
  1515                           
  1516                           ;newmain.c: 57:             BF = 0;
  1517  0240  1683               	bsf	3,5	;RP0=1, select bank1
  1518  0241  1303               	bcf	3,6	;RP1=0, select bank1
  1519  0242  1014               	bcf	20,0	;volatile
  1520                           
  1521                           ;newmain.c: 58:             SSPBUF = VALOR;
  1522  0243  0872               	movf	_VALOR,w
  1523  0244  1283               	bcf	3,5	;RP0=0, select bank0
  1524  0245  1303               	bcf	3,6	;RP1=0, select bank0
  1525  0246  0093               	movwf	19	;volatile
  1526  0247                     i1l1260:	
  1527                           
  1528                           ;newmain.c: 59:             SSPCONbits.CKP = 1;
  1529  0247  1614               	bsf	20,4	;volatile
  1530                           
  1531                           ;newmain.c: 60:             _delay((unsigned long)((250)*(8000000/4000000.0)));
  1532  0248  30A6               	movlw	166
  1533  0249  00F8               	movwf	??_isr
  1534  024A                     u272_27:	
  1535  024A  0BF8               	decfsz	??_isr,f
  1536  024B  2A4A               	goto	u272_27
  1537  024C  0000               	nop
  1538  024D                     i1l88:	
  1539                           ;newmain.c: 61:             while(SSPSTATbits.BF);
  1540                           
  1541  024D  1683               	bsf	3,5	;RP0=1, select bank1
  1542  024E  1303               	bcf	3,6	;RP1=0, select bank1
  1543  024F  1814               	btfsc	20,0	;volatile
  1544  0250  2A52               	goto	u126_21
  1545  0251  2A53               	goto	u126_20
  1546  0252                     u126_21:	
  1547  0252  2A4D               	goto	i1l88
  1548  0253                     u126_20:	
  1549  0253                     i1l86:	
  1550  0253  1283               	bcf	3,5	;RP0=0, select bank0
  1551  0254  1303               	bcf	3,6	;RP1=0, select bank0
  1552  0255  118C               	bcf	12,3	;volatile
  1553  0256                     i1l91:	
  1554  0256  087A               	movf	??_isr+2,w
  1555  0257  008A               	movwf	10
  1556  0258  0E79               	swapf	(??_isr+1)^(0+4294967168),w
  1557  0259  0083               	movwf	3
  1558  025A  0EFE               	swapf	btemp,f
  1559  025B  0E7E               	swapf	btemp,w
  1560  025C  0009               	retfie
  1561  025D                     __end_of_isr:	
  1562  007E                     btemp	set	126	;btemp
  1563  007E                     wtemp0	set	126
  1564                           
  1565                           	psect	intentry
  1566  0004                     __pintentry:	
  1567                           ;incstack = 0
  1568                           ; Regs used in _isr: [wreg]
  1569                           
  1570  0004                     interrupt_function:	
  1571  007E                     saved_w	set	btemp
  1572  0004  00FE               	movwf	btemp
  1573  0005  0E03               	swapf	3,w
  1574  0006  00F9               	movwf	??_isr+1
  1575  0007  080A               	movf	10,w
  1576  0008  00FA               	movwf	??_isr+2
  1577  0009  120A  118A  29E5   	ljmp	_isr


Data Sizes:
    Strings     0
    Constant    0
    Data        4
    BSS         11
    Persistent  0
    Stack       0

Auto Spaces:
    Space          Size  Autos    Used
    COMMON           14      3      11
    BANK0            80     12      19
    BANK1            80      0       0
    BANK3            96      0       0
    BANK2            96      0       0

Pointer List with Targets:

    None.

Critical Paths under _main in COMMON

    None.

Critical Paths under _isr in COMMON

    None.

Critical Paths under _main in BANK0

    None.

Critical Paths under _isr in BANK0

    None.

Critical Paths under _main in BANK1

    None.

Critical Paths under _isr in BANK1

    None.

Critical Paths under _main in BANK3

    None.

Critical Paths under _isr in BANK3

    None.

Critical Paths under _main in BANK2

    None.

Critical Paths under _isr in BANK2

    None.

Call Graph Tables:

 ---------------------------------------------------------------------------------
 (Depth) Function   	        Calls       Base Space   Used Autos Params    Refs
 ---------------------------------------------------------------------------------
 (0) _main                                                12    12      0     594
                                              0 BANK0     12    12      0
                              _setup
 ---------------------------------------------------------------------------------
 (1) _setup                                                0     0      0       0
 ---------------------------------------------------------------------------------
 Estimated maximum stack depth 1
 ---------------------------------------------------------------------------------
 (Depth) Function   	        Calls       Base Space   Used Autos Params    Refs
 ---------------------------------------------------------------------------------
 (2) _isr                                                  3     3      0       0
                                              0 COMMON     3     3      0
 ---------------------------------------------------------------------------------
 Estimated maximum stack depth 2
 ---------------------------------------------------------------------------------

 Call Graph Graphs:

 _main (ROOT)
   _setup

 _isr (ROOT)

 Address spaces:
Name               Size   Autos  Total    Cost      Usage
BANK3               60      0       0       9        0.0%
BITBANK3            60      0       0       8        0.0%
SFR3                 0      0       0       4        0.0%
BITSFR3              0      0       0       4        0.0%
BANK2               60      0       0      11        0.0%
BITBANK2            60      0       0      10        0.0%
SFR2                 0      0       0       5        0.0%
BITSFR2              0      0       0       5        0.0%
BANK1               50      0       0       7        0.0%
BITBANK1            50      0       0       6        0.0%
SFR1                 0      0       0       2        0.0%
BITSFR1              0      0       0       2        0.0%
BANK0               50      C      13       5       23.8%
BITBANK0            50      0       0       4        0.0%
SFR0                 0      0       0       1        0.0%
BITSFR0              0      0       0       1        0.0%
COMMON               E      3       B       1       78.6%
BITCOMMON            E      0       0       0        0.0%
CODE                 0      0       0       0        0.0%
DATA                 0      0      1E      12        0.0%
ABS                  0      0      1E       3        0.0%
NULL                 0      0       0       0        0.0%
STACK                0      0       0       2        0.0%
EEDATA             100      0       0       0        0.0%


Microchip Technology PIC Macro Assembler V2.10 build 88905656 
Symbol Table                                                                                   Fri Apr 24 19:16:33 2020

                       _D 0070                         _z 0076               __CFG_CP$OFF 0000  
             _SSPSTATbits 0094                        _BF 04A0                        l97 0047  
                      l98 0051                       l110 0125                       l112 00CF  
                     l104 00BB                       l105 008D                       l106 00B7  
                     l131 01D8                       l123 012B                       l107 0096  
                     l133 017F                       l125 016B                       l117 0110  
                     l150 0278                       l126 013D                       l127 0167  
                     l144 01DE                       l128 0146                       l138 01C3  
                     _REC 0075              __CFG_CPD$OFF 0000                       _L_D 0074  
                     _L_I 0073                       _isr 01E5              __CFG_LVP$OFF 0000  
                    l1200 0264                      l1210 026E                      l1202 0268  
                    l1220 0277                      l1212 026F                      l1204 0269  
                    l1214 0270                      l1206 026A                      l1216 0275  
                    l1208 026B                      l1218 0276                      l1700 00AA  
                    l1198 025D                      l1710 00CC                      l1702 00BF  
                    l1720 00D5                      l1712 00CD                      l1704 00C3  
                    l1802 01B7                      l1810 01E0                      l1722 00DD  
                    l1714 00D3                      l1706 00C6                      l1804 01BE  
                    l1740 010B                      l1732 00F8                      l1724 00E1  
                    l1708 00CB                      l1660 0045                      l1750 0133  
                    l1734 00FF                      l1726 00ED                      l1670 005C  
                    l1662 004B                      l1654 0036                      l1808 01CB  
                    l1760 0143                      l1752 0137                      l1744 0118  
                    l1728 00F3                      l1680 006C                      l1672 0061  
                    l1664 004F                      l1656 003B                      l1770 0176  
                    l1762 0148                      l1754 013B                      l1738 0104  
                    l1746 012D                      l1690 008B                      l1682 0071  
                    l1674 0063                      l1666 0057                      l1658 0041  
                    l1772 017B                      l1764 015A                      l1748 012E  
                    l1684 007E                      l1676 0067                      l1668 005B  
                    l1790 019F                      l1774 017C                      l1766 016F  
                    l1686 0083                      l1678 006B                      l1792 01A6  
                    l1784 0187                      l1776 017D                      l1768 0173  
                    l1696 0093                      l1688 0087                      l1786 018F  
                    l1778 0183                      l1698 0098                      l1796 01AB  
                    l1788 0193                      l1798 01B2                      ?_isr 0078  
                    u2300 0045                      _IOCB 0096                      u2301 0044  
                    u2310 004B                      u2311 004A                      _LEDS 002C  
                    u2400 0087                      u2320 004F                      u2401 0086  
                    u2321 004E                      u2410 008B                      u2330 0057  
                    u2411 008A                      u2331 0056                      u2500 010B  
                    u2420 0093                      u2340 005B                      u2501 010A  
                    u2421 0092                      u2341 005A                      u2510 0125  
                    u2430 00B7                      u2350 0067                      u2511 0124  
                    u2431 00B6                      u2351 0066                      u2600 017B  
                    u2520 012B                      u2440 00BF                      u2360 006B  
                    u2601 017A                      u2521 012A                      u2441 00BE  
                    u2361 006A                      u2610 018F                      u2530 0133  
                    u2450 00C3                      u2370 007B                      u2290 0041  
                    u2611 018E                      u2531 0132                      u2515 0121  
                    u2451 00C2                      u2435 00B3                      u2371 0077  
                    u2291 0040                      u2620 01A6                      u2540 0137  
                    u2460 00CB                      u2621 01A5                      u2541 0136  
                    u2461 00CA                      u2630 01B2                      u2550 013B  
                    u2470 00DD                      u2390 0083                      u2631 01B1  
                    u2551 013A                      u2471 00DC                      u2391 0082  
                    u2640 01BE                      u2560 0143                      u2480 00F3  
                    u2384 007E                      u2641 01BD                      u2561 0142  
                    u2481 00F2                      u2650 01D8                      u2570 0167  
                    u2490 00FF                      u2651 01D7                      u2707 0199  
                    u2571 0166                      u2491 00FE                      u2660 01DE  
                    u2580 016F                      u2661 01DD                      u2581 016E  
                    u2590 0173                      u2655 01D4                      u2591 0172  
                    u2575 0163                      u2677 009E                      u2687 00E7  
                    u2697 014E                      i1l82 0232                      i1l83 0220  
                    i1l91 0256                      i1l75 01F8                      i1l76 01F1  
                    i1l77 01F7                      i1l86 0253                      i1l88 024D  
            __CFG_WRT$OFF 0000                      _main 0036                      btemp 007E  
                    start 000C             __CFG_IESO$OFF 0000                     ??_isr 0078  
                   ?_main 0078             __CFG_WDTE$OFF 0000                     _ANSEL 0188  
                   _VALOR 0072                     _PORTA 0005                     _PORTC 0007  
                   _PORTD 0008                     _PORTE 0009                     _TRISA 0085  
                   _TRISB 0086                     _TRISC 0087                     _TRISD 0088  
                   _TRISE 0089            __CFG_FCMEN$OFF 0000                     _delay 002E  
                   _setup 025D                     main@a 0024                     main@b 0026  
                   main@i 0028            __CFG_BOREN$OFF 0000                     pclath 000A  
                   status 0003                     wtemp0 007E            __CFG_MCLRE$OFF 0000  
         __initialization 000F              __end_of_main 01E5                    ??_main 0020  
                  ?_setup 0078                    _ANSELH 0189                    i1l1230 01FE  
                  i1l1222 01E5                    i1l1240 020D                    i1l1232 0203  
                  i1l1224 01E9                    i1l1250 021F                    i1l1242 020E  
                  i1l1234 0207                    i1l1226 01EF                    _ESTADO 0077  
                  i1l1260 0247                    i1l1252 0226                    i1l1244 0214  
                  i1l1236 020B                    i1l1228 01F5                    i1l1254 0236  
                  i1l1246 0218                    i1l1238 020C                    i1l1256 023A  
                  i1l1248 021E                    u120_20 0207                    u120_21 0206  
                  i1l1258 0240                    u121_20 0214                    u121_21 0213  
                  u122_20 0218                    u122_21 0217                    u123_20 0226  
                  u115_20 01E9                    u123_21 0225                    u115_21 01E8  
                  u124_20 0236                    u116_20 01EF                    u124_21 0235  
                  u116_21 01EE                    u125_20 023A                    u117_20 01F5  
                  u125_21 0239                    u117_21 01F4                    u126_20 0253  
                  u118_20 01FE                    u126_21 0252                    u118_21 01FD  
                  u119_20 0203                    u119_21 0202                    u271_27 022E  
                  u272_27 024A                    _SSPBUF 0013            __CFG_PWRTE$OFF 0000  
                  saved_w 007E   __end_of__initialization 0032            __pcstackCOMMON 0078  
            __pidataBANK0 0279             __end_of_setup 0279                   ??_setup 007B  
              __pbssBANK0 0030                __pmaintext 0036                __pintentry 0004  
                 _LEDROJO 0030                   _S_ABRIR 0032                   __ptext1 025D  
                 __ptext2 01E5              __size_of_isr 0078      end_of_initialization 0032  
               _PORTBbits 0006                 _PORTDbits 0008                 _PORTEbits 0009  
     start_initialization 000F               __end_of_isr 025D  __CFG_FOSC$INTRC_NOCLKOUT 0000  
             __pdataBANK0 002C               __pbssCOMMON 0070                 ___latbits 0002  
           __pcstackBANK0 0020            __size_of_setup 001C         interrupt_function 0004  
                _PIR1bits 000C                  _S_CERRAR 0031                 main@i_342 002A  
                _main$337 0022                  _main$338 0023         __CFG_BOR4V$BOR21V 0000  
           __size_of_main 01AF                _INTCONbits 000B                  intlevel1 0000  
              _SSPCONbits 0014  
