

Microchip MPLAB XC8 Assembler V2.10 build 88905656 
                                                                                               Sun May 10 19:48:08 2020

Microchip MPLAB XC8 C Compiler v2.10 (Free license) build 20190730164152 Og1 
     1                           	processor	16F887
     2                           	opt	pw 120
     3                           	opt	flic
     4                           	psect	cinit,global,class=CODE,merge=1,delta=2
     5                           	psect	bssCOMMON,global,class=COMMON,space=1,delta=1
     6                           	psect	bssBANK0,global,class=BANK0,space=1,delta=1
     7                           	psect	cstackCOMMON,global,class=COMMON,space=1,delta=1
     8                           	psect	cstackBANK0,global,class=BANK0,space=1,delta=1
     9                           	psect	maintext,global,class=CODE,split=1,delta=2
    10                           	psect	text1,local,class=CODE,merge=1,delta=2
    11                           	psect	text2,local,class=CODE,merge=1,delta=2
    12                           	psect	text3,local,class=CODE,merge=1,delta=2
    13                           	psect	text4,local,class=CODE,merge=1,delta=2
    14                           	psect	intentry,global,class=CODE,delta=2
    15                           	dabs	1,0x7E,2
    16  0000                     
    17                           ; Version 2.10
    18                           ; Generated 31/07/2019 GMT
    19                           ; 
    20                           ; Copyright © 2019, Microchip Technology Inc. and its subsidiaries ("Microchip")
    21                           ; All rights reserved.
    22                           ; 
    23                           ; This software is developed by Microchip Technology Inc. and its subsidiaries ("Microch
      +                          ip").
    24                           ; 
    25                           ; Redistribution and use in source and binary forms, with or without modification, are
    26                           ; permitted provided that the following conditions are met:
    27                           ; 
    28                           ;     1. Redistributions of source code must retain the above copyright notice, this lis
      +                          t of
    29                           ;        conditions and the following disclaimer.
    30                           ; 
    31                           ;     2. Redistributions in binary form must reproduce the above copyright notice, this 
      +                          list
    32                           ;        of conditions and the following disclaimer in the documentation and/or other
    33                           ;        materials provided with the distribution.
    34                           ; 
    35                           ;     3. Microchip's name may not be used to endorse or promote products derived from th
      +                          is
    36                           ;        software without specific prior written permission.
    37                           ; 
    38                           ; THIS SOFTWARE IS PROVIDED BY MICROCHIP "AS IS" AND ANY EXPRESS OR IMPLIED WARRANTIES,
    39                           ; INCLUDING, BUT NOT LIMITED TO, THE IMPLIED WARRANTIES OF MERCHANTABILITY AND FITNESS F
      +                          OR
    40                           ; PURPOSE ARE DISCLAIMED.  IN NO EVENT SHALL MICROCHIP BE LIABLE FOR ANY DIRECT, INDIREC
      +                          T,
    41                           ; INCIDENTAL, SPECIAL, EXEMPLARY, OR CONSEQUENTIAL DAMAGES (INCLUDING BUT NOT LIMITED TO
    42                           ; PROCUREMENT OF SUBSTITUTE GOODS OR SERVICES; LOSS OF USE, DATA OR PROFITS; OR BUSINESS
    43                           ; INTERRUPTION) HOWSOEVER CAUSED AND ON ANY THEORY OF LIABILITY, WHETHER IN CONTRACT, ST
      +                          RICT
    44                           ; LIABILITY, OR TORT (INCLUDING NEGLIGENCE OR OTHERWISE) ARISING IN ANY WAY OUT OF THE U
      +                          SE OF
    45                           ; THIS SOFTWARE, EVEN IF ADVISED OF THE POSSIBILITY OF SUCH DAMAGE.
    46                           ; 
    47                           ; 
    48                           ; Code-generator required, PIC16F887 Definitions
    49                           ; 
    50                           ; SFR Addresses
    51  0000                     	;# 
    52  0001                     	;# 
    53  0002                     	;# 
    54  0003                     	;# 
    55  0004                     	;# 
    56  0005                     	;# 
    57  0006                     	;# 
    58  0007                     	;# 
    59  0008                     	;# 
    60  0009                     	;# 
    61  000A                     	;# 
    62  000B                     	;# 
    63  000C                     	;# 
    64  000D                     	;# 
    65  000E                     	;# 
    66  000E                     	;# 
    67  000F                     	;# 
    68  0010                     	;# 
    69  0011                     	;# 
    70  0012                     	;# 
    71  0013                     	;# 
    72  0014                     	;# 
    73  0015                     	;# 
    74  0015                     	;# 
    75  0016                     	;# 
    76  0017                     	;# 
    77  0018                     	;# 
    78  0019                     	;# 
    79  001A                     	;# 
    80  001B                     	;# 
    81  001B                     	;# 
    82  001C                     	;# 
    83  001D                     	;# 
    84  001E                     	;# 
    85  001F                     	;# 
    86  0081                     	;# 
    87  0085                     	;# 
    88  0086                     	;# 
    89  0087                     	;# 
    90  0088                     	;# 
    91  0089                     	;# 
    92  008C                     	;# 
    93  008D                     	;# 
    94  008E                     	;# 
    95  008F                     	;# 
    96  0090                     	;# 
    97  0091                     	;# 
    98  0092                     	;# 
    99  0093                     	;# 
   100  0093                     	;# 
   101  0093                     	;# 
   102  0094                     	;# 
   103  0095                     	;# 
   104  0096                     	;# 
   105  0097                     	;# 
   106  0098                     	;# 
   107  0099                     	;# 
   108  009A                     	;# 
   109  009B                     	;# 
   110  009C                     	;# 
   111  009D                     	;# 
   112  009E                     	;# 
   113  009F                     	;# 
   114  0105                     	;# 
   115  0107                     	;# 
   116  0108                     	;# 
   117  0109                     	;# 
   118  010C                     	;# 
   119  010C                     	;# 
   120  010D                     	;# 
   121  010E                     	;# 
   122  010F                     	;# 
   123  0185                     	;# 
   124  0187                     	;# 
   125  0188                     	;# 
   126  0189                     	;# 
   127  018C                     	;# 
   128  018D                     	;# 
   129  0000                     	;# 
   130  0001                     	;# 
   131  0002                     	;# 
   132  0003                     	;# 
   133  0004                     	;# 
   134  0005                     	;# 
   135  0006                     	;# 
   136  0007                     	;# 
   137  0008                     	;# 
   138  0009                     	;# 
   139  000A                     	;# 
   140  000B                     	;# 
   141  000C                     	;# 
   142  000D                     	;# 
   143  000E                     	;# 
   144  000E                     	;# 
   145  000F                     	;# 
   146  0010                     	;# 
   147  0011                     	;# 
   148  0012                     	;# 
   149  0013                     	;# 
   150  0014                     	;# 
   151  0015                     	;# 
   152  0015                     	;# 
   153  0016                     	;# 
   154  0017                     	;# 
   155  0018                     	;# 
   156  0019                     	;# 
   157  001A                     	;# 
   158  001B                     	;# 
   159  001B                     	;# 
   160  001C                     	;# 
   161  001D                     	;# 
   162  001E                     	;# 
   163  001F                     	;# 
   164  0081                     	;# 
   165  0085                     	;# 
   166  0086                     	;# 
   167  0087                     	;# 
   168  0088                     	;# 
   169  0089                     	;# 
   170  008C                     	;# 
   171  008D                     	;# 
   172  008E                     	;# 
   173  008F                     	;# 
   174  0090                     	;# 
   175  0091                     	;# 
   176  0092                     	;# 
   177  0093                     	;# 
   178  0093                     	;# 
   179  0093                     	;# 
   180  0094                     	;# 
   181  0095                     	;# 
   182  0096                     	;# 
   183  0097                     	;# 
   184  0098                     	;# 
   185  0099                     	;# 
   186  009A                     	;# 
   187  009B                     	;# 
   188  009C                     	;# 
   189  009D                     	;# 
   190  009E                     	;# 
   191  009F                     	;# 
   192  0105                     	;# 
   193  0107                     	;# 
   194  0108                     	;# 
   195  0109                     	;# 
   196  010C                     	;# 
   197  010C                     	;# 
   198  010D                     	;# 
   199  010E                     	;# 
   200  010F                     	;# 
   201  0185                     	;# 
   202  0187                     	;# 
   203  0188                     	;# 
   204  0189                     	;# 
   205  018C                     	;# 
   206  018D                     	;# 
   207  0000                     	;# 
   208  0001                     	;# 
   209  0002                     	;# 
   210  0003                     	;# 
   211  0004                     	;# 
   212  0005                     	;# 
   213  0006                     	;# 
   214  0007                     	;# 
   215  0008                     	;# 
   216  0009                     	;# 
   217  000A                     	;# 
   218  000B                     	;# 
   219  000C                     	;# 
   220  000D                     	;# 
   221  000E                     	;# 
   222  000E                     	;# 
   223  000F                     	;# 
   224  0010                     	;# 
   225  0011                     	;# 
   226  0012                     	;# 
   227  0013                     	;# 
   228  0014                     	;# 
   229  0015                     	;# 
   230  0015                     	;# 
   231  0016                     	;# 
   232  0017                     	;# 
   233  0018                     	;# 
   234  0019                     	;# 
   235  001A                     	;# 
   236  001B                     	;# 
   237  001B                     	;# 
   238  001C                     	;# 
   239  001D                     	;# 
   240  001E                     	;# 
   241  001F                     	;# 
   242  0081                     	;# 
   243  0085                     	;# 
   244  0086                     	;# 
   245  0087                     	;# 
   246  0088                     	;# 
   247  0089                     	;# 
   248  008C                     	;# 
   249  008D                     	;# 
   250  008E                     	;# 
   251  008F                     	;# 
   252  0090                     	;# 
   253  0091                     	;# 
   254  0092                     	;# 
   255  0093                     	;# 
   256  0093                     	;# 
   257  0093                     	;# 
   258  0094                     	;# 
   259  0095                     	;# 
   260  0096                     	;# 
   261  0097                     	;# 
   262  0098                     	;# 
   263  0099                     	;# 
   264  009A                     	;# 
   265  009B                     	;# 
   266  009C                     	;# 
   267  009D                     	;# 
   268  009E                     	;# 
   269  009F                     	;# 
   270  0105                     	;# 
   271  0107                     	;# 
   272  0108                     	;# 
   273  0109                     	;# 
   274  010C                     	;# 
   275  010C                     	;# 
   276  010D                     	;# 
   277  010E                     	;# 
   278  010F                     	;# 
   279  0185                     	;# 
   280  0187                     	;# 
   281  0188                     	;# 
   282  0189                     	;# 
   283  018C                     	;# 
   284  018D                     	;# 
   285  0014                     _SSPCON	set	20
   286  0005                     _PORTA	set	5
   287  0013                     _SSPBUF	set	19
   288  0014                     _SSPCONbits	set	20
   289  000C                     _PIR1bits	set	12
   290  0006                     _PORTBbits	set	6
   291  000B                     _INTCONbits	set	11
   292  0063                     _SSPIF	set	99
   293  005E                     _PEIE	set	94
   294  005F                     _GIE	set	95
   295  0091                     _SSPCON2bits	set	145
   296  0087                     _TRISCbits	set	135
   297  0094                     _SSPSTAT	set	148
   298  0093                     _SSPADD	set	147
   299  0091                     _SSPCON2	set	145
   300  0096                     _IOCB	set	150
   301  0086                     _TRISB	set	134
   302  0085                     _TRISA	set	133
   303  0094                     _SSPSTATbits	set	148
   304  0463                     _SSPIE	set	1123
   305  043C                     _TRISC4	set	1084
   306  043B                     _TRISC3	set	1083
   307  04A0                     _BF	set	1184
   308  0189                     _ANSELH	set	393
   309  0188                     _ANSEL	set	392
   310                           
   311                           ; #config settings
   312  0000                     
   313                           	psect	cinit
   314  000F                     start_initialization:	
   315  000F                     __initialization:	
   316                           
   317                           ; Clear objects allocated to COMMON
   318  000F  01F0               	clrf	__pbssCOMMON& (0+127)
   319  0010  01F1               	clrf	(__pbssCOMMON+1)& (0+127)
   320  0011  01F2               	clrf	(__pbssCOMMON+2)& (0+127)
   321  0012  01F3               	clrf	(__pbssCOMMON+3)& (0+127)
   322  0013  01F4               	clrf	(__pbssCOMMON+4)& (0+127)
   323  0014  01F5               	clrf	(__pbssCOMMON+5)& (0+127)
   324  0015  01F6               	clrf	(__pbssCOMMON+6)& (0+127)
   325  0016  01F7               	clrf	(__pbssCOMMON+7)& (0+127)
   326                           
   327                           ; Clear objects allocated to BANK0
   328  0017  1283               	bcf	3,5	;RP0=0, select bank0
   329  0018  1303               	bcf	3,6	;RP1=0, select bank0
   330  0019  01A0               	clrf	__pbssBANK0& (0+127)
   331  001A  01A1               	clrf	(__pbssBANK0+1)& (0+127)
   332  001B                     end_of_initialization:	
   333                           ;End of C runtime variable initialization code
   334                           
   335  001B                     __end_of__initialization:	
   336  001B  0183               	clrf	3
   337  001C  120A  118A  292F   	ljmp	_main	;jump to C main() function
   338                           
   339                           	psect	bssCOMMON
   340  0070                     __pbssCOMMON:	
   341  0070                     _Decremento:	
   342  0070                     	ds	2
   343  0072                     _Aumento:	
   344  0072                     	ds	2
   345  0074                     _z:	
   346  0074                     	ds	2
   347  0076                     _VALOR:	
   348  0076                     	ds	2
   349                           
   350                           	psect	bssBANK0
   351  0020                     __pbssBANK0:	
   352  0020                     _a:	
   353  0020                     	ds	2
   354                           
   355                           	psect	cstackCOMMON
   356  0078                     __pcstackCOMMON:	
   357  0078                     ?_I2C_Slave_Init:	
   358  0078                     ?_isr:	
   359                           ; 1 bytes @ 0x0
   360                           
   361  0078                     ??_isr:	
   362                           ; 1 bytes @ 0x0
   363                           
   364  0078                     ?_SET:	
   365                           ; 1 bytes @ 0x0
   366                           
   367  0078                     ?_contador:	
   368                           ; 1 bytes @ 0x0
   369                           
   370  0078                     ?_main:	
   371                           ; 1 bytes @ 0x0
   372                           
   373                           
   374                           ; 1 bytes @ 0x0
   375  0078                     	ds	4
   376                           
   377                           	psect	cstackBANK0
   378  0022                     __pcstackBANK0:	
   379  0022                     ??_I2C_Slave_Init:	
   380  0022                     ??_contador:	
   381                           ; 1 bytes @ 0x0
   382                           
   383  0022                     I2C_Slave_Init@address:	
   384                           ; 1 bytes @ 0x0
   385                           
   386                           
   387                           ; 1 bytes @ 0x0
   388  0022                     	ds	1
   389  0023                     ??_SET:	
   390  0023                     ??_main:	
   391                           ; 1 bytes @ 0x1
   392                           
   393                           
   394                           	psect	maintext
   395  012F                     __pmaintext:	
   396                           ; 1 bytes @ 0x1
   397 ;;
   398 ;;Main: autosize = 0, tempsize = 0, incstack = 0, save=0
   399 ;;
   400 ;; *************** function _main *****************
   401 ;; Defined at:
   402 ;;		line 116 in file "Contador4bit.c"
   403 ;; Parameters:    Size  Location     Type
   404 ;;		None
   405 ;; Auto vars:     Size  Location     Type
   406 ;;		None
   407 ;; Return value:  Size  Location     Type
   408 ;;                  1    wreg      void 
   409 ;; Registers used:
   410 ;;		wreg, status,2, status,0, btemp+1, pclath, cstack
   411 ;; Tracked objects:
   412 ;;		On entry : B00/0
   413 ;;		On exit  : 0/0
   414 ;;		Unchanged: 0/0
   415 ;; Data sizes:     COMMON   BANK0   BANK1   BANK3   BANK2
   416 ;;      Params:         0       0       0       0       0
   417 ;;      Locals:         0       0       0       0       0
   418 ;;      Temps:          0       0       0       0       0
   419 ;;      Totals:         0       0       0       0       0
   420 ;;Total ram usage:        0 bytes
   421 ;; Hardware stack levels required when called:    3
   422 ;; This function calls:
   423 ;;		_SET
   424 ;;		_contador
   425 ;; This function is called by:
   426 ;;		Startup code after reset
   427 ;; This function uses a non-reentrant model
   428 ;;
   429                           
   430                           
   431                           ;psect for function _main
   432  012F                     _main:	
   433  012F                     l965:	
   434                           ;incstack = 0
   435                           ; Regs used in _main: [wreg+status,2+status,0+btemp+1+pclath+cstack]
   436                           
   437                           
   438                           ;Contador4bit.c: 117:     SET();
   439  012F  120A  118A  20F3  120A  118A  	fcall	_SET
   440  0134                     l967:	
   441                           
   442                           ;Contador4bit.c: 119:     contador();
   443  0134  120A  118A  20A9  120A  118A  	fcall	_contador
   444  0139                     l969:	
   445                           
   446                           ;Contador4bit.c: 120:     PORTA = VALOR;
   447  0139  0876               	movf	_VALOR,w
   448  013A  1283               	bcf	3,5	;RP0=0, select bank0
   449  013B  1303               	bcf	3,6	;RP1=0, select bank0
   450  013C  0085               	movwf	5	;volatile
   451  013D  2934               	goto	l967
   452  013E  120A  118A  280C   	ljmp	start
   453  0141                     __end_of_main:	
   454                           
   455                           	psect	text1
   456  00A9                     __ptext1:	
   457 ;; *************** function _contador *****************
   458 ;; Defined at:
   459 ;;		line 95 in file "Contador4bit.c"
   460 ;; Parameters:    Size  Location     Type
   461 ;;		None
   462 ;; Auto vars:     Size  Location     Type
   463 ;;		None
   464 ;; Return value:  Size  Location     Type
   465 ;;                  1    wreg      void 
   466 ;; Registers used:
   467 ;;		wreg, status,2, status,0, btemp+1
   468 ;; Tracked objects:
   469 ;;		On entry : 0/0
   470 ;;		On exit  : 0/0
   471 ;;		Unchanged: 0/0
   472 ;; Data sizes:     COMMON   BANK0   BANK1   BANK3   BANK2
   473 ;;      Params:         0       0       0       0       0
   474 ;;      Locals:         0       0       0       0       0
   475 ;;      Temps:          0       0       0       0       0
   476 ;;      Totals:         0       0       0       0       0
   477 ;;Total ram usage:        0 bytes
   478 ;; Hardware stack levels used:    1
   479 ;; Hardware stack levels required when called:    1
   480 ;; This function calls:
   481 ;;		Nothing
   482 ;; This function is called by:
   483 ;;		_main
   484 ;; This function uses a non-reentrant model
   485 ;;
   486                           
   487                           
   488                           ;psect for function _contador
   489  00A9                     _contador:	
   490  00A9                     l945:	
   491                           ;incstack = 0
   492                           ; Regs used in _contador: [wreg+status,2+status,0+btemp+1]
   493                           
   494                           
   495                           ;Contador4bit.c: 96:     if (PORTBbits.RB7 == 1 && Aumento == 1){
   496  00A9  1283               	bcf	3,5	;RP0=0, select bank0
   497  00AA  1303               	bcf	3,6	;RP1=0, select bank0
   498  00AB  1F86               	btfss	6,7	;volatile
   499  00AC  28AE               	goto	u351
   500  00AD  28AF               	goto	u350
   501  00AE                     u351:	
   502  00AE  28CE               	goto	l69
   503  00AF                     u350:	
   504  00AF                     l947:	
   505  00AF  0372               	decf	_Aumento,w
   506  00B0  0473               	iorwf	_Aumento+1,w
   507  00B1  1D03               	btfss	3,2
   508  00B2  28B4               	goto	u361
   509  00B3  28B5               	goto	u360
   510  00B4                     u361:	
   511  00B4  28CE               	goto	l69
   512  00B5                     u360:	
   513  00B5                     l949:	
   514                           
   515                           ;Contador4bit.c: 97:         if (VALOR < 15){
   516  00B5  0877               	movf	_VALOR+1,w
   517  00B6  3A80               	xorlw	128
   518  00B7  00FF               	movwf	btemp+1
   519  00B8  3080               	movlw	128
   520  00B9  027F               	subwf	btemp+1,w
   521  00BA  1D03               	skipz
   522  00BB  28BE               	goto	u375
   523  00BC  300F               	movlw	15
   524  00BD  0276               	subwf	_VALOR,w
   525  00BE                     u375:	
   526  00BE  1803               	skipnc
   527  00BF  28C1               	goto	u371
   528  00C0  28C2               	goto	u370
   529  00C1                     u371:	
   530  00C1  28C9               	goto	l953
   531  00C2                     u370:	
   532  00C2                     l951:	
   533                           
   534                           ;Contador4bit.c: 98:             VALOR++;
   535  00C2  3001               	movlw	1
   536  00C3  07F6               	addwf	_VALOR,f
   537  00C4  1803               	skipnc
   538  00C5  0AF7               	incf	_VALOR+1,f
   539  00C6  3000               	movlw	0
   540  00C7  07F7               	addwf	_VALOR+1,f
   541                           
   542                           ;Contador4bit.c: 99:         }
   543  00C8  28CB               	goto	l71
   544  00C9                     l953:	
   545                           
   546                           ;Contador4bit.c: 101:             VALOR = 0;
   547  00C9  01F6               	clrf	_VALOR
   548  00CA  01F7               	clrf	_VALOR+1
   549  00CB                     l71:	
   550                           ;Contador4bit.c: 102:         }
   551                           
   552                           
   553                           ;Contador4bit.c: 103:         Aumento = 0;
   554  00CB  01F2               	clrf	_Aumento
   555  00CC  01F3               	clrf	_Aumento+1
   556                           
   557                           ;Contador4bit.c: 104:     }
   558  00CD  28F2               	goto	l76
   559  00CE                     l69:	
   560                           ;Contador4bit.c: 105:     else if (PORTBbits.RB6 == 1 && Decremento == 1){
   561                           
   562  00CE  1F06               	btfss	6,6	;volatile
   563  00CF  28D1               	goto	u381
   564  00D0  28D2               	goto	u380
   565  00D1                     u381:	
   566  00D1  28F2               	goto	l76
   567  00D2                     u380:	
   568  00D2                     l955:	
   569  00D2  0370               	decf	_Decremento,w
   570  00D3  0471               	iorwf	_Decremento+1,w
   571  00D4  1D03               	btfss	3,2
   572  00D5  28D7               	goto	u391
   573  00D6  28D8               	goto	u390
   574  00D7                     u391:	
   575  00D7  28F2               	goto	l76
   576  00D8                     u390:	
   577  00D8                     l957:	
   578                           
   579                           ;Contador4bit.c: 106:         if (VALOR > 0){
   580  00D8  0877               	movf	_VALOR+1,w
   581  00D9  3A80               	xorlw	128
   582  00DA  00FF               	movwf	btemp+1
   583  00DB  3080               	movlw	128
   584  00DC  027F               	subwf	btemp+1,w
   585  00DD  1D03               	skipz
   586  00DE  28E1               	goto	u405
   587  00DF  3001               	movlw	1
   588  00E0  0276               	subwf	_VALOR,w
   589  00E1                     u405:	
   590  00E1  1C03               	skipc
   591  00E2  28E4               	goto	u401
   592  00E3  28E5               	goto	u400
   593  00E4                     u401:	
   594  00E4  28EC               	goto	l961
   595  00E5                     u400:	
   596  00E5                     l959:	
   597                           
   598                           ;Contador4bit.c: 107:             VALOR--;
   599  00E5  30FF               	movlw	255
   600  00E6  07F6               	addwf	_VALOR,f
   601  00E7  1803               	skipnc
   602  00E8  0AF7               	incf	_VALOR+1,f
   603  00E9  30FF               	movlw	255
   604  00EA  07F7               	addwf	_VALOR+1,f
   605                           
   606                           ;Contador4bit.c: 108:         }
   607  00EB  28F0               	goto	l963
   608  00EC                     l961:	
   609                           
   610                           ;Contador4bit.c: 110:             VALOR = 15;
   611  00EC  300F               	movlw	15
   612  00ED  00F6               	movwf	_VALOR
   613  00EE  3000               	movlw	0
   614  00EF  00F7               	movwf	_VALOR+1
   615  00F0                     l963:	
   616                           
   617                           ;Contador4bit.c: 112:         Decremento = 0;
   618  00F0  01F0               	clrf	_Decremento
   619  00F1  01F1               	clrf	_Decremento+1
   620  00F2                     l76:	
   621  00F2  0008               	return
   622  00F3                     __end_of_contador:	
   623                           
   624                           	psect	text2
   625  00F3                     __ptext2:	
   626 ;; *************** function _SET *****************
   627 ;; Defined at:
   628 ;;		line 76 in file "Contador4bit.c"
   629 ;; Parameters:    Size  Location     Type
   630 ;;		None
   631 ;; Auto vars:     Size  Location     Type
   632 ;;		None
   633 ;; Return value:  Size  Location     Type
   634 ;;                  1    wreg      void 
   635 ;; Registers used:
   636 ;;		wreg, status,2, status,0, pclath, cstack
   637 ;; Tracked objects:
   638 ;;		On entry : 0/0
   639 ;;		On exit  : 0/0
   640 ;;		Unchanged: 0/0
   641 ;; Data sizes:     COMMON   BANK0   BANK1   BANK3   BANK2
   642 ;;      Params:         0       0       0       0       0
   643 ;;      Locals:         0       0       0       0       0
   644 ;;      Temps:          0       0       0       0       0
   645 ;;      Totals:         0       0       0       0       0
   646 ;;Total ram usage:        0 bytes
   647 ;; Hardware stack levels used:    1
   648 ;; Hardware stack levels required when called:    2
   649 ;; This function calls:
   650 ;;		_I2C_Slave_Init
   651 ;; This function is called by:
   652 ;;		_main
   653 ;; This function uses a non-reentrant model
   654 ;;
   655                           
   656                           
   657                           ;psect for function _SET
   658  00F3                     _SET:	
   659  00F3                     l929:	
   660                           ;incstack = 0
   661                           ; Regs used in _SET: [wreg+status,2+status,0+pclath+cstack]
   662                           
   663                           
   664                           ;Contador4bit.c: 77:     TRISA = 0x00;
   665  00F3  1683               	bsf	3,5	;RP0=1, select bank1
   666  00F4  1303               	bcf	3,6	;RP1=0, select bank1
   667  00F5  0185               	clrf	5	;volatile
   668                           
   669                           ;Contador4bit.c: 78:     ANSEL = 0x00;
   670  00F6  1683               	bsf	3,5	;RP0=1, select bank3
   671  00F7  1703               	bsf	3,6	;RP1=1, select bank3
   672  00F8  0188               	clrf	8	;volatile
   673  00F9                     l931:	
   674                           
   675                           ;Contador4bit.c: 79:     TRISB = 0b11111111;
   676  00F9  30FF               	movlw	255
   677  00FA  1683               	bsf	3,5	;RP0=1, select bank1
   678  00FB  1303               	bcf	3,6	;RP1=0, select bank1
   679  00FC  0086               	movwf	6	;volatile
   680  00FD                     l933:	
   681                           
   682                           ;Contador4bit.c: 80:     IOCB = 0b11111111;
   683  00FD  30FF               	movlw	255
   684  00FE  0096               	movwf	22	;volatile
   685                           
   686                           ;Contador4bit.c: 81:     ANSELH = 0;
   687  00FF  1683               	bsf	3,5	;RP0=1, select bank3
   688  0100  1703               	bsf	3,6	;RP1=1, select bank3
   689  0101  0189               	clrf	9	;volatile
   690                           
   691                           ;Contador4bit.c: 83:     VALOR = 0;
   692  0102  01F6               	clrf	_VALOR
   693  0103  01F7               	clrf	_VALOR+1
   694                           
   695                           ;Contador4bit.c: 84:     Aumento = 0;
   696  0104  01F2               	clrf	_Aumento
   697  0105  01F3               	clrf	_Aumento+1
   698                           
   699                           ;Contador4bit.c: 85:     Decremento = 0;
   700  0106  01F0               	clrf	_Decremento
   701  0107  01F1               	clrf	_Decremento+1
   702  0108                     l935:	
   703                           
   704                           ;Contador4bit.c: 87:     INTCONbits.PEIE = 1;
   705  0108  170B               	bsf	11,6	;volatile
   706  0109                     l937:	
   707                           
   708                           ;Contador4bit.c: 88:     INTCONbits.RBIE = 1;
   709  0109  158B               	bsf	11,3	;volatile
   710  010A                     l939:	
   711                           
   712                           ;Contador4bit.c: 89:     INTCONbits.RBIF = 0;
   713  010A  100B               	bcf	11,0	;volatile
   714  010B                     l941:	
   715                           
   716                           ;Contador4bit.c: 90:     INTCONbits.GIE =1;
   717  010B  178B               	bsf	11,7	;volatile
   718  010C                     l943:	
   719                           
   720                           ;Contador4bit.c: 92:     I2C_Slave_Init(0x32);
   721  010C  3032               	movlw	50
   722  010D  120A  118A  2113  120A  118A  	fcall	_I2C_Slave_Init
   723  0112                     l66:	
   724  0112  0008               	return
   725  0113                     __end_of_SET:	
   726                           
   727                           	psect	text3
   728  0113                     __ptext3:	
   729 ;; *************** function _I2C_Slave_Init *****************
   730 ;; Defined at:
   731 ;;		line 53 in file "I2C.c"
   732 ;; Parameters:    Size  Location     Type
   733 ;;  address         1    wreg     unsigned char 
   734 ;; Auto vars:     Size  Location     Type
   735 ;;  address         1    0[BANK0 ] unsigned char 
   736 ;; Return value:  Size  Location     Type
   737 ;;                  1    wreg      void 
   738 ;; Registers used:
   739 ;;		wreg
   740 ;; Tracked objects:
   741 ;;		On entry : 0/0
   742 ;;		On exit  : 0/0
   743 ;;		Unchanged: 0/0
   744 ;; Data sizes:     COMMON   BANK0   BANK1   BANK3   BANK2
   745 ;;      Params:         0       0       0       0       0
   746 ;;      Locals:         0       1       0       0       0
   747 ;;      Temps:          0       0       0       0       0
   748 ;;      Totals:         0       1       0       0       0
   749 ;;Total ram usage:        1 bytes
   750 ;; Hardware stack levels used:    1
   751 ;; Hardware stack levels required when called:    1
   752 ;; This function calls:
   753 ;;		Nothing
   754 ;; This function is called by:
   755 ;;		_SET
   756 ;; This function uses a non-reentrant model
   757 ;;
   758                           
   759                           
   760                           ;psect for function _I2C_Slave_Init
   761  0113                     _I2C_Slave_Init:	
   762                           
   763                           ;incstack = 0
   764                           ; Regs used in _I2C_Slave_Init: [wreg]
   765                           ;I2C_Slave_Init@address stored from wreg
   766  0113  1283               	bcf	3,5	;RP0=0, select bank0
   767  0114  1303               	bcf	3,6	;RP1=0, select bank0
   768  0115  00A2               	movwf	I2C_Slave_Init@address
   769  0116                     l915:	
   770                           
   771                           ;I2C.c: 54:     SSPADD = address;
   772  0116  0822               	movf	I2C_Slave_Init@address,w
   773  0117  1683               	bsf	3,5	;RP0=1, select bank1
   774  0118  1303               	bcf	3,6	;RP1=0, select bank1
   775  0119  0093               	movwf	19	;volatile
   776                           
   777                           ;I2C.c: 55:     SSPCON = 0x36;
   778  011A  3036               	movlw	54
   779  011B  1283               	bcf	3,5	;RP0=0, select bank0
   780  011C  1303               	bcf	3,6	;RP1=0, select bank0
   781  011D  0094               	movwf	20	;volatile
   782                           
   783                           ;I2C.c: 56:     SSPSTAT = 0x80;
   784  011E  3080               	movlw	128
   785  011F  1683               	bsf	3,5	;RP0=1, select bank1
   786  0120  1303               	bcf	3,6	;RP1=0, select bank1
   787  0121  0094               	movwf	20	;volatile
   788                           
   789                           ;I2C.c: 57:     SSPCON2 = 0x01;
   790  0122  3001               	movlw	1
   791  0123  0091               	movwf	17	;volatile
   792  0124                     l917:	
   793                           
   794                           ;I2C.c: 58:     TRISC3 = 1;
   795  0124  1587               	bsf	7,3	;volatile
   796  0125                     l919:	
   797                           
   798                           ;I2C.c: 59:     TRISC4 = 1;
   799  0125  1607               	bsf	7,4	;volatile
   800  0126                     l921:	
   801                           
   802                           ;I2C.c: 60:     GIE = 1;
   803  0126  178B               	bsf	11,7	;volatile
   804  0127                     l923:	
   805                           
   806                           ;I2C.c: 61:     PEIE = 1;
   807  0127  170B               	bsf	11,6	;volatile
   808  0128                     l925:	
   809                           
   810                           ;I2C.c: 62:     SSPIF = 0;
   811  0128  1283               	bcf	3,5	;RP0=0, select bank0
   812  0129  1303               	bcf	3,6	;RP1=0, select bank0
   813  012A  118C               	bcf	12,3	;volatile
   814  012B                     l927:	
   815                           
   816                           ;I2C.c: 63:     SSPIE = 1;
   817  012B  1683               	bsf	3,5	;RP0=1, select bank1
   818  012C  1303               	bcf	3,6	;RP1=0, select bank1
   819  012D  158C               	bsf	12,3	;volatile
   820  012E                     l139:	
   821  012E  0008               	return
   822  012F                     __end_of_I2C_Slave_Init:	
   823                           
   824                           	psect	text4
   825  001F                     __ptext4:	
   826 ;; *************** function _isr *****************
   827 ;; Defined at:
   828 ;;		line 39 in file "Contador4bit.c"
   829 ;; Parameters:    Size  Location     Type
   830 ;;		None
   831 ;; Auto vars:     Size  Location     Type
   832 ;;		None
   833 ;; Return value:  Size  Location     Type
   834 ;;                  1    wreg      void 
   835 ;; Registers used:
   836 ;;		wreg
   837 ;; Tracked objects:
   838 ;;		On entry : 0/0
   839 ;;		On exit  : 0/0
   840 ;;		Unchanged: 0/0
   841 ;; Data sizes:     COMMON   BANK0   BANK1   BANK3   BANK2
   842 ;;      Params:         0       0       0       0       0
   843 ;;      Locals:         0       0       0       0       0
   844 ;;      Temps:          4       0       0       0       0
   845 ;;      Totals:         4       0       0       0       0
   846 ;;Total ram usage:        4 bytes
   847 ;; Hardware stack levels used:    1
   848 ;; This function calls:
   849 ;;		Nothing
   850 ;; This function is called by:
   851 ;;		Interrupt level 1
   852 ;; This function uses a non-reentrant model
   853 ;;
   854                           
   855                           
   856                           ;psect for function _isr
   857  001F                     _isr:	
   858  001F                     i1l873:	
   859                           
   860                           ;Contador4bit.c: 40:     if (INTCONbits.RBIF == 1){
   861  001F  1C0B               	btfss	11,0	;volatile
   862  0020  2822               	goto	u23_21
   863  0021  2823               	goto	u23_20
   864  0022                     u23_21:	
   865  0022  2838               	goto	i1l45
   866  0023                     u23_20:	
   867  0023                     i1l875:	
   868                           
   869                           ;Contador4bit.c: 41:         if(PORTBbits.RB7 == 0){
   870  0023  1283               	bcf	3,5	;RP0=0, select bank0
   871  0024  1303               	bcf	3,6	;RP1=0, select bank0
   872  0025  1B86               	btfsc	6,7	;volatile
   873  0026  2828               	goto	u24_21
   874  0027  2829               	goto	u24_20
   875  0028                     u24_21:	
   876  0028  282E               	goto	i1l46
   877  0029                     u24_20:	
   878  0029                     i1l877:	
   879                           
   880                           ;Contador4bit.c: 42:             Aumento = 1;
   881  0029  3001               	movlw	1
   882  002A  00F2               	movwf	_Aumento
   883  002B  3000               	movlw	0
   884  002C  00F3               	movwf	_Aumento+1
   885                           
   886                           ;Contador4bit.c: 43:         }
   887  002D  2836               	goto	i1l881
   888  002E                     i1l46:	
   889                           ;Contador4bit.c: 44:         else if (PORTBbits.RB6 == 0){
   890                           
   891  002E  1B06               	btfsc	6,6	;volatile
   892  002F  2831               	goto	u25_21
   893  0030  2832               	goto	u25_20
   894  0031                     u25_21:	
   895  0031  2836               	goto	i1l881
   896  0032                     u25_20:	
   897  0032                     i1l879:	
   898                           
   899                           ;Contador4bit.c: 45:             Decremento = 1;
   900  0032  3001               	movlw	1
   901  0033  00F0               	movwf	_Decremento
   902  0034  3000               	movlw	0
   903  0035  00F1               	movwf	_Decremento+1
   904  0036                     i1l881:	
   905                           
   906                           ;Contador4bit.c: 47:         INTCONbits.RBIF = 0;
   907  0036  100B               	bcf	11,0	;volatile
   908                           
   909                           ;Contador4bit.c: 48:     }
   910  0037  28A2               	goto	i1l63
   911  0038                     i1l45:	
   912                           ;Contador4bit.c: 49:     else if (PIR1bits.SSPIF == 1){
   913                           
   914  0038  1283               	bcf	3,5	;RP0=0, select bank0
   915  0039  1303               	bcf	3,6	;RP1=0, select bank0
   916  003A  1D8C               	btfss	12,3	;volatile
   917  003B  283D               	goto	u26_21
   918  003C  283E               	goto	u26_20
   919  003D                     u26_21:	
   920  003D  28A2               	goto	i1l63
   921  003E                     u26_20:	
   922  003E                     i1l883:	
   923                           
   924                           ;Contador4bit.c: 50:         SSPCONbits.CKP = 0;
   925  003E  1214               	bcf	20,4	;volatile
   926                           
   927                           ;Contador4bit.c: 51:         if ((SSPCONbits.SSPOV)||(SSPCONbits.WCOL)){
   928  003F  1B14               	btfsc	20,6	;volatile
   929  0040  2842               	goto	u27_21
   930  0041  2843               	goto	u27_20
   931  0042                     u27_21:	
   932  0042  2847               	goto	i1l887
   933  0043                     u27_20:	
   934  0043                     i1l885:	
   935  0043  1F94               	btfss	20,7	;volatile
   936  0044  2846               	goto	u28_21
   937  0045  2847               	goto	u28_20
   938  0046                     u28_21:	
   939  0046  2851               	goto	i1l895
   940  0047                     u28_20:	
   941  0047                     i1l887:	
   942                           
   943                           ;Contador4bit.c: 52:             z = SSPBUF;
   944  0047  0813               	movf	19,w	;volatile
   945  0048  00F8               	movwf	??_isr
   946  0049  01F9               	clrf	??_isr+1
   947  004A  0878               	movf	??_isr,w
   948  004B  00F4               	movwf	_z
   949  004C  0879               	movf	??_isr+1,w
   950  004D  00F5               	movwf	_z+1
   951  004E                     i1l889:	
   952                           
   953                           ;Contador4bit.c: 53:             SSPCONbits.SSPOV = 0;
   954  004E  1314               	bcf	20,6	;volatile
   955  004F                     i1l891:	
   956                           
   957                           ;Contador4bit.c: 54:             SSPCONbits.WCOL = 0;
   958  004F  1394               	bcf	20,7	;volatile
   959  0050                     i1l893:	
   960                           
   961                           ;Contador4bit.c: 55:             SSPCONbits.CKP = 1;
   962  0050  1614               	bsf	20,4	;volatile
   963  0051                     i1l895:	
   964                           
   965                           ;Contador4bit.c: 57:         if(!SSPSTATbits.D_nA && !SSPSTATbits.R_nW) {
   966  0051  1683               	bsf	3,5	;RP0=1, select bank1
   967  0052  1303               	bcf	3,6	;RP1=0, select bank1
   968  0053  1A94               	btfsc	20,5	;volatile
   969  0054  2856               	goto	u29_21
   970  0055  2857               	goto	u29_20
   971  0056                     u29_21:	
   972  0056  287B               	goto	i1l54
   973  0057                     u29_20:	
   974  0057                     i1l897:	
   975  0057  1914               	btfsc	20,2	;volatile
   976  0058  285A               	goto	u30_21
   977  0059  285B               	goto	u30_20
   978  005A                     u30_21:	
   979  005A  287B               	goto	i1l54
   980  005B                     u30_20:	
   981  005B                     i1l899:	
   982                           
   983                           ;Contador4bit.c: 58:             z = SSPBUF;
   984  005B  1283               	bcf	3,5	;RP0=0, select bank0
   985  005C  1303               	bcf	3,6	;RP1=0, select bank0
   986  005D  0813               	movf	19,w	;volatile
   987  005E  00F8               	movwf	??_isr
   988  005F  01F9               	clrf	??_isr+1
   989  0060  0878               	movf	??_isr,w
   990  0061  00F4               	movwf	_z
   991  0062  0879               	movf	??_isr+1,w
   992  0063  00F5               	movwf	_z+1
   993  0064                     i1l901:	
   994                           
   995                           ;Contador4bit.c: 59:             PIR1bits.SSPIF = 0;
   996  0064  118C               	bcf	12,3	;volatile
   997  0065                     i1l903:	
   998                           
   999                           ;Contador4bit.c: 60:             SSPCONbits.CKP = 1;
  1000  0065  1614               	bsf	20,4	;volatile
  1001  0066                     i1l55:	
  1002                           ;Contador4bit.c: 61:             while(!SSPSTATbits.BF);
  1003                           
  1004  0066  1683               	bsf	3,5	;RP0=1, select bank1
  1005  0067  1303               	bcf	3,6	;RP1=0, select bank1
  1006  0068  1C14               	btfss	20,0	;volatile
  1007  0069  286B               	goto	u31_21
  1008  006A  286C               	goto	u31_20
  1009  006B                     u31_21:	
  1010  006B  2866               	goto	i1l55
  1011  006C                     u31_20:	
  1012  006C                     i1l905:	
  1013                           
  1014                           ;Contador4bit.c: 62:             a = SSPBUF;
  1015  006C  1283               	bcf	3,5	;RP0=0, select bank0
  1016  006D  1303               	bcf	3,6	;RP1=0, select bank0
  1017  006E  0813               	movf	19,w	;volatile
  1018  006F  00F8               	movwf	??_isr
  1019  0070  01F9               	clrf	??_isr+1
  1020  0071  0878               	movf	??_isr,w
  1021  0072  00A0               	movwf	_a
  1022  0073  0879               	movf	??_isr+1,w
  1023  0074  00A1               	movwf	_a+1
  1024                           
  1025                           ;Contador4bit.c: 63:             _delay((unsigned long)((250)*(8000000/4000000.0)));
  1026  0075  30A6               	movlw	166
  1027  0076  00F8               	movwf	??_isr
  1028  0077                     u41_27:	
  1029  0077  0BF8               	decfsz	??_isr,f
  1030  0078  2877               	goto	u41_27
  1031  0079  0000               	nop
  1032                           
  1033                           ;Contador4bit.c: 64:         }else if(!SSPSTATbits.D_nA && SSPSTATbits.R_nW){
  1034  007A  289F               	goto	i1l58
  1035  007B                     i1l54:	
  1036  007B  1A94               	btfsc	20,5	;volatile
  1037  007C  287E               	goto	u32_21
  1038  007D  287F               	goto	u32_20
  1039  007E                     u32_21:	
  1040  007E  289F               	goto	i1l58
  1041  007F                     u32_20:	
  1042  007F                     i1l907:	
  1043  007F  1D14               	btfss	20,2	;volatile
  1044  0080  2882               	goto	u33_21
  1045  0081  2883               	goto	u33_20
  1046  0082                     u33_21:	
  1047  0082  289F               	goto	i1l58
  1048  0083                     u33_20:	
  1049  0083                     i1l909:	
  1050                           
  1051                           ;Contador4bit.c: 65:             z = SSPBUF;
  1052  0083  1283               	bcf	3,5	;RP0=0, select bank0
  1053  0084  1303               	bcf	3,6	;RP1=0, select bank0
  1054  0085  0813               	movf	19,w	;volatile
  1055  0086  00F8               	movwf	??_isr
  1056  0087  01F9               	clrf	??_isr+1
  1057  0088  0878               	movf	??_isr,w
  1058  0089  00F4               	movwf	_z
  1059  008A  0879               	movf	??_isr+1,w
  1060  008B  00F5               	movwf	_z+1
  1061  008C                     i1l911:	
  1062                           
  1063                           ;Contador4bit.c: 66:             BF = 0;
  1064  008C  1683               	bsf	3,5	;RP0=1, select bank1
  1065  008D  1303               	bcf	3,6	;RP1=0, select bank1
  1066  008E  1014               	bcf	20,0	;volatile
  1067                           
  1068                           ;Contador4bit.c: 67:             SSPBUF = VALOR;
  1069  008F  0876               	movf	_VALOR,w
  1070  0090  1283               	bcf	3,5	;RP0=0, select bank0
  1071  0091  1303               	bcf	3,6	;RP1=0, select bank0
  1072  0092  0093               	movwf	19	;volatile
  1073  0093                     i1l913:	
  1074                           
  1075                           ;Contador4bit.c: 68:             SSPCONbits.CKP = 1;
  1076  0093  1614               	bsf	20,4	;volatile
  1077                           
  1078                           ;Contador4bit.c: 69:             _delay((unsigned long)((250)*(8000000/4000000.0)));
  1079  0094  30A6               	movlw	166
  1080  0095  00F8               	movwf	??_isr
  1081  0096                     u42_27:	
  1082  0096  0BF8               	decfsz	??_isr,f
  1083  0097  2896               	goto	u42_27
  1084  0098  0000               	nop
  1085  0099                     i1l60:	
  1086                           ;Contador4bit.c: 70:             while(SSPSTATbits.BF);
  1087                           
  1088  0099  1683               	bsf	3,5	;RP0=1, select bank1
  1089  009A  1303               	bcf	3,6	;RP1=0, select bank1
  1090  009B  1814               	btfsc	20,0	;volatile
  1091  009C  289E               	goto	u34_21
  1092  009D  289F               	goto	u34_20
  1093  009E                     u34_21:	
  1094  009E  2899               	goto	i1l60
  1095  009F                     u34_20:	
  1096  009F                     i1l58:	
  1097                           
  1098                           ;Contador4bit.c: 72:         PIR1bits.SSPIF = 0;
  1099  009F  1283               	bcf	3,5	;RP0=0, select bank0
  1100  00A0  1303               	bcf	3,6	;RP1=0, select bank0
  1101  00A1  118C               	bcf	12,3	;volatile
  1102  00A2                     i1l63:	
  1103  00A2  087B               	movf	??_isr+3,w
  1104  00A3  008A               	movwf	10
  1105  00A4  0E7A               	swapf	(??_isr+2)^(0+4294967168),w
  1106  00A5  0083               	movwf	3
  1107  00A6  0EFE               	swapf	btemp,f
  1108  00A7  0E7E               	swapf	btemp,w
  1109  00A8  0009               	retfie
  1110  00A9                     __end_of_isr:	
  1111  007E                     btemp	set	126	;btemp
  1112  007E                     wtemp0	set	126
  1113                           
  1114                           	psect	intentry
  1115  0004                     __pintentry:	
  1116                           ;incstack = 0
  1117                           ; Regs used in _isr: [wreg]
  1118                           
  1119  0004                     interrupt_function:	
  1120  007E                     saved_w	set	btemp
  1121  0004  00FE               	movwf	btemp
  1122  0005  0E03               	swapf	3,w
  1123  0006  00FA               	movwf	??_isr+2
  1124  0007  080A               	movf	10,w
  1125  0008  00FB               	movwf	??_isr+3
  1126  0009  120A  118A  281F   	ljmp	_isr


Data Sizes:
    Strings     0
    Constant    0
    Data        0
    BSS         10
    Persistent  0
    Stack       0

Auto Spaces:
    Space          Size  Autos    Used
    COMMON           14      4      12
    BANK0            80      1       3
    BANK1            80      0       0
    BANK3            96      0       0
    BANK2            96      0       0

Pointer List with Targets:

    None.

Critical Paths under _main in COMMON

    None.

Critical Paths under _isr in COMMON

    None.

Critical Paths under _main in BANK0

    _SET->_I2C_Slave_Init

Critical Paths under _isr in BANK0

    None.

Critical Paths under _main in BANK1

    None.

Critical Paths under _isr in BANK1

    None.

Critical Paths under _main in BANK3

    None.

Critical Paths under _isr in BANK3

    None.

Critical Paths under _main in BANK2

    None.

Critical Paths under _isr in BANK2

    None.

Call Graph Tables:

 ---------------------------------------------------------------------------------
 (Depth) Function   	        Calls       Base Space   Used Autos Params    Refs
 ---------------------------------------------------------------------------------
 (0) _main                                                 0     0      0      22
                                _SET
                           _contador
 ---------------------------------------------------------------------------------
 (1) _contador                                             0     0      0       0
 ---------------------------------------------------------------------------------
 (1) _SET                                                  0     0      0      22
                     _I2C_Slave_Init
 ---------------------------------------------------------------------------------
 (2) _I2C_Slave_Init                                       1     1      0      22
                                              0 BANK0      1     1      0
 ---------------------------------------------------------------------------------
 Estimated maximum stack depth 2
 ---------------------------------------------------------------------------------
 (Depth) Function   	        Calls       Base Space   Used Autos Params    Refs
 ---------------------------------------------------------------------------------
 (3) _isr                                                  4     4      0       0
                                              0 COMMON     4     4      0
 ---------------------------------------------------------------------------------
 Estimated maximum stack depth 3
 ---------------------------------------------------------------------------------

 Call Graph Graphs:

 _main (ROOT)
   _SET
     _I2C_Slave_Init
   _contador

 _isr (ROOT)

 Address spaces:
Name               Size   Autos  Total    Cost      Usage
BITCOMMON            E      0       0       0        0.0%
EEDATA             100      0       0       0        0.0%
NULL                 0      0       0       0        0.0%
CODE                 0      0       0       0        0.0%
COMMON               E      4       C       1       85.7%
BITSFR0              0      0       0       1        0.0%
SFR0                 0      0       0       1        0.0%
BITSFR1              0      0       0       2        0.0%
SFR1                 0      0       0       2        0.0%
STACK                0      0       0       2        0.0%
ABS                  0      0       F       3        0.0%
BITBANK0            50      0       0       4        0.0%
BITSFR3              0      0       0       4        0.0%
SFR3                 0      0       0       4        0.0%
BANK0               50      1       3       5        3.8%
BITSFR2              0      0       0       5        0.0%
SFR2                 0      0       0       5        0.0%
BITBANK1            50      0       0       6        0.0%
BANK1               50      0       0       7        0.0%
BITBANK3            60      0       0       8        0.0%
BANK3               60      0       0       9        0.0%
BITBANK2            60      0       0      10        0.0%
BANK2               60      0       0      11        0.0%
DATA                 0      0       F      12        0.0%


Microchip Technology PIC Macro Assembler V2.10 build 88905656 
Symbol Table                                                                                   Sun May 10 19:48:08 2020

                      _a 0020                        _z 0074              __CFG_CP$OFF 0000  
            _SSPSTATbits 0094                       _BF 04A0                       l71 00CB  
                     l66 0112                       l76 00F2                       l69 00CE  
                    l139 012E                      l921 0126                      l923 0127  
                    l915 0116                      l931 00F9                      l925 0128  
                    l917 0124                      l941 010B                      l933 00FD  
                    l927 012B                      l919 0125                      l943 010C  
                    l935 0108                      l951 00C2                      l937 0109  
                    l929 00F3                      l961 00EC                      l953 00C9  
                    l945 00A9                      l939 010A                      l963 00F0  
                    l955 00D2                      l947 00AF                      l957 00D8  
                    l949 00B5                      l965 012F                      l959 00E5  
                    l967 0134                      l969 0139                      _GIE 005F  
                    u400 00E5                      u401 00E4                      u405 00E1  
                    u350 00AF                      u351 00AE                      u360 00B5  
                    u361 00B4                      u370 00C2             __CFG_CPD$OFF 0000  
                    u371 00C1                      u380 00D2                      u381 00D1  
                    u390 00D8                      u391 00D7                      u375 00BE  
                    _SET 00F3                      _isr 001F             __CFG_LVP$OFF 0000  
                   ?_SET 0078                     ?_isr 0078                     _IOCB 0096  
                   _PEIE 005E                     i1l60 0099                     i1l45 0038  
                   i1l54 007B                     i1l46 002E                     i1l55 0066  
                   i1l63 00A2                     i1l58 009F             __CFG_WRT$OFF 0000  
             _Decremento 0070                     _main 012F                     btemp 007E  
          __CFG_BOREN$ON 0000                     start 000C            __CFG_IESO$OFF 0000  
          __CFG_MCLRE$ON 0000                    ??_SET 0023                    ??_isr 0078  
                  ?_main 0078            __CFG_WDTE$OFF 0000                    _ANSEL 0188  
                  i1l901 0064                    i1l911 008C                    i1l903 0065  
                  i1l913 0093                    i1l905 006C                    i1l907 007F  
                  i1l909 0083                    i1l881 0036                    i1l873 001F  
                  i1l891 004F                    i1l883 003E                    i1l875 0023  
                  i1l893 0050                    i1l885 0043                    i1l877 0029  
                  i1l895 0051                    i1l887 0047                    i1l879 0032  
                  i1l897 0057                    i1l889 004E                    i1l899 005B  
                  u30_20 005B                    u30_21 005A                    u31_20 006C  
                  u23_20 0023                    _VALOR 0076                    u31_21 006B  
                  u23_21 0022                    u32_20 007F                    u24_20 0029  
                  u32_21 007E                    u24_21 0028                    u33_20 0083  
                  u25_20 0032                    u33_21 0082                    u25_21 0031  
                  u41_27 0077                    u34_20 009F                    u26_20 003E  
                  u34_21 009E                    u26_21 003D                    u42_27 0096  
                  u27_20 0043                    u27_21 0042                    _PORTA 0005  
                  u28_20 0047                    u28_21 0046                    u29_20 0057  
                  u29_21 0056                    _TRISA 0085                    _TRISB 0086  
                  _SSPIE 0463                    _SSPIF 0063           __CFG_FCMEN$OFF 0000  
                  pclath 000A                    status 0003                    wtemp0 007E  
        __initialization 000F             __end_of_main 0141                   ??_main 0023  
                 _ANSELH 0189                   _SSPADD 0093                   _TRISC3 043B  
                 _TRISC4 043C                   _SSPBUF 0013                   _SSPCON 0014  
         __CFG_PWRTE$OFF 0000         __end_of_contador 00F3                   saved_w 007E  
__end_of__initialization 001B           __pcstackCOMMON 0078  __size_of_I2C_Slave_Init 001C  
  I2C_Slave_Init@address 0022               __pbssBANK0 0020               __pmaintext 012F  
             __pintentry 0004                  _SSPCON2 0091                  _SSPSTAT 0094  
              ?_contador 0078                  _Aumento 0072                  __ptext1 00A9  
                __ptext2 00F3                  __ptext3 0113                  __ptext4 001F  
           __size_of_SET 0020             __size_of_isr 008A     end_of_initialization 001B  
             ??_contador 0022           _I2C_Slave_Init 0113                _PORTBbits 0006  
              _TRISCbits 0087   __end_of_I2C_Slave_Init 012F      start_initialization 000F  
            __end_of_SET 0113              __end_of_isr 00A9          ?_I2C_Slave_Init 0078  
            __pbssCOMMON 0070                ___latbits 0002            __pcstackBANK0 0022  
 __CFG_FOSC$INTRC_CLKOUT 0000        __size_of_contador 004A        interrupt_function 0004  
               _PIR1bits 000C        __CFG_BOR4V$BOR40V 0000                 _contador 00A9  
       ??_I2C_Slave_Init 0022            __size_of_main 0012               _INTCONbits 000B  
               intlevel1 0000              _SSPCON2bits 0091               _SSPCONbits 0014  
